CRITICAL - 2021-11-19 01:18:11 --> Undefined variable: id_ujian
#0 /var/www/app/app/Controllers/Management.php(212): CodeIgniter\Debug\Exceptions->errorHandler(8, 'Undefined varia...', '/var/www/app/ap...', 212, Array)
#1 [internal function]: App\Controllers\Management->App\Controllers\{closure}(NULL, Object(stdClass))
#2 /var/www/app/app/Libraries/GroceryCrud.php(1744): call_user_func(Object(Closure), NULL, Object(stdClass))
#3 /var/www/app/app/Libraries/GroceryCrud.php(1504): App\Libraries\grocery_CRUD_Layout->change_list(Array, Array)
#4 /var/www/app/app/Libraries/GroceryCrud.php(4496): App\Libraries\grocery_CRUD_Layout->showList(false, Object(stdClass))
#5 /var/www/app/app/Controllers/Management.php(220): App\Libraries\GroceryCrud->render()
#6 /var/www/app/system/CodeIgniter.php(802): App\Controllers\Management->kelola_pertanyaan_ujian('5')
#7 /var/www/app/system/CodeIgniter.php(399): CodeIgniter\CodeIgniter->runController(Object(App\Controllers\Management))
#8 /var/www/app/system/CodeIgniter.php(317): CodeIgniter\CodeIgniter->handleRequest(NULL, Object(Config\Cache), false)
#9 /var/www/app/public/index.php(37): CodeIgniter\CodeIgniter->run()
#10 {main}
CRITICAL - 2021-11-19 01:19:27 --> Array to string conversion
#0 /var/www/app/app/Controllers/Management.php(235): CodeIgniter\Debug\Exceptions->errorHandler(8, 'Array to string...', '/var/www/app/ap...', 235, Array)
#1 /var/www/app/system/CodeIgniter.php(802): App\Controllers\Management->update_ujian_pertanyaan_test()
#2 /var/www/app/system/CodeIgniter.php(399): CodeIgniter\CodeIgniter->runController(Object(App\Controllers\Management))
#3 /var/www/app/system/CodeIgniter.php(317): CodeIgniter\CodeIgniter->handleRequest(NULL, Object(Config\Cache), false)
#4 /var/www/app/public/index.php(37): CodeIgniter\CodeIgniter->run()
#5 {main}
CRITICAL - 2021-11-19 07:39:35 --> Undefined variable: user
#0 /var/www/app/app/Views/management/header.php(469): CodeIgniter\Debug\Exceptions->errorHandler(8, 'Undefined varia...', '/var/www/app/ap...', 469, Array)
#1 /var/www/app/system/View/View.php(214): include('/var/www/app/ap...')
#2 /var/www/app/system/View/View.php(217): CodeIgniter\View\View->CodeIgniter\View\{closure}()
#3 /var/www/app/system/Common.php(1092): CodeIgniter\View\View->render('management/head...', Array, true)
#4 /var/www/app/app/Views/participant/persiapan_ujian.php(93): view('management/head...')
#5 /var/www/app/system/View/View.php(214): include('/var/www/app/ap...')
#6 /var/www/app/system/View/View.php(217): CodeIgniter\View\View->CodeIgniter\View\{closure}()
#7 /var/www/app/system/Common.php(1092): CodeIgniter\View\View->render('participant/per...', Array, true)
#8 /var/www/app/app/Controllers/Participant.php(17): view('participant/per...')
#9 /var/www/app/system/CodeIgniter.php(802): App\Controllers\Participant->persiapan_ujian('4')
#10 /var/www/app/system/CodeIgniter.php(399): CodeIgniter\CodeIgniter->runController(Object(App\Controllers\Participant))
#11 /var/www/app/system/CodeIgniter.php(317): CodeIgniter\CodeIgniter->handleRequest(NULL, Object(Config\Cache), false)
#12 /var/www/app/public/index.php(37): CodeIgniter\CodeIgniter->run()
#13 {main}
ERROR - 2021-11-19 07:45:51 --> Unknown column 'u.ujian' in 'where clause'
CRITICAL - 2021-11-19 07:45:52 --> Unknown column 'u.ujian' in 'where clause'
#0 /var/www/app/system/Database/MySQLi/Connection.php(280): mysqli->query('SELECT * from u...')
#1 /var/www/app/system/Database/BaseConnection.php(663): CodeIgniter\Database\MySQLi\Connection->execute('SELECT * from u...')
#2 /var/www/app/system/Database/BaseConnection.php(591): CodeIgniter\Database\BaseConnection->simpleQuery('SELECT * from u...')
#3 /var/www/app/app/Controllers/Participant.php(19): CodeIgniter\Database\BaseConnection->query('SELECT * from u...')
#4 /var/www/app/system/CodeIgniter.php(802): App\Controllers\Participant->persiapan_ujian('4')
#5 /var/www/app/system/CodeIgniter.php(399): CodeIgniter\CodeIgniter->runController(Object(App\Controllers\Participant))
#6 /var/www/app/system/CodeIgniter.php(317): CodeIgniter\CodeIgniter->handleRequest(NULL, Object(Config\Cache), false)
#7 /var/www/app/public/index.php(37): CodeIgniter\CodeIgniter->run()
#8 {main}
CRITICAL - 2021-11-19 12:40:49 --> Trying to get property 'id' of non-object
#0 /var/www/app/app/Controllers/Participant.php(82): CodeIgniter\Debug\Exceptions->errorHandler(8, 'Trying to get p...', '/var/www/app/ap...', 82, Array)
#1 /var/www/app/app/Controllers/Participant.php(42): App\Controllers\Participant->getIdPesertaByIdUser()
#2 /var/www/app/system/CodeIgniter.php(802): App\Controllers\Participant->ujian('5')
#3 /var/www/app/system/CodeIgniter.php(399): CodeIgniter\CodeIgniter->runController(Object(App\Controllers\Participant))
#4 /var/www/app/system/CodeIgniter.php(317): CodeIgniter\CodeIgniter->handleRequest(NULL, Object(Config\Cache), false)
#5 /var/www/app/public/index.php(37): CodeIgniter\CodeIgniter->run()
#6 {main}
CRITICAL - 2021-11-19 13:29:15 --> Object of class CodeIgniter\Database\MySQLi\Result could not be converted to int
#0 /var/www/app/app/Controllers/Participant.php(55): CodeIgniter\Debug\Exceptions->errorHandler(8, 'Object of class...', '/var/www/app/ap...', 55, Array)
#1 /var/www/app/system/CodeIgniter.php(802): App\Controllers\Participant->ujian('5')
#2 /var/www/app/system/CodeIgniter.php(399): CodeIgniter\CodeIgniter->runController(Object(App\Controllers\Participant))
#3 /var/www/app/system/CodeIgniter.php(317): CodeIgniter\CodeIgniter->handleRequest(NULL, Object(Config\Cache), false)
#4 /var/www/app/public/index.php(37): CodeIgniter\CodeIgniter->run()
#5 {main}
CRITICAL - 2021-11-19 13:48:27 --> Undefined property: stdClass::$huruf_jawaban
#0 /var/www/app/app/Views/participant/user_without_grocery.php(135): CodeIgniter\Debug\Exceptions->errorHandler(8, 'Undefined prope...', '/var/www/app/ap...', 135, Array)
#1 /var/www/app/system/View/View.php(214): include('/var/www/app/ap...')
#2 /var/www/app/system/View/View.php(217): CodeIgniter\View\View->CodeIgniter\View\{closure}()
#3 /var/www/app/system/Common.php(1092): CodeIgniter\View\View->render('participant/use...', Array, true)
#4 /var/www/app/app/Controllers/Participant.php(252): view('participant/use...', Array)
#5 /var/www/app/system/CodeIgniter.php(802): App\Controllers\Participant->hasil_ujian('5')
#6 /var/www/app/system/CodeIgniter.php(399): CodeIgniter\CodeIgniter->runController(Object(App\Controllers\Participant))
#7 /var/www/app/system/CodeIgniter.php(317): CodeIgniter\CodeIgniter->handleRequest(NULL, Object(Config\Cache), false)
#8 /var/www/app/public/index.php(37): CodeIgniter\CodeIgniter->run()
#9 {main}
CRITICAL - 2021-11-19 13:50:37 --> Undefined property: stdClass::$huruf_jawaban
#0 /var/www/app/app/Views/participant/user_without_grocery.php(135): CodeIgniter\Debug\Exceptions->errorHandler(8, 'Undefined prope...', '/var/www/app/ap...', 135, Array)
#1 /var/www/app/system/View/View.php(214): include('/var/www/app/ap...')
#2 /var/www/app/system/View/View.php(217): CodeIgniter\View\View->CodeIgniter\View\{closure}()
#3 /var/www/app/system/Common.php(1092): CodeIgniter\View\View->render('participant/use...', Array, true)
#4 /var/www/app/app/Controllers/Participant.php(253): view('participant/use...', Array)
#5 /var/www/app/system/CodeIgniter.php(802): App\Controllers\Participant->hasil_ujian('5')
#6 /var/www/app/system/CodeIgniter.php(399): CodeIgniter\CodeIgniter->runController(Object(App\Controllers\Participant))
#7 /var/www/app/system/CodeIgniter.php(317): CodeIgniter\CodeIgniter->handleRequest(NULL, Object(Config\Cache), false)
#8 /var/www/app/public/index.php(37): CodeIgniter\CodeIgniter->run()
#9 {main}
CRITICAL - 2021-11-19 13:51:24 --> Undefined property: stdClass::$nilai_jawaban
#0 /var/www/app/app/Views/participant/user_without_grocery.php(136): CodeIgniter\Debug\Exceptions->errorHandler(8, 'Undefined prope...', '/var/www/app/ap...', 136, Array)
#1 /var/www/app/system/View/View.php(214): include('/var/www/app/ap...')
#2 /var/www/app/system/View/View.php(217): CodeIgniter\View\View->CodeIgniter\View\{closure}()
#3 /var/www/app/system/Common.php(1092): CodeIgniter\View\View->render('participant/use...', Array, true)
#4 /var/www/app/app/Controllers/Participant.php(253): view('participant/use...', Array)
#5 /var/www/app/system/CodeIgniter.php(802): App\Controllers\Participant->hasil_ujian('5')
#6 /var/www/app/system/CodeIgniter.php(399): CodeIgniter\CodeIgniter->runController(Object(App\Controllers\Participant))
#7 /var/www/app/system/CodeIgniter.php(317): CodeIgniter\CodeIgniter->handleRequest(NULL, Object(Config\Cache), false)
#8 /var/www/app/public/index.php(37): CodeIgniter\CodeIgniter->run()
#9 {main}
CRITICAL - 2021-11-19 13:52:53 --> Undefined variable: table_data
#0 /var/www/app/app/Controllers/Participant.php(252): CodeIgniter\Debug\Exceptions->errorHandler(8, 'Undefined varia...', '/var/www/app/ap...', 252, Array)
#1 /var/www/app/system/CodeIgniter.php(802): App\Controllers\Participant->hasil_ujian('5')
#2 /var/www/app/system/CodeIgniter.php(399): CodeIgniter\CodeIgniter->runController(Object(App\Controllers\Participant))
#3 /var/www/app/system/CodeIgniter.php(317): CodeIgniter\CodeIgniter->handleRequest(NULL, Object(Config\Cache), false)
#4 /var/www/app/public/index.php(37): CodeIgniter\CodeIgniter->run()
#5 {main}
CRITICAL - 2021-11-19 14:07:34 --> Too few arguments to function App\Controllers\Participant::persiapan_ujian(), 0 passed in /var/www/app/system/CodeIgniter.php on line 802 and exactly 1 expected
#0 /var/www/app/system/CodeIgniter.php(802): App\Controllers\Participant->persiapan_ujian()
#1 /var/www/app/system/CodeIgniter.php(399): CodeIgniter\CodeIgniter->runController(Object(App\Controllers\Participant))
#2 /var/www/app/system/CodeIgniter.php(317): CodeIgniter\CodeIgniter->handleRequest(NULL, Object(Config\Cache), false)
#3 /var/www/app/public/index.php(37): CodeIgniter\CodeIgniter->run()
#4 {main}
CRITICAL - 2021-11-19 14:08:23 --> Too few arguments to function App\Controllers\Participant::persiapan_ujian(), 0 passed in /var/www/app/system/CodeIgniter.php on line 802 and exactly 1 expected
#0 /var/www/app/system/CodeIgniter.php(802): App\Controllers\Participant->persiapan_ujian()
#1 /var/www/app/system/CodeIgniter.php(399): CodeIgniter\CodeIgniter->runController(Object(App\Controllers\Participant))
#2 /var/www/app/system/CodeIgniter.php(317): CodeIgniter\CodeIgniter->handleRequest(NULL, Object(Config\Cache), false)
#3 /var/www/app/public/index.php(37): CodeIgniter\CodeIgniter->run()
#4 {main}
CRITICAL - 2021-11-19 15:12:56 --> Undefined property: stdClass::$nilai_jawaban
#0 /var/www/app/app/Controllers/Management.php(1294): CodeIgniter\Debug\Exceptions->errorHandler(8, 'Undefined prope...', '/var/www/app/ap...', 1294, Array)
#1 /var/www/app/app/Controllers/Management.php(678): App\Controllers\Management->hitung_hasil_pribadi('6', 6, '5')
#2 /var/www/app/system/CodeIgniter.php(802): App\Controllers\Management->hitung_hasil_test('6')
#3 /var/www/app/system/CodeIgniter.php(399): CodeIgniter\CodeIgniter->runController(Object(App\Controllers\Management))
#4 /var/www/app/system/CodeIgniter.php(317): CodeIgniter\CodeIgniter->handleRequest(NULL, Object(Config\Cache), false)
#5 /var/www/app/public/index.php(37): CodeIgniter\CodeIgniter->run()
#6 {main}
ERROR - 2021-11-19 15:13:33 --> You have an error in your SQL syntax; check the manual that corresponds to your MariaDB server version for the right syntax to use near '')' at line 2
CRITICAL - 2021-11-19 15:13:33 --> You have an error in your SQL syntax; check the manual that corresponds to your MariaDB server version for the right syntax to use near '')' at line 2
#0 /var/www/app/system/Database/MySQLi/Connection.php(280): mysqli->query('INSERT into has...')
#1 /var/www/app/system/Database/BaseConnection.php(663): CodeIgniter\Database\MySQLi\Connection->execute('INSERT into has...')
#2 /var/www/app/system/Database/BaseConnection.php(591): CodeIgniter\Database\BaseConnection->simpleQuery('INSERT into has...')
#3 /var/www/app/app/Controllers/Management.php(1526): CodeIgniter\Database\BaseConnection->query('INSERT into has...')
#4 /var/www/app/app/Controllers/Management.php(682): App\Controllers\Management->hitung_hasil_cermat('6', 7, '5')
#5 /var/www/app/system/CodeIgniter.php(802): App\Controllers\Management->hitung_hasil_test('6')
#6 /var/www/app/system/CodeIgniter.php(399): CodeIgniter\CodeIgniter->runController(Object(App\Controllers\Management))
#7 /var/www/app/system/CodeIgniter.php(317): CodeIgniter\CodeIgniter->handleRequest(NULL, Object(Config\Cache), false)
#8 /var/www/app/public/index.php(37): CodeIgniter\CodeIgniter->run()
#9 {main}
CRITICAL - 2021-11-19 15:14:39 --> bcdiv(): Division by zero
#0 [internal function]: CodeIgniter\Debug\Exceptions->errorHandler(2, 'bcdiv(): Divisi...', '/var/www/app/ap...', 752, Array)
#1 /var/www/app/app/Controllers/Management.php(752): bcdiv('0', '0', 18)
#2 /var/www/app/app/Controllers/Management.php(818): App\Controllers\Management->std_deviation(Array)
#3 /var/www/app/app/Controllers/Management.php(685): App\Controllers\Management->setnormastdmeancerdas('6')
#4 /var/www/app/system/CodeIgniter.php(802): App\Controllers\Management->hitung_hasil_test('6')
#5 /var/www/app/system/CodeIgniter.php(399): CodeIgniter\CodeIgniter->runController(Object(App\Controllers\Management))
#6 /var/www/app/system/CodeIgniter.php(317): CodeIgniter\CodeIgniter->handleRequest(NULL, Object(Config\Cache), false)
#7 /var/www/app/public/index.php(37): CodeIgniter\CodeIgniter->run()
#8 {main}
ERROR - 2021-11-19 15:30:07 --> Column count doesn't match value count at row 1
CRITICAL - 2021-11-19 15:30:08 --> Column count doesn't match value count at row 1
#0 /var/www/app/system/Database/MySQLi/Connection.php(280): mysqli->query('INSERT into has...')
#1 /var/www/app/system/Database/BaseConnection.php(663): CodeIgniter\Database\MySQLi\Connection->execute('INSERT into has...')
#2 /var/www/app/system/Database/BaseConnection.php(591): CodeIgniter\Database\BaseConnection->simpleQuery('INSERT into has...')
#3 /var/www/app/app/Controllers/Management.php(1528): CodeIgniter\Database\BaseConnection->query('INSERT into has...')
#4 /var/www/app/app/Controllers/Management.php(682): App\Controllers\Management->hitung_hasil_cermat('6', 7, '5')
#5 /var/www/app/system/CodeIgniter.php(802): App\Controllers\Management->hitung_hasil_test('6')
#6 /var/www/app/system/CodeIgniter.php(399): CodeIgniter\CodeIgniter->runController(Object(App\Controllers\Management))
#7 /var/www/app/system/CodeIgniter.php(317): CodeIgniter\CodeIgniter->handleRequest(NULL, Object(Config\Cache), false)
#8 /var/www/app/public/index.php(37): CodeIgniter\CodeIgniter->run()
#9 {main}
CRITICAL - 2021-11-19 15:32:17 --> bcdiv(): Division by zero
#0 [internal function]: CodeIgniter\Debug\Exceptions->errorHandler(2, 'bcdiv(): Divisi...', '/var/www/app/ap...', 752, Array)
#1 /var/www/app/app/Controllers/Management.php(752): bcdiv('0', '0', 18)
#2 /var/www/app/app/Controllers/Management.php(818): App\Controllers\Management->std_deviation(Array)
#3 /var/www/app/app/Controllers/Management.php(685): App\Controllers\Management->setnormastdmeancerdas('6')
#4 /var/www/app/system/CodeIgniter.php(802): App\Controllers\Management->hitung_hasil_test('6')
#5 /var/www/app/system/CodeIgniter.php(399): CodeIgniter\CodeIgniter->runController(Object(App\Controllers\Management))
#6 /var/www/app/system/CodeIgniter.php(317): CodeIgniter\CodeIgniter->handleRequest(NULL, Object(Config\Cache), false)
#7 /var/www/app/public/index.php(37): CodeIgniter\CodeIgniter->run()
#8 {main}
CRITICAL - 2021-11-19 15:32:40 --> bcdiv(): Division by zero
#0 [internal function]: CodeIgniter\Debug\Exceptions->errorHandler(2, 'bcdiv(): Divisi...', '/var/www/app/ap...', 752, Array)
#1 /var/www/app/app/Controllers/Management.php(752): bcdiv('0', '0', 18)
#2 /var/www/app/app/Controllers/Management.php(818): App\Controllers\Management->std_deviation(Array)
#3 /var/www/app/app/Controllers/Management.php(685): App\Controllers\Management->setnormastdmeancerdas('5')
#4 /var/www/app/system/CodeIgniter.php(802): App\Controllers\Management->hitung_hasil_test('5')
#5 /var/www/app/system/CodeIgniter.php(399): CodeIgniter\CodeIgniter->runController(Object(App\Controllers\Management))
#6 /var/www/app/system/CodeIgniter.php(317): CodeIgniter\CodeIgniter->handleRequest(NULL, Object(Config\Cache), false)
#7 /var/www/app/public/index.php(37): CodeIgniter\CodeIgniter->run()
#8 {main}
