CRITICAL - 2021-09-30 17:49:10 --> Class 'grocery_CRUD' not found
#0 /var/www/app/app/Libraries/GroceryCrud.php(2801): include()
#1 /var/www/app/app/Libraries/GroceryCrud.php(1563): App\Libraries\grocery_CRUD_Layout->_theme_view('list_template.p...', Array)
#2 /var/www/app/app/Libraries/GroceryCrud.php(4496): App\Libraries\grocery_CRUD_Layout->showList(false, Object(stdClass))
#3 /var/www/app/app/Controllers/Examples.php(14): App\Libraries\GroceryCrud->render()
#4 /var/www/app/system/CodeIgniter.php(802): App\Controllers\Examples->customers_management()
#5 /var/www/app/system/CodeIgniter.php(399): CodeIgniter\CodeIgniter->runController(Object(App\Controllers\Examples))
#6 /var/www/app/system/CodeIgniter.php(317): CodeIgniter\CodeIgniter->handleRequest(NULL, Object(Config\Cache), false)
#7 /var/www/app/public/index.php(37): CodeIgniter\CodeIgniter->run()
#8 {main}
CRITICAL - 2021-09-30 17:52:26 --> Call to undefined method App\Libraries\GroceryCrud::unset_jquery()
#0 /var/www/app/system/CodeIgniter.php(802): App\Controllers\Examples->customers_management()
#1 /var/www/app/system/CodeIgniter.php(399): CodeIgniter\CodeIgniter->runController(Object(App\Controllers\Examples))
#2 /var/www/app/system/CodeIgniter.php(317): CodeIgniter\CodeIgniter->handleRequest(NULL, Object(Config\Cache), false)
#3 /var/www/app/public/index.php(37): CodeIgniter\CodeIgniter->run()
#4 {main}
CRITICAL - 2021-09-30 17:54:24 --> Class 'Grocery_CRUD' not found
#0 /var/www/app/public/assets/grocery_crud/themes/bootstrap/views/list.php(4): include()
#1 /var/www/app/app/Libraries/GroceryCrud.php(2801): include('/var/www/app/pu...')
#2 /var/www/app/app/Libraries/GroceryCrud.php(1562): App\Libraries\grocery_CRUD_Layout->_theme_view('list.php', Array, true)
#3 /var/www/app/app/Libraries/GroceryCrud.php(4496): App\Libraries\grocery_CRUD_Layout->showList(false, Object(stdClass))
#4 /var/www/app/app/Controllers/Examples.php(15): App\Libraries\GroceryCrud->render()
#5 /var/www/app/system/CodeIgniter.php(802): App\Controllers\Examples->customers_management()
#6 /var/www/app/system/CodeIgniter.php(399): CodeIgniter\CodeIgniter->runController(Object(App\Controllers\Examples))
#7 /var/www/app/system/CodeIgniter.php(317): CodeIgniter\CodeIgniter->handleRequest(NULL, Object(Config\Cache), false)
#8 /var/www/app/public/index.php(37): CodeIgniter\CodeIgniter->run()
#9 {main}
CRITICAL - 2021-09-30 17:57:34 --> Class 'grocery_CRUD' not found
#0 /var/www/app/app/Libraries/GroceryCrud.php(2801): include()
#1 /var/www/app/app/Libraries/GroceryCrud.php(1563): App\Libraries\grocery_CRUD_Layout->_theme_view('list_template.p...', Array)
#2 /var/www/app/app/Libraries/GroceryCrud.php(4496): App\Libraries\grocery_CRUD_Layout->showList(false, Object(stdClass))
#3 /var/www/app/app/Controllers/Examples.php(15): App\Libraries\GroceryCrud->render()
#4 /var/www/app/system/CodeIgniter.php(802): App\Controllers\Examples->customers_management()
#5 /var/www/app/system/CodeIgniter.php(399): CodeIgniter\CodeIgniter->runController(Object(App\Controllers\Examples))
#6 /var/www/app/system/CodeIgniter.php(317): CodeIgniter\CodeIgniter->handleRequest(NULL, Object(Config\Cache), false)
#7 /var/www/app/public/index.php(37): CodeIgniter\CodeIgniter->run()
#8 {main}
CRITICAL - 2021-09-30 17:58:09 --> Undefined variable: dialog_forms
#0 /var/www/app/public/assets/grocery_crud/themes/tablestrap4/views/list_template.php(8): CodeIgniter\Debug\Exceptions->errorHandler(8, 'Undefined varia...', '/var/www/app/pu...', 8, Array)
#1 /var/www/app/app/Libraries/GroceryCrud.php(2801): include('/var/www/app/pu...')
#2 /var/www/app/app/Libraries/GroceryCrud.php(1563): App\Libraries\grocery_CRUD_Layout->_theme_view('list_template.p...', Array)
#3 /var/www/app/app/Libraries/GroceryCrud.php(4496): App\Libraries\grocery_CRUD_Layout->showList(false, Object(stdClass))
#4 /var/www/app/app/Controllers/Examples.php(15): App\Libraries\GroceryCrud->render()
#5 /var/www/app/system/CodeIgniter.php(802): App\Controllers\Examples->customers_management()
#6 /var/www/app/system/CodeIgniter.php(399): CodeIgniter\CodeIgniter->runController(Object(App\Controllers\Examples))
#7 /var/www/app/system/CodeIgniter.php(317): CodeIgniter\CodeIgniter->handleRequest(NULL, Object(Config\Cache), false)
#8 /var/www/app/public/index.php(37): CodeIgniter\CodeIgniter->run()
#9 {main}
CRITICAL - 2021-09-30 17:59:57 --> Class 'grocery_CRUD' not found
#0 /var/www/app/app/Libraries/GroceryCrud.php(2801): include()
#1 /var/www/app/app/Libraries/GroceryCrud.php(1777): App\Libraries\grocery_CRUD_Layout->_theme_view('add.php', Array)
#2 /var/www/app/app/Libraries/GroceryCrud.php(4513): App\Libraries\grocery_CRUD_Layout->showAddForm()
#3 /var/www/app/app/Controllers/Examples.php(15): App\Libraries\GroceryCrud->render()
#4 /var/www/app/system/CodeIgniter.php(802): App\Controllers\Examples->customers_management('add')
#5 /var/www/app/system/CodeIgniter.php(399): CodeIgniter\CodeIgniter->runController(Object(App\Controllers\Examples))
#6 /var/www/app/system/CodeIgniter.php(317): CodeIgniter\CodeIgniter->handleRequest(NULL, Object(Config\Cache), false)
#7 /var/www/app/public/index.php(37): CodeIgniter\CodeIgniter->run()
#8 {main}
CRITICAL - 2021-09-30 18:00:32 --> Class 'grocery_CRUD' not found
#0 /var/www/app/app/Libraries/GroceryCrud.php(2801): include()
#1 /var/www/app/app/Libraries/GroceryCrud.php(1777): App\Libraries\grocery_CRUD_Layout->_theme_view('add.php', Array)
#2 /var/www/app/app/Libraries/GroceryCrud.php(4513): App\Libraries\grocery_CRUD_Layout->showAddForm()
#3 /var/www/app/app/Controllers/Examples.php(15): App\Libraries\GroceryCrud->render()
#4 /var/www/app/system/CodeIgniter.php(802): App\Controllers\Examples->customers_management('add')
#5 /var/www/app/system/CodeIgniter.php(399): CodeIgniter\CodeIgniter->runController(Object(App\Controllers\Examples))
#6 /var/www/app/system/CodeIgniter.php(317): CodeIgniter\CodeIgniter->handleRequest(NULL, Object(Config\Cache), false)
#7 /var/www/app/public/index.php(37): CodeIgniter\CodeIgniter->run()
#8 {main}
CRITICAL - 2021-09-30 18:02:29 --> Class 'grocery_CRUD' not found
#0 /var/www/app/app/Libraries/GroceryCrud.php(2801): include()
#1 /var/www/app/app/Libraries/GroceryCrud.php(1850): App\Libraries\grocery_CRUD_Layout->_theme_view('edit.php', Array)
#2 /var/www/app/app/Libraries/GroceryCrud.php(4532): App\Libraries\grocery_CRUD_Layout->showEditForm(Object(stdClass))
#3 /var/www/app/app/Controllers/Examples.php(15): App\Libraries\GroceryCrud->render()
#4 /var/www/app/system/CodeIgniter.php(802): App\Controllers\Examples->customers_management('edit', '1')
#5 /var/www/app/system/CodeIgniter.php(399): CodeIgniter\CodeIgniter->runController(Object(App\Controllers\Examples))
#6 /var/www/app/system/CodeIgniter.php(317): CodeIgniter\CodeIgniter->handleRequest(NULL, Object(Config\Cache), false)
#7 /var/www/app/public/index.php(37): CodeIgniter\CodeIgniter->run()
#8 {main}
CRITICAL - 2021-09-30 18:08:44 --> Class 'App\Controllers\GroceryCrud' not found
#0 /var/www/app/system/CodeIgniter.php(802): App\Controllers\Management->users()
#1 /var/www/app/system/CodeIgniter.php(399): CodeIgniter\CodeIgniter->runController(Object(App\Controllers\Management))
#2 /var/www/app/system/CodeIgniter.php(317): CodeIgniter\CodeIgniter->handleRequest(NULL, Object(Config\Cache), false)
#3 /var/www/app/public/index.php(37): CodeIgniter\CodeIgniter->run()
#4 {main}
CRITICAL - 2021-09-30 18:11:20 --> Call to undefined method App\Libraries\GroceryCrud::unset_jquery()
#0 /var/www/app/system/CodeIgniter.php(802): App\Controllers\Management->users('success', '2')
#1 /var/www/app/system/CodeIgniter.php(399): CodeIgniter\CodeIgniter->runController(Object(App\Controllers\Management))
#2 /var/www/app/system/CodeIgniter.php(317): CodeIgniter\CodeIgniter->handleRequest(NULL, Object(Config\Cache), false)
#3 /var/www/app/public/index.php(37): CodeIgniter\CodeIgniter->run()
#4 {main}
