CRITICAL - 2021-10-21 01:52:29 --> Undefined property: App\Controllers\Participant::$getIdPesertaByIdUser
#0 /var/www/app/app/Controllers/Participant.php(58): CodeIgniter\Debug\Exceptions->errorHandler(8, 'Undefined prope...', '/var/www/app/ap...', 58, Array)
#1 /var/www/app/system/CodeIgniter.php(802): App\Controllers\Participant->load_question()
#2 /var/www/app/system/CodeIgniter.php(399): CodeIgniter\CodeIgniter->runController(Object(App\Controllers\Participant))
#3 /var/www/app/system/CodeIgniter.php(317): CodeIgniter\CodeIgniter->handleRequest(NULL, Object(Config\Cache), false)
#4 /var/www/app/public/index.php(37): CodeIgniter\CodeIgniter->run()
#5 {main}
CRITICAL - 2021-10-21 01:57:28 --> Undefined property: App\Controllers\Participant::$getIdPesertaByIdUser
#0 /var/www/app/app/Controllers/Participant.php(59): CodeIgniter\Debug\Exceptions->errorHandler(8, 'Undefined prope...', '/var/www/app/ap...', 59, Array)
#1 /var/www/app/system/CodeIgniter.php(802): App\Controllers\Participant->load_question()
#2 /var/www/app/system/CodeIgniter.php(399): CodeIgniter\CodeIgniter->runController(Object(App\Controllers\Participant))
#3 /var/www/app/system/CodeIgniter.php(317): CodeIgniter\CodeIgniter->handleRequest(NULL, Object(Config\Cache), false)
#4 /var/www/app/public/index.php(37): CodeIgniter\CodeIgniter->run()
#5 {main}
CRITICAL - 2021-10-21 01:57:30 --> Undefined property: App\Controllers\Participant::$getIdPesertaByIdUser
#0 /var/www/app/app/Controllers/Participant.php(59): CodeIgniter\Debug\Exceptions->errorHandler(8, 'Undefined prope...', '/var/www/app/ap...', 59, Array)
#1 /var/www/app/system/CodeIgniter.php(802): App\Controllers\Participant->load_question()
#2 /var/www/app/system/CodeIgniter.php(399): CodeIgniter\CodeIgniter->runController(Object(App\Controllers\Participant))
#3 /var/www/app/system/CodeIgniter.php(317): CodeIgniter\CodeIgniter->handleRequest(NULL, Object(Config\Cache), false)
#4 /var/www/app/public/index.php(37): CodeIgniter\CodeIgniter->run()
#5 {main}
CRITICAL - 2021-10-21 01:57:43 --> Undefined property: App\Controllers\Participant::$getIdPesertaByIdUser
#0 /var/www/app/app/Controllers/Participant.php(59): CodeIgniter\Debug\Exceptions->errorHandler(8, 'Undefined prope...', '/var/www/app/ap...', 59, Array)
#1 /var/www/app/system/CodeIgniter.php(802): App\Controllers\Participant->load_question()
#2 /var/www/app/system/CodeIgniter.php(399): CodeIgniter\CodeIgniter->runController(Object(App\Controllers\Participant))
#3 /var/www/app/system/CodeIgniter.php(317): CodeIgniter\CodeIgniter->handleRequest(NULL, Object(Config\Cache), false)
#4 /var/www/app/public/index.php(37): CodeIgniter\CodeIgniter->run()
#5 {main}
CRITICAL - 2021-10-21 01:58:09 --> Undefined property: App\Controllers\Participant::$getIdPesertaByIdUser
#0 /var/www/app/app/Controllers/Participant.php(70): CodeIgniter\Debug\Exceptions->errorHandler(8, 'Undefined prope...', '/var/www/app/ap...', 70, Array)
#1 /var/www/app/system/CodeIgniter.php(802): App\Controllers\Participant->load_question()
#2 /var/www/app/system/CodeIgniter.php(399): CodeIgniter\CodeIgniter->runController(Object(App\Controllers\Participant))
#3 /var/www/app/system/CodeIgniter.php(317): CodeIgniter\CodeIgniter->handleRequest(NULL, Object(Config\Cache), false)
#4 /var/www/app/public/index.php(37): CodeIgniter\CodeIgniter->run()
#5 {main}
CRITICAL - 2021-10-21 01:58:34 --> Undefined property: App\Controllers\Participant::$getIdPesertaByIdUser
#0 /var/www/app/app/Controllers/Participant.php(71): CodeIgniter\Debug\Exceptions->errorHandler(8, 'Undefined prope...', '/var/www/app/ap...', 71, Array)
#1 /var/www/app/system/CodeIgniter.php(802): App\Controllers\Participant->load_question()
#2 /var/www/app/system/CodeIgniter.php(399): CodeIgniter\CodeIgniter->runController(Object(App\Controllers\Participant))
#3 /var/www/app/system/CodeIgniter.php(317): CodeIgniter\CodeIgniter->handleRequest(NULL, Object(Config\Cache), false)
#4 /var/www/app/public/index.php(37): CodeIgniter\CodeIgniter->run()
#5 {main}
CRITICAL - 2021-10-21 20:04:35 --> Trying to get property 'id' of non-object
#0 /var/www/app/app/Controllers/Participant.php(27): CodeIgniter\Debug\Exceptions->errorHandler(8, 'Trying to get p...', '/var/www/app/ap...', 27, Array)
#1 /var/www/app/app/Controllers/Participant.php(76): App\Controllers\Participant->getIdPesertaByIdUser()
#2 /var/www/app/system/CodeIgniter.php(802): App\Controllers\Participant->load_question()
#3 /var/www/app/system/CodeIgniter.php(399): CodeIgniter\CodeIgniter->runController(Object(App\Controllers\Participant))
#4 /var/www/app/system/CodeIgniter.php(317): CodeIgniter\CodeIgniter->handleRequest(NULL, Object(Config\Cache), false)
#5 /var/www/app/public/index.php(37): CodeIgniter\CodeIgniter->run()
#6 {main}
CRITICAL - 2021-10-21 22:21:41 --> Trying to get property 'id' of non-object
#0 /var/www/app/app/Controllers/Participant.php(27): CodeIgniter\Debug\Exceptions->errorHandler(8, 'Trying to get p...', '/var/www/app/ap...', 27, Array)
#1 /var/www/app/app/Controllers/Participant.php(76): App\Controllers\Participant->getIdPesertaByIdUser()
#2 /var/www/app/system/CodeIgniter.php(802): App\Controllers\Participant->load_question()
#3 /var/www/app/system/CodeIgniter.php(399): CodeIgniter\CodeIgniter->runController(Object(App\Controllers\Participant))
#4 /var/www/app/system/CodeIgniter.php(317): CodeIgniter\CodeIgniter->handleRequest(NULL, Object(Config\Cache), false)
#5 /var/www/app/public/index.php(37): CodeIgniter\CodeIgniter->run()
#6 {main}
