CRITICAL - 2021-12-15 00:53:24 --> Undefined property: stdClass::$batas_waktu
#0 /var/www/app/app/Views/participant/persiapan_ujian.php(122): CodeIgniter\Debug\Exceptions->errorHandler(8, 'Undefined prope...', '/var/www/app/ap...', 122, Array)
#1 /var/www/app/system/View/View.php(214): include('/var/www/app/ap...')
#2 /var/www/app/system/View/View.php(217): CodeIgniter\View\View->CodeIgniter\View\{closure}()
#3 /var/www/app/system/Common.php(1092): CodeIgniter\View\View->render('participant/per...', Array, true)
#4 /var/www/app/app/Controllers/Participant.php(27): view('participant/per...', Array)
#5 /var/www/app/system/CodeIgniter.php(802): App\Controllers\Participant->persiapan_ujian('4')
#6 /var/www/app/system/CodeIgniter.php(399): CodeIgniter\CodeIgniter->runController(Object(App\Controllers\Participant))
#7 /var/www/app/system/CodeIgniter.php(317): CodeIgniter\CodeIgniter->handleRequest(NULL, Object(Config\Cache), false)
#8 /var/www/app/public/index.php(37): CodeIgniter\CodeIgniter->run()
#9 {main}
CRITICAL - 2021-12-15 00:58:37 --> Undefined property: stdClass::$is_finished
#0 /var/www/app/app/Controllers/Participant.php(80): CodeIgniter\Debug\Exceptions->errorHandler(8, 'Undefined prope...', '/var/www/app/ap...', 80, Array)
#1 /var/www/app/system/CodeIgniter.php(802): App\Controllers\Participant->ujian('5')
#2 /var/www/app/system/CodeIgniter.php(399): CodeIgniter\CodeIgniter->runController(Object(App\Controllers\Participant))
#3 /var/www/app/system/CodeIgniter.php(317): CodeIgniter\CodeIgniter->handleRequest(NULL, Object(Config\Cache), false)
#4 /var/www/app/public/index.php(37): CodeIgniter\CodeIgniter->run()
#5 {main}
CRITICAL - 2021-12-15 01:01:46 --> Undefined property: stdClass::$is_finished
#0 /var/www/app/app/Controllers/Participant.php(80): CodeIgniter\Debug\Exceptions->errorHandler(8, 'Undefined prope...', '/var/www/app/ap...', 80, Array)
#1 /var/www/app/system/CodeIgniter.php(802): App\Controllers\Participant->ujian('5')
#2 /var/www/app/system/CodeIgniter.php(399): CodeIgniter\CodeIgniter->runController(Object(App\Controllers\Participant))
#3 /var/www/app/system/CodeIgniter.php(317): CodeIgniter\CodeIgniter->handleRequest(NULL, Object(Config\Cache), false)
#4 /var/www/app/public/index.php(37): CodeIgniter\CodeIgniter->run()
#5 {main}
CRITICAL - 2021-12-15 01:02:38 --> Undefined property: stdClass::$is_finished
#0 /var/www/app/app/Controllers/Participant.php(80): CodeIgniter\Debug\Exceptions->errorHandler(8, 'Undefined prope...', '/var/www/app/ap...', 80, Array)
#1 /var/www/app/system/CodeIgniter.php(802): App\Controllers\Participant->ujian('5')
#2 /var/www/app/system/CodeIgniter.php(399): CodeIgniter\CodeIgniter->runController(Object(App\Controllers\Participant))
#3 /var/www/app/system/CodeIgniter.php(317): CodeIgniter\CodeIgniter->handleRequest(NULL, Object(Config\Cache), false)
#4 /var/www/app/public/index.php(37): CodeIgniter\CodeIgniter->run()
#5 {main}
CRITICAL - 2021-12-15 01:02:43 --> Undefined variable: is_finished
#0 /var/www/app/app/Controllers/Participant.php(84): CodeIgniter\Debug\Exceptions->errorHandler(8, 'Undefined varia...', '/var/www/app/ap...', 84, Array)
#1 /var/www/app/system/CodeIgniter.php(802): App\Controllers\Participant->ujian('5')
#2 /var/www/app/system/CodeIgniter.php(399): CodeIgniter\CodeIgniter->runController(Object(App\Controllers\Participant))
#3 /var/www/app/system/CodeIgniter.php(317): CodeIgniter\CodeIgniter->handleRequest(NULL, Object(Config\Cache), false)
#4 /var/www/app/public/index.php(37): CodeIgniter\CodeIgniter->run()
#5 {main}
CRITICAL - 2021-12-15 01:02:49 --> Undefined variable: is_finished
#0 /var/www/app/app/Controllers/Participant.php(84): CodeIgniter\Debug\Exceptions->errorHandler(8, 'Undefined varia...', '/var/www/app/ap...', 84, Array)
#1 /var/www/app/system/CodeIgniter.php(802): App\Controllers\Participant->ujian('5')
#2 /var/www/app/system/CodeIgniter.php(399): CodeIgniter\CodeIgniter->runController(Object(App\Controllers\Participant))
#3 /var/www/app/system/CodeIgniter.php(317): CodeIgniter\CodeIgniter->handleRequest(NULL, Object(Config\Cache), false)
#4 /var/www/app/public/index.php(37): CodeIgniter\CodeIgniter->run()
#5 {main}
CRITICAL - 2021-12-15 01:02:55 --> Undefined variable: is_finished
#0 /var/www/app/app/Controllers/Participant.php(84): CodeIgniter\Debug\Exceptions->errorHandler(8, 'Undefined varia...', '/var/www/app/ap...', 84, Array)
#1 /var/www/app/system/CodeIgniter.php(802): App\Controllers\Participant->ujian('5')
#2 /var/www/app/system/CodeIgniter.php(399): CodeIgniter\CodeIgniter->runController(Object(App\Controllers\Participant))
#3 /var/www/app/system/CodeIgniter.php(317): CodeIgniter\CodeIgniter->handleRequest(NULL, Object(Config\Cache), false)
#4 /var/www/app/public/index.php(37): CodeIgniter\CodeIgniter->run()
#5 {main}
CRITICAL - 2021-12-15 01:03:00 --> Undefined variable: is_finished
#0 /var/www/app/app/Controllers/Participant.php(84): CodeIgniter\Debug\Exceptions->errorHandler(8, 'Undefined varia...', '/var/www/app/ap...', 84, Array)
#1 /var/www/app/system/CodeIgniter.php(802): App\Controllers\Participant->ujian('7')
#2 /var/www/app/system/CodeIgniter.php(399): CodeIgniter\CodeIgniter->runController(Object(App\Controllers\Participant))
#3 /var/www/app/system/CodeIgniter.php(317): CodeIgniter\CodeIgniter->handleRequest(NULL, Object(Config\Cache), false)
#4 /var/www/app/public/index.php(37): CodeIgniter\CodeIgniter->run()
#5 {main}
ERROR - 2021-12-15 02:38:15 --> Column count doesn't match value count at row 1
CRITICAL - 2021-12-15 02:38:15 --> Column count doesn't match value count at row 1
#0 /var/www/app/system/Database/MySQLi/Connection.php(280): mysqli->query('INSERT INTO pes...')
#1 /var/www/app/system/Database/BaseConnection.php(663): CodeIgniter\Database\MySQLi\Connection->execute('INSERT INTO pes...')
#2 /var/www/app/system/Database/BaseConnection.php(591): CodeIgniter\Database\BaseConnection->simpleQuery('INSERT INTO pes...')
#3 /var/www/app/app/Controllers/Participant.php(74): CodeIgniter\Database\BaseConnection->query('INSERT INTO pes...')
#4 /var/www/app/system/CodeIgniter.php(802): App\Controllers\Participant->ujian()
#5 /var/www/app/system/CodeIgniter.php(399): CodeIgniter\CodeIgniter->runController(Object(App\Controllers\Participant))
#6 /var/www/app/system/CodeIgniter.php(317): CodeIgniter\CodeIgniter->handleRequest(NULL, Object(Config\Cache), false)
#7 /var/www/app/public/index.php(37): CodeIgniter\CodeIgniter->run()
#8 {main}
ERROR - 2021-12-15 02:42:13 --> Column count doesn't match value count at row 1
CRITICAL - 2021-12-15 02:42:13 --> Column count doesn't match value count at row 1
#0 /var/www/app/system/Database/MySQLi/Connection.php(280): mysqli->query('INSERT INTO pes...')
#1 /var/www/app/system/Database/BaseConnection.php(663): CodeIgniter\Database\MySQLi\Connection->execute('INSERT INTO pes...')
#2 /var/www/app/system/Database/BaseConnection.php(591): CodeIgniter\Database\BaseConnection->simpleQuery('INSERT INTO pes...')
#3 /var/www/app/app/Controllers/Participant.php(74): CodeIgniter\Database\BaseConnection->query('INSERT INTO pes...')
#4 /var/www/app/system/CodeIgniter.php(802): App\Controllers\Participant->ujian('5')
#5 /var/www/app/system/CodeIgniter.php(399): CodeIgniter\CodeIgniter->runController(Object(App\Controllers\Participant))
#6 /var/www/app/system/CodeIgniter.php(317): CodeIgniter\CodeIgniter->handleRequest(NULL, Object(Config\Cache), false)
#7 /var/www/app/public/index.php(37): CodeIgniter\CodeIgniter->run()
#8 {main}
CRITICAL - 2021-12-15 02:57:25 --> Undefined variable: id_ujian
#0 /var/www/app/app/Controllers/Participant.php(25): CodeIgniter\Debug\Exceptions->errorHandler(8, 'Undefined varia...', '/var/www/app/ap...', 25, Array)
#1 /var/www/app/system/CodeIgniter.php(802): App\Controllers\Participant->persiapan_ujian('12')
#2 /var/www/app/system/CodeIgniter.php(399): CodeIgniter\CodeIgniter->runController(Object(App\Controllers\Participant))
#3 /var/www/app/system/CodeIgniter.php(317): CodeIgniter\CodeIgniter->handleRequest(NULL, Object(Config\Cache), false)
#4 /var/www/app/public/index.php(37): CodeIgniter\CodeIgniter->run()
#5 {main}
CRITICAL - 2021-12-15 02:57:41 --> Undefined variable: id_ujian
#0 /var/www/app/app/Controllers/Participant.php(28): CodeIgniter\Debug\Exceptions->errorHandler(8, 'Undefined varia...', '/var/www/app/ap...', 28, Array)
#1 /var/www/app/system/CodeIgniter.php(802): App\Controllers\Participant->persiapan_ujian('12')
#2 /var/www/app/system/CodeIgniter.php(399): CodeIgniter\CodeIgniter->runController(Object(App\Controllers\Participant))
#3 /var/www/app/system/CodeIgniter.php(317): CodeIgniter\CodeIgniter->handleRequest(NULL, Object(Config\Cache), false)
#4 /var/www/app/public/index.php(37): CodeIgniter\CodeIgniter->run()
#5 {main}
