CRITICAL - 2021-10-14 00:21:57 --> Class 'IonAuth\Controllers\BaseController' not found
#0 /var/www/app/system/Router/Router.php(491): include_once()
#1 /var/www/app/system/Router/Router.php(160): CodeIgniter\Router\Router->autoRoute('auth')
#2 /var/www/app/system/CodeIgniter.php(702): CodeIgniter\Router\Router->handle('auth')
#3 /var/www/app/system/CodeIgniter.php(358): CodeIgniter\CodeIgniter->tryToRouteIt(Object(CodeIgniter\Router\RouteCollection))
#4 /var/www/app/system/CodeIgniter.php(317): CodeIgniter\CodeIgniter->handleRequest(NULL, Object(Config\Cache), false)
#5 /var/www/app/public/index.php(37): CodeIgniter\CodeIgniter->run()
#6 {main}
CRITICAL - 2021-10-14 00:22:34 --> Class 'IonAuth\Libraries\IonAuth' not found
#0 /var/www/app/system/CodeIgniter.php(779): App\Controllers\Auth->__construct()
#1 /var/www/app/system/CodeIgniter.php(390): CodeIgniter\CodeIgniter->createController()
#2 /var/www/app/system/CodeIgniter.php(317): CodeIgniter\CodeIgniter->handleRequest(NULL, Object(Config\Cache), false)
#3 /var/www/app/public/index.php(37): CodeIgniter\CodeIgniter->run()
#4 {main}
CRITICAL - 2021-10-14 00:23:20 --> Class 'IonAuth\Libraries\IonAuth' not found
#0 /var/www/app/system/CodeIgniter.php(779): App\Controllers\Auth->__construct()
#1 /var/www/app/system/CodeIgniter.php(390): CodeIgniter\CodeIgniter->createController()
#2 /var/www/app/system/CodeIgniter.php(317): CodeIgniter\CodeIgniter->handleRequest(NULL, Object(Config\Cache), false)
#3 /var/www/app/public/index.php(37): CodeIgniter\CodeIgniter->run()
#4 {main}
CRITICAL - 2021-10-14 00:23:32 --> Class 'App\Libraries\IonAuth' not found
#0 /var/www/app/system/CodeIgniter.php(779): App\Controllers\Auth->__construct()
#1 /var/www/app/system/CodeIgniter.php(390): CodeIgniter\CodeIgniter->createController()
#2 /var/www/app/system/CodeIgniter.php(317): CodeIgniter\CodeIgniter->handleRequest(NULL, Object(Config\Cache), false)
#3 /var/www/app/public/index.php(37): CodeIgniter\CodeIgniter->run()
#4 {main}
CRITICAL - 2021-10-14 03:24:09 --> Argument 1 passed to App\Libraries\GroceryCrud::fields() must be of the type array, string given, called in /var/www/app/app/Controllers/Management.php on line 24
#0 /var/www/app/app/Controllers/Management.php(24): App\Libraries\GroceryCrud->fields('username', 'email')
#1 /var/www/app/system/CodeIgniter.php(802): App\Controllers\Management->users()
#2 /var/www/app/system/CodeIgniter.php(399): CodeIgniter\CodeIgniter->runController(Object(App\Controllers\Management))
#3 /var/www/app/system/CodeIgniter.php(317): CodeIgniter\CodeIgniter->handleRequest(NULL, Object(Config\Cache), false)
#4 /var/www/app/public/index.php(37): CodeIgniter\CodeIgniter->run()
#5 {main}
CRITICAL - 2021-10-14 03:26:42 --> Undefined property: App\Controllers\Management::$ionAuth
#0 /var/www/app/app/Controllers/Management.php(13): CodeIgniter\Debug\Exceptions->errorHandler(8, 'Undefined prope...', '/var/www/app/ap...', 13, Array)
#1 /var/www/app/system/CodeIgniter.php(779): App\Controllers\Management->__construct()
#2 /var/www/app/system/CodeIgniter.php(390): CodeIgniter\CodeIgniter->createController()
#3 /var/www/app/system/CodeIgniter.php(317): CodeIgniter\CodeIgniter->handleRequest(NULL, Object(Config\Cache), false)
#4 /var/www/app/public/index.php(37): CodeIgniter\CodeIgniter->run()
#5 {main}
CRITICAL - 2021-10-14 03:27:52 --> Call to a member function loggedIn() on null
#0 /var/www/app/system/CodeIgniter.php(779): App\Controllers\Management->__construct()
#1 /var/www/app/system/CodeIgniter.php(390): CodeIgniter\CodeIgniter->createController()
#2 /var/www/app/system/CodeIgniter.php(317): CodeIgniter\CodeIgniter->handleRequest(NULL, Object(Config\Cache), false)
#3 /var/www/app/public/index.php(37): CodeIgniter\CodeIgniter->run()
#4 {main}
CRITICAL - 2021-10-14 03:28:04 --> Call to a member function loggedIn() on null
#0 /var/www/app/system/CodeIgniter.php(779): App\Controllers\Management->__construct()
#1 /var/www/app/system/CodeIgniter.php(390): CodeIgniter\CodeIgniter->createController()
#2 /var/www/app/system/CodeIgniter.php(317): CodeIgniter\CodeIgniter->handleRequest(NULL, Object(Config\Cache), false)
#3 /var/www/app/public/index.php(37): CodeIgniter\CodeIgniter->run()
#4 {main}
CRITICAL - 2021-10-14 03:34:31 --> Call to a member function loggedIn() on null
#0 /var/www/app/system/CodeIgniter.php(779): App\Controllers\Management->__construct()
#1 /var/www/app/system/CodeIgniter.php(390): CodeIgniter\CodeIgniter->createController()
#2 /var/www/app/system/CodeIgniter.php(317): CodeIgniter\CodeIgniter->handleRequest(NULL, Object(Config\Cache), false)
#3 /var/www/app/public/index.php(37): CodeIgniter\CodeIgniter->run()
#4 {main}
CRITICAL - 2021-10-14 03:35:11 --> Call to a member function loggedIn() on null
#0 /var/www/app/system/CodeIgniter.php(802): App\Controllers\Management->index()
#1 /var/www/app/system/CodeIgniter.php(399): CodeIgniter\CodeIgniter->runController(Object(App\Controllers\Management))
#2 /var/www/app/system/CodeIgniter.php(317): CodeIgniter\CodeIgniter->handleRequest(NULL, Object(Config\Cache), false)
#3 /var/www/app/public/index.php(37): CodeIgniter\CodeIgniter->run()
#4 {main}
CRITICAL - 2021-10-14 03:41:32 --> syntax error, unexpected '(', expecting ';' or ','
#0 /var/www/app/system/Router/Router.php(160): CodeIgniter\Router\Router->autoRoute('management/')
#1 /var/www/app/system/CodeIgniter.php(702): CodeIgniter\Router\Router->handle('management/')
#2 /var/www/app/system/CodeIgniter.php(358): CodeIgniter\CodeIgniter->tryToRouteIt(Object(CodeIgniter\Router\RouteCollection))
#3 /var/www/app/system/CodeIgniter.php(317): CodeIgniter\CodeIgniter->handleRequest(NULL, Object(Config\Cache), false)
#4 /var/www/app/public/index.php(37): CodeIgniter\CodeIgniter->run()
#5 {main}
CRITICAL - 2021-10-14 03:41:42 --> Call to a member function loggedIn() on null
#0 /var/www/app/system/CodeIgniter.php(802): App\Controllers\Management->index()
#1 /var/www/app/system/CodeIgniter.php(399): CodeIgniter\CodeIgniter->runController(Object(App\Controllers\Management))
#2 /var/www/app/system/CodeIgniter.php(317): CodeIgniter\CodeIgniter->handleRequest(NULL, Object(Config\Cache), false)
#3 /var/www/app/public/index.php(37): CodeIgniter\CodeIgniter->run()
#4 {main}
CRITICAL - 2021-10-14 22:53:54 --> Undefined property: App\Controllers\Management::$ionAuth
#0 /var/www/app/app/Controllers/Management.php(23): CodeIgniter\Debug\Exceptions->errorHandler(8, 'Undefined prope...', '/var/www/app/ap...', 23, Array)
#1 /var/www/app/system/CodeIgniter.php(802): App\Controllers\Management->index()
#2 /var/www/app/system/CodeIgniter.php(399): CodeIgniter\CodeIgniter->runController(Object(App\Controllers\Management))
#3 /var/www/app/system/CodeIgniter.php(317): CodeIgniter\CodeIgniter->handleRequest(NULL, Object(Config\Cache), false)
#4 /var/www/app/public/index.php(37): CodeIgniter\CodeIgniter->run()
#5 {main}
CRITICAL - 2021-10-14 22:54:51 --> Undefined property: App\Controllers\Management::$ionAuth
#0 /var/www/app/app/Controllers/Management.php(23): CodeIgniter\Debug\Exceptions->errorHandler(8, 'Undefined prope...', '/var/www/app/ap...', 23, Array)
#1 /var/www/app/system/CodeIgniter.php(802): App\Controllers\Management->index()
#2 /var/www/app/system/CodeIgniter.php(399): CodeIgniter\CodeIgniter->runController(Object(App\Controllers\Management))
#3 /var/www/app/system/CodeIgniter.php(317): CodeIgniter\CodeIgniter->handleRequest(NULL, Object(Config\Cache), false)
#4 /var/www/app/public/index.php(37): CodeIgniter\CodeIgniter->run()
#5 {main}
CRITICAL - 2021-10-14 22:57:49 --> Undefined property: App\Controllers\Management::$ionAuth
#0 /var/www/app/app/Controllers/Management.php(23): CodeIgniter\Debug\Exceptions->errorHandler(8, 'Undefined prope...', '/var/www/app/ap...', 23, Array)
#1 /var/www/app/system/CodeIgniter.php(802): App\Controllers\Management->index()
#2 /var/www/app/system/CodeIgniter.php(399): CodeIgniter\CodeIgniter->runController(Object(App\Controllers\Management))
#3 /var/www/app/system/CodeIgniter.php(317): CodeIgniter\CodeIgniter->handleRequest(NULL, Object(Config\Cache), false)
#4 /var/www/app/public/index.php(37): CodeIgniter\CodeIgniter->run()
#5 {main}
CRITICAL - 2021-10-14 23:51:37 --> Class 'IonAuth\Controllers\BaseController' not found
#0 /var/www/app/system/Router/Router.php(491): include_once()
#1 /var/www/app/system/Router/Router.php(160): CodeIgniter\Router\Router->autoRoute('auth')
#2 /var/www/app/system/CodeIgniter.php(702): CodeIgniter\Router\Router->handle('auth')
#3 /var/www/app/system/CodeIgniter.php(358): CodeIgniter\CodeIgniter->tryToRouteIt(Object(CodeIgniter\Router\RouteCollection))
#4 /var/www/app/system/CodeIgniter.php(317): CodeIgniter\CodeIgniter->handleRequest(NULL, Object(Config\Cache), false)
#5 /var/www/app/public/index.php(37): CodeIgniter\CodeIgniter->run()
#6 {main}
CRITICAL - 2021-10-14 23:52:26 --> Call to a member function loggedIn() on null
#0 /var/www/app/system/CodeIgniter.php(802): App\Controllers\Management->index()
#1 /var/www/app/system/CodeIgniter.php(399): CodeIgniter\CodeIgniter->runController(Object(App\Controllers\Management))
#2 /var/www/app/system/CodeIgniter.php(317): CodeIgniter\CodeIgniter->handleRequest(NULL, Object(Config\Cache), false)
#3 /var/www/app/public/index.php(37): CodeIgniter\CodeIgniter->run()
#4 {main}
CRITICAL - 2021-10-14 23:52:48 --> Call to a member function loggedIn() on null
#0 /var/www/app/system/CodeIgniter.php(802): App\Controllers\Management->index()
#1 /var/www/app/system/CodeIgniter.php(399): CodeIgniter\CodeIgniter->runController(Object(App\Controllers\Management))
#2 /var/www/app/system/CodeIgniter.php(317): CodeIgniter\CodeIgniter->handleRequest(NULL, Object(Config\Cache), false)
#3 /var/www/app/public/index.php(37): CodeIgniter\CodeIgniter->run()
#4 {main}
