ERROR - 2021-11-11 00:30:56 --> Unknown column 'id_daytest' in 'where clause'
CRITICAL - 2021-11-11 00:30:56 --> Unknown column 'id_daytest' in 'where clause'
#0 /var/www/app/system/Database/MySQLi/Connection.php(280): mysqli->query('DELETE from nor...')
#1 /var/www/app/system/Database/BaseConnection.php(663): CodeIgniter\Database\MySQLi\Connection->execute('DELETE from nor...')
#2 /var/www/app/system/Database/BaseConnection.php(591): CodeIgniter\Database\BaseConnection->simpleQuery('DELETE from nor...')
#3 /var/www/app/app/Controllers/Management.php(619): CodeIgniter\Database\BaseConnection->query('DELETE from nor...')
#4 /var/www/app/app/Controllers/Management.php(613): App\Controllers\Management->generatenullnorma('4')
#5 /var/www/app/system/CodeIgniter.php(802): App\Controllers\Management->hitung_hasil_test('4')
#6 /var/www/app/system/CodeIgniter.php(399): CodeIgniter\CodeIgniter->runController(Object(App\Controllers\Management))
#7 /var/www/app/system/CodeIgniter.php(317): CodeIgniter\CodeIgniter->handleRequest(NULL, Object(Config\Cache), false)
#8 /var/www/app/public/index.php(37): CodeIgniter\CodeIgniter->run()
#9 {main}
CRITICAL - 2021-11-11 01:01:21 --> Undefined variable: total
#0 /var/www/app/app/Controllers/Management.php(871): CodeIgniter\Debug\Exceptions->errorHandler(8, 'Undefined varia...', '/var/www/app/ap...', 871, Array)
#1 /var/www/app/app/Controllers/Management.php(619): App\Controllers\Management->hitung_hasil_cerdas('4', 5, '1')
#2 /var/www/app/system/CodeIgniter.php(802): App\Controllers\Management->hitung_hasil_test('4')
#3 /var/www/app/system/CodeIgniter.php(399): CodeIgniter\CodeIgniter->runController(Object(App\Controllers\Management))
#4 /var/www/app/system/CodeIgniter.php(317): CodeIgniter\CodeIgniter->handleRequest(NULL, Object(Config\Cache), false)
#5 /var/www/app/public/index.php(37): CodeIgniter\CodeIgniter->run()
#6 {main}
ERROR - 2021-11-11 01:03:41 --> You have an error in your SQL syntax; check the manual that corresponds to your MariaDB server version for the right syntax to use near 'id_peserta = '5'' at line 6
CRITICAL - 2021-11-11 01:03:41 --> You have an error in your SQL syntax; check the manual that corresponds to your MariaDB server version for the right syntax to use near 'id_peserta = '5'' at line 6
#0 /var/www/app/system/Database/MySQLi/Connection.php(280): mysqli->query('UPDATE  hasil_u...')
#1 /var/www/app/system/Database/BaseConnection.php(663): CodeIgniter\Database\MySQLi\Connection->execute('UPDATE  hasil_u...')
#2 /var/www/app/system/Database/BaseConnection.php(591): CodeIgniter\Database\BaseConnection->simpleQuery('UPDATE  hasil_u...')
#3 /var/www/app/app/Controllers/Management.php(1149): CodeIgniter\Database\BaseConnection->query('UPDATE  hasil_u...')
#4 /var/www/app/app/Controllers/Management.php(627): App\Controllers\Management->hitung_hasil_cermat('4', 7, '5')
#5 /var/www/app/system/CodeIgniter.php(802): App\Controllers\Management->hitung_hasil_test('4')
#6 /var/www/app/system/CodeIgniter.php(399): CodeIgniter\CodeIgniter->runController(Object(App\Controllers\Management))
#7 /var/www/app/system/CodeIgniter.php(317): CodeIgniter\CodeIgniter->handleRequest(NULL, Object(Config\Cache), false)
#8 /var/www/app/public/index.php(37): CodeIgniter\CodeIgniter->run()
#9 {main}
CRITICAL - 2021-11-11 01:11:04 --> Undefined variable: th
#0 /var/www/app/app/Controllers/Management.php(631): CodeIgniter\Debug\Exceptions->errorHandler(8, 'Undefined varia...', '/var/www/app/ap...', 631, Array)
#1 /var/www/app/system/CodeIgniter.php(802): App\Controllers\Management->hitung_hasil_test('4')
#2 /var/www/app/system/CodeIgniter.php(399): CodeIgniter\CodeIgniter->runController(Object(App\Controllers\Management))
#3 /var/www/app/system/CodeIgniter.php(317): CodeIgniter\CodeIgniter->handleRequest(NULL, Object(Config\Cache), false)
#4 /var/www/app/public/index.php(37): CodeIgniter\CodeIgniter->run()
#5 {main}
CRITICAL - 2021-11-11 01:11:13 --> Undefined variable: db
#0 /var/www/app/app/Controllers/Management.php(695): CodeIgniter\Debug\Exceptions->errorHandler(8, 'Undefined varia...', '/var/www/app/ap...', 695, Array)
#1 /var/www/app/app/Controllers/Management.php(631): App\Controllers\Management->setnormastdmeancerdas('4')
#2 /var/www/app/system/CodeIgniter.php(802): App\Controllers\Management->hitung_hasil_test('4')
#3 /var/www/app/system/CodeIgniter.php(399): CodeIgniter\CodeIgniter->runController(Object(App\Controllers\Management))
#4 /var/www/app/system/CodeIgniter.php(317): CodeIgniter\CodeIgniter->handleRequest(NULL, Object(Config\Cache), false)
#5 /var/www/app/public/index.php(37): CodeIgniter\CodeIgniter->run()
#6 {main}
CRITICAL - 2021-11-11 01:45:50 --> syntax error, unexpected '}'
#0 /var/www/app/system/Router/Router.php(160): CodeIgniter\Router\Router->autoRoute('management/hitu...')
#1 /var/www/app/system/CodeIgniter.php(702): CodeIgniter\Router\Router->handle('management/hitu...')
#2 /var/www/app/system/CodeIgniter.php(358): CodeIgniter\CodeIgniter->tryToRouteIt(Object(CodeIgniter\Router\RouteCollection))
#3 /var/www/app/system/CodeIgniter.php(317): CodeIgniter\CodeIgniter->handleRequest(NULL, Object(Config\Cache), false)
#4 /var/www/app/public/index.php(37): CodeIgniter\CodeIgniter->run()
#5 {main}
CRITICAL - 2021-11-11 01:46:00 --> Undefined property: stdClass::$stablilitas_emosi
#0 /var/www/app/app/Controllers/Management.php(754): CodeIgniter\Debug\Exceptions->errorHandler(8, 'Undefined prope...', '/var/www/app/ap...', 754, Array)
#1 /var/www/app/app/Controllers/Management.php(634): App\Controllers\Management->setnormastdmeanpribadi('4')
#2 /var/www/app/system/CodeIgniter.php(802): App\Controllers\Management->hitung_hasil_test('4')
#3 /var/www/app/system/CodeIgniter.php(399): CodeIgniter\CodeIgniter->runController(Object(App\Controllers\Management))
#4 /var/www/app/system/CodeIgniter.php(317): CodeIgniter\CodeIgniter->handleRequest(NULL, Object(Config\Cache), false)
#5 /var/www/app/public/index.php(37): CodeIgniter\CodeIgniter->run()
#6 {main}
CRITICAL - 2021-11-11 01:47:39 --> Undefined variable: result_column_stablilitas_emosi
#0 /var/www/app/app/Controllers/Management.php(767): CodeIgniter\Debug\Exceptions->errorHandler(8, 'Undefined varia...', '/var/www/app/ap...', 767, Array)
#1 /var/www/app/app/Controllers/Management.php(634): App\Controllers\Management->setnormastdmeanpribadi('4')
#2 /var/www/app/system/CodeIgniter.php(802): App\Controllers\Management->hitung_hasil_test('4')
#3 /var/www/app/system/CodeIgniter.php(399): CodeIgniter\CodeIgniter->runController(Object(App\Controllers\Management))
#4 /var/www/app/system/CodeIgniter.php(317): CodeIgniter\CodeIgniter->handleRequest(NULL, Object(Config\Cache), false)
#5 /var/www/app/public/index.php(37): CodeIgniter\CodeIgniter->run()
#6 {main}
ERROR - 2021-11-11 01:48:13 --> Unknown column 'motif_berprestasi' in 'field list'
CRITICAL - 2021-11-11 01:48:13 --> Unknown column 'motif_berprestasi' in 'field list'
#0 /var/www/app/system/Database/MySQLi/Connection.php(280): mysqli->query('UPDATE norma se...')
#1 /var/www/app/system/Database/BaseConnection.php(663): CodeIgniter\Database\MySQLi\Connection->execute('UPDATE norma se...')
#2 /var/www/app/system/Database/BaseConnection.php(591): CodeIgniter\Database\BaseConnection->simpleQuery('UPDATE norma se...')
#3 /var/www/app/app/Controllers/Management.php(819): CodeIgniter\Database\BaseConnection->query('UPDATE norma se...')
#4 /var/www/app/app/Controllers/Management.php(771): App\Controllers\Management->updatestdnorma('4', 'motif_berpresta...', 4.1472882706655)
#5 /var/www/app/app/Controllers/Management.php(634): App\Controllers\Management->setnormastdmeanpribadi('4')
#6 /var/www/app/system/CodeIgniter.php(802): App\Controllers\Management->hitung_hasil_test('4')
#7 /var/www/app/system/CodeIgniter.php(399): CodeIgniter\CodeIgniter->runController(Object(App\Controllers\Management))
#8 /var/www/app/system/CodeIgniter.php(317): CodeIgniter\CodeIgniter->handleRequest(NULL, Object(Config\Cache), false)
#9 /var/www/app/public/index.php(37): CodeIgniter\CodeIgniter->run()
#10 {main}
ERROR - 2021-11-11 01:48:56 --> Unknown column 'motif_berperstasi' in 'field list'
CRITICAL - 2021-11-11 01:48:56 --> Unknown column 'motif_berperstasi' in 'field list'
#0 /var/www/app/system/Database/MySQLi/Connection.php(280): mysqli->query('INSERT INTO nor...')
#1 /var/www/app/system/Database/BaseConnection.php(663): CodeIgniter\Database\MySQLi\Connection->execute('INSERT INTO nor...')
#2 /var/www/app/system/Database/BaseConnection.php(591): CodeIgniter\Database\BaseConnection->simpleQuery('INSERT INTO nor...')
#3 /var/www/app/app/Controllers/Management.php(646): CodeIgniter\Database\BaseConnection->query('INSERT INTO nor...')
#4 /var/www/app/app/Controllers/Management.php(613): App\Controllers\Management->generatenullnorma('4')
#5 /var/www/app/system/CodeIgniter.php(802): App\Controllers\Management->hitung_hasil_test('4')
#6 /var/www/app/system/CodeIgniter.php(399): CodeIgniter\CodeIgniter->runController(Object(App\Controllers\Management))
#7 /var/www/app/system/CodeIgniter.php(317): CodeIgniter\CodeIgniter->handleRequest(NULL, Object(Config\Cache), false)
#8 /var/www/app/public/index.php(37): CodeIgniter\CodeIgniter->run()
#9 {main}
CRITICAL - 2021-11-11 02:25:46 --> Undefined variable: no_element
#0 /var/www/app/app/Controllers/Management.php(704): CodeIgniter\Debug\Exceptions->errorHandler(8, 'Undefined varia...', '/var/www/app/ap...', 704, Array)
#1 /var/www/app/app/Controllers/Management.php(698): App\Controllers\Management->slope(Array, Array)
#2 /var/www/app/system/CodeIgniter.php(802): App\Controllers\Management->test_slope()
#3 /var/www/app/system/CodeIgniter.php(399): CodeIgniter\CodeIgniter->runController(Object(App\Controllers\Management))
#4 /var/www/app/system/CodeIgniter.php(317): CodeIgniter\CodeIgniter->handleRequest(NULL, Object(Config\Cache), false)
#5 /var/www/app/public/index.php(37): CodeIgniter\CodeIgniter->run()
#6 {main}
CRITICAL - 2021-11-11 02:26:00 --> bcdiv(): Division by zero
#0 [internal function]: CodeIgniter\Debug\Exceptions->errorHandler(2, 'bcdiv(): Divisi...', '/var/www/app/ap...', 717, Array)
#1 /var/www/app/app/Controllers/Management.php(717): bcdiv('0', '0', 18)
#2 /var/www/app/app/Controllers/Management.php(698): App\Controllers\Management->slope(Array, Array)
#3 /var/www/app/system/CodeIgniter.php(802): App\Controllers\Management->test_slope()
#4 /var/www/app/system/CodeIgniter.php(399): CodeIgniter\CodeIgniter->runController(Object(App\Controllers\Management))
#5 /var/www/app/system/CodeIgniter.php(317): CodeIgniter\CodeIgniter->handleRequest(NULL, Object(Config\Cache), false)
#6 /var/www/app/public/index.php(37): CodeIgniter\CodeIgniter->run()
#7 {main}
CRITICAL - 2021-11-11 02:29:18 --> bcdiv(): Division by zero
#0 [internal function]: CodeIgniter\Debug\Exceptions->errorHandler(2, 'bcdiv(): Divisi...', '/var/www/app/ap...', 719, Array)
#1 /var/www/app/app/Controllers/Management.php(719): bcdiv('0', '0', 18)
#2 /var/www/app/app/Controllers/Management.php(698): App\Controllers\Management->slope(Array, Array)
#3 /var/www/app/system/CodeIgniter.php(802): App\Controllers\Management->test_slope()
#4 /var/www/app/system/CodeIgniter.php(399): CodeIgniter\CodeIgniter->runController(Object(App\Controllers\Management))
#5 /var/www/app/system/CodeIgniter.php(317): CodeIgniter\CodeIgniter->handleRequest(NULL, Object(Config\Cache), false)
#6 /var/www/app/public/index.php(37): CodeIgniter\CodeIgniter->run()
#7 {main}
CRITICAL - 2021-11-11 02:44:00 --> bcdiv(): Division by zero
#0 [internal function]: CodeIgniter\Debug\Exceptions->errorHandler(2, 'bcdiv(): Divisi...', '/var/www/app/ap...', 717, Array)
#1 /var/www/app/app/Controllers/Management.php(717): bcdiv('0.0000000000000...', '0.0000000000000...', 18)
#2 /var/www/app/app/Controllers/Management.php(1267): App\Controllers\Management->slope(Array, Array)
#3 /var/www/app/app/Controllers/Management.php(629): App\Controllers\Management->hitung_hasil_cermat('4', 7, '5')
#4 /var/www/app/system/CodeIgniter.php(802): App\Controllers\Management->hitung_hasil_test('4')
#5 /var/www/app/system/CodeIgniter.php(399): CodeIgniter\CodeIgniter->runController(Object(App\Controllers\Management))
#6 /var/www/app/system/CodeIgniter.php(317): CodeIgniter\CodeIgniter->handleRequest(NULL, Object(Config\Cache), false)
#7 /var/www/app/public/index.php(37): CodeIgniter\CodeIgniter->run()
#8 {main}
CRITICAL - 2021-11-11 02:59:15 --> bcadd(): bcmath function argument is not well-formed
#0 [internal function]: CodeIgniter\Debug\Exceptions->errorHandler(2, 'bcadd(): bcmath...', '/var/www/app/ap...', 681, Array)
#1 /var/www/app/app/Controllers/Management.php(681): bcadd('0.0019433420137...', '4.7159317258237...', 18)
#2 /var/www/app/app/Controllers/Management.php(852): App\Controllers\Management->std_deviation(Array)
#3 /var/www/app/app/Controllers/Management.php(636): App\Controllers\Management->setnormastdmeancermat('4')
#4 /var/www/app/system/CodeIgniter.php(802): App\Controllers\Management->hitung_hasil_test('4')
#5 /var/www/app/system/CodeIgniter.php(399): CodeIgniter\CodeIgniter->runController(Object(App\Controllers\Management))
#6 /var/www/app/system/CodeIgniter.php(317): CodeIgniter\CodeIgniter->handleRequest(NULL, Object(Config\Cache), false)
#7 /var/www/app/public/index.php(37): CodeIgniter\CodeIgniter->run()
#8 {main}
CRITICAL - 2021-11-11 03:02:24 --> bcadd(): bcmath function argument is not well-formed
#0 [internal function]: CodeIgniter\Debug\Exceptions->errorHandler(2, 'bcadd(): bcmath...', '/var/www/app/ap...', 681, Array)
#1 /var/www/app/app/Controllers/Management.php(681): bcadd('0.0019433420137...', '4.7159317258237...', 18)
#2 /var/www/app/app/Controllers/Management.php(695): App\Controllers\Management->std_deviation(Array)
#3 /var/www/app/system/CodeIgniter.php(802): App\Controllers\Management->test_std()
#4 /var/www/app/system/CodeIgniter.php(399): CodeIgniter\CodeIgniter->runController(Object(App\Controllers\Management))
#5 /var/www/app/system/CodeIgniter.php(317): CodeIgniter\CodeIgniter->handleRequest(NULL, Object(Config\Cache), false)
#6 /var/www/app/public/index.php(37): CodeIgniter\CodeIgniter->run()
#7 {main}
CRITICAL - 2021-11-11 03:03:48 --> bcadd(): bcmath function argument is not well-formed
#0 [internal function]: CodeIgniter\Debug\Exceptions->errorHandler(2, 'bcadd(): bcmath...', '/var/www/app/ap...', 682, Array)
#1 /var/www/app/app/Controllers/Management.php(682): bcadd('0.0019433420137...', '4.7159317258237...', 18)
#2 /var/www/app/app/Controllers/Management.php(696): App\Controllers\Management->std_deviation(Array)
#3 /var/www/app/system/CodeIgniter.php(802): App\Controllers\Management->test_std()
#4 /var/www/app/system/CodeIgniter.php(399): CodeIgniter\CodeIgniter->runController(Object(App\Controllers\Management))
#5 /var/www/app/system/CodeIgniter.php(317): CodeIgniter\CodeIgniter->handleRequest(NULL, Object(Config\Cache), false)
#6 /var/www/app/public/index.php(37): CodeIgniter\CodeIgniter->run()
#7 {main}
CRITICAL - 2021-11-11 03:04:29 --> bcadd(): bcmath function argument is not well-formed
#0 [internal function]: CodeIgniter\Debug\Exceptions->errorHandler(2, 'bcadd(): bcmath...', '/var/www/app/ap...', 682, Array)
#1 /var/www/app/app/Controllers/Management.php(682): bcadd('0.0019433420137...', '4.7159317258237...', 18)
#2 /var/www/app/app/Controllers/Management.php(696): App\Controllers\Management->std_deviation(Array)
#3 /var/www/app/system/CodeIgniter.php(802): App\Controllers\Management->test_std()
#4 /var/www/app/system/CodeIgniter.php(399): CodeIgniter\CodeIgniter->runController(Object(App\Controllers\Management))
#5 /var/www/app/system/CodeIgniter.php(317): CodeIgniter\CodeIgniter->handleRequest(NULL, Object(Config\Cache), false)
#6 /var/www/app/public/index.php(37): CodeIgniter\CodeIgniter->run()
#7 {main}
CRITICAL - 2021-11-11 03:08:22 --> bcadd(): bcmath function argument is not well-formed
#0 [internal function]: CodeIgniter\Debug\Exceptions->errorHandler(2, 'bcadd(): bcmath...', '/var/www/app/ap...', 682, Array)
#1 /var/www/app/app/Controllers/Management.php(682): bcadd('0', '6,593.439999999...', 18)
#2 /var/www/app/app/Controllers/Management.php(854): App\Controllers\Management->std_deviation(Array)
#3 /var/www/app/app/Controllers/Management.php(636): App\Controllers\Management->setnormastdmeancermat('4')
#4 /var/www/app/system/CodeIgniter.php(802): App\Controllers\Management->hitung_hasil_test('4')
#5 /var/www/app/system/CodeIgniter.php(399): CodeIgniter\CodeIgniter->runController(Object(App\Controllers\Management))
#6 /var/www/app/system/CodeIgniter.php(317): CodeIgniter\CodeIgniter->handleRequest(NULL, Object(Config\Cache), false)
#7 /var/www/app/public/index.php(37): CodeIgniter\CodeIgniter->run()
#8 {main}
CRITICAL - 2021-11-11 03:09:25 --> bcadd(): bcmath function argument is not well-formed
#0 [internal function]: CodeIgniter\Debug\Exceptions->errorHandler(2, 'bcadd(): bcmath...', '/var/www/app/ap...', 682, Array)
#1 /var/www/app/app/Controllers/Management.php(682): bcadd('0.0000000000000...', '6,593.439999999...', 18)
#2 /var/www/app/app/Controllers/Management.php(854): App\Controllers\Management->std_deviation(Array)
#3 /var/www/app/app/Controllers/Management.php(636): App\Controllers\Management->setnormastdmeancermat('4')
#4 /var/www/app/system/CodeIgniter.php(802): App\Controllers\Management->hitung_hasil_test('4')
#5 /var/www/app/system/CodeIgniter.php(399): CodeIgniter\CodeIgniter->runController(Object(App\Controllers\Management))
#6 /var/www/app/system/CodeIgniter.php(317): CodeIgniter\CodeIgniter->handleRequest(NULL, Object(Config\Cache), false)
#7 /var/www/app/public/index.php(37): CodeIgniter\CodeIgniter->run()
#8 {main}
CRITICAL - 2021-11-11 03:12:10 --> A non well formed numeric value encountered
#0 /var/www/app/app/Controllers/Management.php(684): CodeIgniter\Debug\Exceptions->errorHandler(8, 'A non well form...', '/var/www/app/ap...', 684, Array)
#1 /var/www/app/app/Controllers/Management.php(855): App\Controllers\Management->std_deviation(Array)
#2 /var/www/app/app/Controllers/Management.php(636): App\Controllers\Management->setnormastdmeancermat('4')
#3 /var/www/app/system/CodeIgniter.php(802): App\Controllers\Management->hitung_hasil_test('4')
#4 /var/www/app/system/CodeIgniter.php(399): CodeIgniter\CodeIgniter->runController(Object(App\Controllers\Management))
#5 /var/www/app/system/CodeIgniter.php(317): CodeIgniter\CodeIgniter->handleRequest(NULL, Object(Config\Cache), false)
#6 /var/www/app/public/index.php(37): CodeIgniter\CodeIgniter->run()
#7 {main}
CRITICAL - 2021-11-11 04:09:24 --> Call to a member function getRow() on array
#0 /var/www/app/system/CodeIgniter.php(802): App\Controllers\Management->getKecAtas('4')
#1 /var/www/app/system/CodeIgniter.php(399): CodeIgniter\CodeIgniter->runController(Object(App\Controllers\Management))
#2 /var/www/app/system/CodeIgniter.php(317): CodeIgniter\CodeIgniter->handleRequest(NULL, Object(Config\Cache), false)
#3 /var/www/app/public/index.php(37): CodeIgniter\CodeIgniter->run()
#4 {main}
CRITICAL - 2021-11-11 04:10:03 --> Call to a member function getRow() on array
#0 /var/www/app/system/CodeIgniter.php(802): App\Controllers\Management->getKecAtas('4')
#1 /var/www/app/system/CodeIgniter.php(399): CodeIgniter\CodeIgniter->runController(Object(App\Controllers\Management))
#2 /var/www/app/system/CodeIgniter.php(317): CodeIgniter\CodeIgniter->handleRequest(NULL, Object(Config\Cache), false)
#3 /var/www/app/public/index.php(37): CodeIgniter\CodeIgniter->run()
#4 {main}
CRITICAL - 2021-11-11 04:22:06 --> bcdiv(): Division by zero
#0 [internal function]: CodeIgniter\Debug\Exceptions->errorHandler(2, 'bcdiv(): Divisi...', '/var/www/app/ap...', 1316, Array)
#1 /var/www/app/app/Controllers/Management.php(1316): bcdiv('20', '0.0000000000000...', 18)
#2 /var/www/app/app/Controllers/Management.php(629): App\Controllers\Management->hitung_hasil_cermat('4', 7, '5')
#3 /var/www/app/system/CodeIgniter.php(802): App\Controllers\Management->hitung_hasil_test('4')
#4 /var/www/app/system/CodeIgniter.php(399): CodeIgniter\CodeIgniter->runController(Object(App\Controllers\Management))
#5 /var/www/app/system/CodeIgniter.php(317): CodeIgniter\CodeIgniter->handleRequest(NULL, Object(Config\Cache), false)
#6 /var/www/app/public/index.php(37): CodeIgniter\CodeIgniter->run()
#7 {main}
CRITICAL - 2021-11-11 04:24:16 --> Division by zero
#0 /var/www/app/app/Controllers/Management.php(1316): CodeIgniter\Debug\Exceptions->errorHandler(2, 'Division by zer...', '/var/www/app/ap...', 1316, Array)
#1 /var/www/app/app/Controllers/Management.php(629): App\Controllers\Management->hitung_hasil_cermat('4', 7, '5')
#2 /var/www/app/system/CodeIgniter.php(802): App\Controllers\Management->hitung_hasil_test('4')
#3 /var/www/app/system/CodeIgniter.php(399): CodeIgniter\CodeIgniter->runController(Object(App\Controllers\Management))
#4 /var/www/app/system/CodeIgniter.php(317): CodeIgniter\CodeIgniter->handleRequest(NULL, Object(Config\Cache), false)
#5 /var/www/app/public/index.php(37): CodeIgniter\CodeIgniter->run()
#6 {main}
CRITICAL - 2021-11-11 04:34:18 --> Call to undefined method App\Controllers\Management::getKecAtas()
#0 /var/www/app/app/Controllers/Management.php(629): App\Controllers\Management->hitung_hasil_cermat('4', 7, '5')
#1 /var/www/app/system/CodeIgniter.php(802): App\Controllers\Management->hitung_hasil_test('4')
#2 /var/www/app/system/CodeIgniter.php(399): CodeIgniter\CodeIgniter->runController(Object(App\Controllers\Management))
#3 /var/www/app/system/CodeIgniter.php(317): CodeIgniter\CodeIgniter->handleRequest(NULL, Object(Config\Cache), false)
#4 /var/www/app/public/index.php(37): CodeIgniter\CodeIgniter->run()
#5 {main}
CRITICAL - 2021-11-11 21:24:50 --> Undefined variable: ws_kecepatan
#0 /var/www/app/app/Controllers/Management.php(1389): CodeIgniter\Debug\Exceptions->errorHandler(8, 'Undefined varia...', '/var/www/app/ap...', 1389, Array)
#1 /var/www/app/app/Controllers/Management.php(629): App\Controllers\Management->hitung_hasil_cermat('4', 7, '5')
#2 /var/www/app/system/CodeIgniter.php(802): App\Controllers\Management->hitung_hasil_test('4')
#3 /var/www/app/system/CodeIgniter.php(399): CodeIgniter\CodeIgniter->runController(Object(App\Controllers\Management))
#4 /var/www/app/system/CodeIgniter.php(317): CodeIgniter\CodeIgniter->handleRequest(NULL, Object(Config\Cache), false)
#5 /var/www/app/public/index.php(37): CodeIgniter\CodeIgniter->run()
#6 {main}
CRITICAL - 2021-11-11 21:24:50 --> Undefined variable: ws_kecepatan
#0 /var/www/app/app/Controllers/Management.php(1389): CodeIgniter\Debug\Exceptions->errorHandler(8, 'Undefined varia...', '/var/www/app/ap...', 1389, Array)
#1 /var/www/app/app/Controllers/Management.php(629): App\Controllers\Management->hitung_hasil_cermat('4', 7, '5')
#2 /var/www/app/system/CodeIgniter.php(802): App\Controllers\Management->hitung_hasil_test('4')
#3 /var/www/app/system/CodeIgniter.php(399): CodeIgniter\CodeIgniter->runController(Object(App\Controllers\Management))
#4 /var/www/app/system/CodeIgniter.php(317): CodeIgniter\CodeIgniter->handleRequest(NULL, Object(Config\Cache), false)
#5 /var/www/app/public/index.php(37): CodeIgniter\CodeIgniter->run()
#6 {main}
CRITICAL - 2021-11-11 21:25:54 --> Undefined variable: id_peserta
#0 /var/www/app/app/Controllers/Management.php(640): CodeIgniter\Debug\Exceptions->errorHandler(8, 'Undefined varia...', '/var/www/app/ap...', 640, Array)
#1 /var/www/app/system/CodeIgniter.php(802): App\Controllers\Management->hitung_hasil_test('4')
#2 /var/www/app/system/CodeIgniter.php(399): CodeIgniter\CodeIgniter->runController(Object(App\Controllers\Management))
#3 /var/www/app/system/CodeIgniter.php(317): CodeIgniter\CodeIgniter->handleRequest(NULL, Object(Config\Cache), false)
#4 /var/www/app/public/index.php(37): CodeIgniter\CodeIgniter->run()
#5 {main}
CRITICAL - 2021-11-11 21:27:04 --> Undefined property: App\Controllers\Management::$get_jumlah_salah
#0 /var/www/app/app/Controllers/Management.php(1480): CodeIgniter\Debug\Exceptions->errorHandler(8, 'Undefined prope...', '/var/www/app/ap...', 1480, Array)
#1 /var/www/app/app/Controllers/Management.php(640): App\Controllers\Management->hitung_hasil_cermat_ext('4', 7, '5')
#2 /var/www/app/system/CodeIgniter.php(802): App\Controllers\Management->hitung_hasil_test('4')
#3 /var/www/app/system/CodeIgniter.php(399): CodeIgniter\CodeIgniter->runController(Object(App\Controllers\Management))
#4 /var/www/app/system/CodeIgniter.php(317): CodeIgniter\CodeIgniter->handleRequest(NULL, Object(Config\Cache), false)
#5 /var/www/app/public/index.php(37): CodeIgniter\CodeIgniter->run()
#6 {main}
CRITICAL - 2021-11-11 22:03:02 --> Call to undefined function App\Controllers\float()
#0 /var/www/app/app/Controllers/Management.php(640): App\Controllers\Management->hitung_hasil_cermat_ext('4', 7, '5')
#1 /var/www/app/system/CodeIgniter.php(802): App\Controllers\Management->hitung_hasil_test('4')
#2 /var/www/app/system/CodeIgniter.php(399): CodeIgniter\CodeIgniter->runController(Object(App\Controllers\Management))
#3 /var/www/app/system/CodeIgniter.php(317): CodeIgniter\CodeIgniter->handleRequest(NULL, Object(Config\Cache), false)
#4 /var/www/app/public/index.php(37): CodeIgniter\CodeIgniter->run()
#5 {main}
CRITICAL - 2021-11-11 22:54:12 --> Undefined variable: db
#0 /var/www/app/app/Controllers/Management.php(1516): CodeIgniter\Debug\Exceptions->errorHandler(8, 'Undefined varia...', '/var/www/app/ap...', 1516, Array)
#1 /var/www/app/app/Controllers/Management.php(640): App\Controllers\Management->hitung_hasil_cermat_ext('4', 7, '5')
#2 /var/www/app/system/CodeIgniter.php(802): App\Controllers\Management->hitung_hasil_test('4')
#3 /var/www/app/system/CodeIgniter.php(399): CodeIgniter\CodeIgniter->runController(Object(App\Controllers\Management))
#4 /var/www/app/system/CodeIgniter.php(317): CodeIgniter\CodeIgniter->handleRequest(NULL, Object(Config\Cache), false)
#5 /var/www/app/public/index.php(37): CodeIgniter\CodeIgniter->run()
#6 {main}
