CRITICAL - 2021-11-10 20:15:06 --> Trying to get property 'first_name' of non-object
#0 /var/www/app/app/Views/management/header.php(469): CodeIgniter\Debug\Exceptions->errorHandler(8, 'Trying to get p...', '/var/www/app/ap...', 469, Array)
#1 /var/www/app/system/View/View.php(214): include('/var/www/app/ap...')
#2 /var/www/app/system/View/View.php(217): CodeIgniter\View\View->CodeIgniter\View\{closure}()
#3 /var/www/app/system/Common.php(1092): CodeIgniter\View\View->render('management/head...', Array, true)
#4 /var/www/app/app/Views/management/user.php(97): view('management/head...')
#5 /var/www/app/system/View/View.php(214): include('/var/www/app/ap...')
#6 /var/www/app/system/View/View.php(217): CodeIgniter\View\View->CodeIgniter\View\{closure}()
#7 /var/www/app/system/Common.php(1092): CodeIgniter\View\View->render('management/user', Array, true)
#8 /var/www/app/app/Controllers/Management.php(434): view('management/user', Array)
#9 /var/www/app/system/CodeIgniter.php(802): App\Controllers\Management->daytest()
#10 /var/www/app/system/CodeIgniter.php(399): CodeIgniter\CodeIgniter->runController(Object(App\Controllers\Management))
#11 /var/www/app/system/CodeIgniter.php(317): CodeIgniter\CodeIgniter->handleRequest(NULL, Object(Config\Cache), false)
#12 /var/www/app/public/index.php(37): CodeIgniter\CodeIgniter->run()
#13 {main}
ERROR - 2021-11-10 20:16:12 --> Unknown column 'kp.id_pertanyaan' in 'where clause'
CRITICAL - 2021-11-10 20:16:12 --> Unknown column 'kp.id_pertanyaan' in 'where clause'
#0 /var/www/app/system/Database/MySQLi/Connection.php(280): mysqli->query('SELECT * FROM j...')
#1 /var/www/app/system/Database/BaseConnection.php(663): CodeIgniter\Database\MySQLi\Connection->execute('SELECT * FROM j...')
#2 /var/www/app/system/Database/BaseConnection.php(591): CodeIgniter\Database\BaseConnection->simpleQuery('SELECT * FROM j...')
#3 /var/www/app/app/Controllers/Management.php(817): CodeIgniter\Database\BaseConnection->query('SELECT * FROM j...')
#4 /var/www/app/system/CodeIgniter.php(802): App\Controllers\Management->hitung_hasil_pribadi('4', '5', '5')
#5 /var/www/app/system/CodeIgniter.php(399): CodeIgniter\CodeIgniter->runController(Object(App\Controllers\Management))
#6 /var/www/app/system/CodeIgniter.php(317): CodeIgniter\CodeIgniter->handleRequest(NULL, Object(Config\Cache), false)
#7 /var/www/app/public/index.php(37): CodeIgniter\CodeIgniter->run()
#8 {main}
CRITICAL - 2021-11-10 21:04:42 --> Call to undefined method App\Controllers\Management::getIdPesertaByIdUser()
#0 /var/www/app/system/CodeIgniter.php(802): App\Controllers\Management->hitung_hasil_cerdas('4', '5', '5')
#1 /var/www/app/system/CodeIgniter.php(399): CodeIgniter\CodeIgniter->runController(Object(App\Controllers\Management))
#2 /var/www/app/system/CodeIgniter.php(317): CodeIgniter\CodeIgniter->handleRequest(NULL, Object(Config\Cache), false)
#3 /var/www/app/public/index.php(37): CodeIgniter\CodeIgniter->run()
#4 {main}
CRITICAL - 2021-11-10 21:07:14 --> Cannot redeclare App\Controllers\Management::hitung_hasil_pribadi()
#0 [internal function]: CodeIgniter\Debug\Exceptions->shutdownHandler()
#1 {main}
ERROR - 2021-11-10 21:19:47 --> You have an error in your SQL syntax; check the manual that corresponds to your MariaDB server version for the right syntax to use near ')' at line 1
CRITICAL - 2021-11-10 21:19:47 --> You have an error in your SQL syntax; check the manual that corresponds to your MariaDB server version for the right syntax to use near ')' at line 1
#0 /var/www/app/system/Database/MySQLi/Connection.php(280): mysqli->query('UPDATE hasil_uj...')
#1 /var/www/app/system/Database/BaseConnection.php(663): CodeIgniter\Database\MySQLi\Connection->execute('UPDATE hasil_uj...')
#2 /var/www/app/system/Database/BaseConnection.php(591): CodeIgniter\Database\BaseConnection->simpleQuery('UPDATE hasil_uj...')
#3 /var/www/app/app/Controllers/Management.php(814): CodeIgniter\Database\BaseConnection->query('UPDATE hasil_uj...')
#4 /var/www/app/system/CodeIgniter.php(802): App\Controllers\Management->hitung_hasil_cerdas('4', '5', '5')
#5 /var/www/app/system/CodeIgniter.php(399): CodeIgniter\CodeIgniter->runController(Object(App\Controllers\Management))
#6 /var/www/app/system/CodeIgniter.php(317): CodeIgniter\CodeIgniter->handleRequest(NULL, Object(Config\Cache), false)
#7 /var/www/app/public/index.php(37): CodeIgniter\CodeIgniter->run()
#8 {main}
ERROR - 2021-11-10 21:24:22 --> You have an error in your SQL syntax; check the manual that corresponds to your MariaDB server version for the right syntax to use near '='39',prososial='42',penyesuaian_diri='39',kepercayaan_diri='36',motif_berpre...' at line 1
CRITICAL - 2021-11-10 21:24:22 --> You have an error in your SQL syntax; check the manual that corresponds to your MariaDB server version for the right syntax to use near '='39',prososial='42',penyesuaian_diri='39',kepercayaan_diri='36',motif_berpre...' at line 1
#0 /var/www/app/system/Database/MySQLi/Connection.php(280): mysqli->query('UPDATE hasil_uj...')
#1 /var/www/app/system/Database/BaseConnection.php(663): CodeIgniter\Database\MySQLi\Connection->execute('UPDATE hasil_uj...')
#2 /var/www/app/system/Database/BaseConnection.php(591): CodeIgniter\Database\BaseConnection->simpleQuery('UPDATE hasil_uj...')
#3 /var/www/app/app/Controllers/Management.php(903): CodeIgniter\Database\BaseConnection->query('UPDATE hasil_uj...')
#4 /var/www/app/system/CodeIgniter.php(802): App\Controllers\Management->hitung_hasil_pribadi('4', '6', '5')
#5 /var/www/app/system/CodeIgniter.php(399): CodeIgniter\CodeIgniter->runController(Object(App\Controllers\Management))
#6 /var/www/app/system/CodeIgniter.php(317): CodeIgniter\CodeIgniter->handleRequest(NULL, Object(Config\Cache), false)
#7 /var/www/app/public/index.php(37): CodeIgniter\CodeIgniter->run()
#8 {main}
ERROR - 2021-11-10 21:25:24 --> You have an error in your SQL syntax; check the manual that corresponds to your MariaDB server version for the right syntax to use near '='39',prososial='42',penyesuaian_diri='39',kepercayaan_diri='36',motif_berpre...' at line 1
CRITICAL - 2021-11-10 21:25:24 --> You have an error in your SQL syntax; check the manual that corresponds to your MariaDB server version for the right syntax to use near '='39',prososial='42',penyesuaian_diri='39',kepercayaan_diri='36',motif_berpre...' at line 1
#0 /var/www/app/system/Database/MySQLi/Connection.php(280): mysqli->query('UPDATE hasil_uj...')
#1 /var/www/app/system/Database/BaseConnection.php(663): CodeIgniter\Database\MySQLi\Connection->execute('UPDATE hasil_uj...')
#2 /var/www/app/system/Database/BaseConnection.php(591): CodeIgniter\Database\BaseConnection->simpleQuery('UPDATE hasil_uj...')
#3 /var/www/app/app/Controllers/Management.php(903): CodeIgniter\Database\BaseConnection->query('UPDATE hasil_uj...')
#4 /var/www/app/system/CodeIgniter.php(802): App\Controllers\Management->hitung_hasil_pribadi('4', '6', '5')
#5 /var/www/app/system/CodeIgniter.php(399): CodeIgniter\CodeIgniter->runController(Object(App\Controllers\Management))
#6 /var/www/app/system/CodeIgniter.php(317): CodeIgniter\CodeIgniter->handleRequest(NULL, Object(Config\Cache), false)
#7 /var/www/app/public/index.php(37): CodeIgniter\CodeIgniter->run()
#8 {main}
ERROR - 2021-11-10 21:25:56 --> You have an error in your SQL syntax; check the manual that corresponds to your MariaDB server version for the right syntax to use near ')' at line 1
CRITICAL - 2021-11-10 21:25:56 --> You have an error in your SQL syntax; check the manual that corresponds to your MariaDB server version for the right syntax to use near ')' at line 1
#0 /var/www/app/system/Database/MySQLi/Connection.php(280): mysqli->query('UPDATE hasil_uj...')
#1 /var/www/app/system/Database/BaseConnection.php(663): CodeIgniter\Database\MySQLi\Connection->execute('UPDATE hasil_uj...')
#2 /var/www/app/system/Database/BaseConnection.php(591): CodeIgniter\Database\BaseConnection->simpleQuery('UPDATE hasil_uj...')
#3 /var/www/app/app/Controllers/Management.php(903): CodeIgniter\Database\BaseConnection->query('UPDATE hasil_uj...')
#4 /var/www/app/system/CodeIgniter.php(802): App\Controllers\Management->hitung_hasil_pribadi('4', '6', '5')
#5 /var/www/app/system/CodeIgniter.php(399): CodeIgniter\CodeIgniter->runController(Object(App\Controllers\Management))
#6 /var/www/app/system/CodeIgniter.php(317): CodeIgniter\CodeIgniter->handleRequest(NULL, Object(Config\Cache), false)
#7 /var/www/app/public/index.php(37): CodeIgniter\CodeIgniter->run()
#8 {main}
