CRITICAL - 2021-12-05 01:53:18 --> Trying to get property 'id' of non-object
#0 /var/www/app/app/Controllers/Participant.php(94): CodeIgniter\Debug\Exceptions->errorHandler(8, 'Trying to get p...', '/var/www/app/ap...', 94, Array)
#1 /var/www/app/app/Controllers/Participant.php(42): App\Controllers\Participant->getIdPesertaByIdUser()
#2 /var/www/app/system/CodeIgniter.php(802): App\Controllers\Participant->ujian('7')
#3 /var/www/app/system/CodeIgniter.php(399): CodeIgniter\CodeIgniter->runController(Object(App\Controllers\Participant))
#4 /var/www/app/system/CodeIgniter.php(317): CodeIgniter\CodeIgniter->handleRequest(NULL, Object(Config\Cache), false)
#5 /var/www/app/public/index.php(37): CodeIgniter\CodeIgniter->run()
#6 {main}
CRITICAL - 2021-12-05 03:37:45 --> Array to string conversion
#0 /var/www/app/app/Libraries/GroceryCrud.php(2320): CodeIgniter\Debug\Exceptions->errorHandler(8, 'Array to string...', '/var/www/app/ap...', 2320, Array)
#1 /var/www/app/app/Libraries/GroceryCrud.php(231): App\Libraries\grocery_CRUD_Layout->get_dropdown_input(Object(stdClass), '0')
#2 /var/www/app/app/Libraries/GroceryCrud.php(2591): App\Libraries\grocery_CRUD_Field_Types->get_field_input(Object(stdClass), '0')
#3 /var/www/app/app/Libraries/GroceryCrud.php(1832): App\Libraries\grocery_CRUD_Layout->get_edit_input_fields(Object(stdClass))
#4 /var/www/app/app/Libraries/GroceryCrud.php(4532): App\Libraries\grocery_CRUD_Layout->showEditForm(Object(stdClass))
#5 /var/www/app/app/Controllers/Management.php(508): App\Libraries\GroceryCrud->render()
#6 /var/www/app/system/CodeIgniter.php(802): App\Controllers\Management->daytest('edit', '6')
#7 /var/www/app/system/CodeIgniter.php(399): CodeIgniter\CodeIgniter->runController(Object(App\Controllers\Management))
#8 /var/www/app/system/CodeIgniter.php(317): CodeIgniter\CodeIgniter->handleRequest(NULL, Object(Config\Cache), false)
#9 /var/www/app/public/index.php(37): CodeIgniter\CodeIgniter->run()
#10 {main}
CRITICAL - 2021-12-05 03:52:24 --> Undefined property: stdClass::$ujian_cerdas
#0 /var/www/app/app/Controllers/Management.php(511): CodeIgniter\Debug\Exceptions->errorHandler(8, 'Undefined prope...', '/var/www/app/ap...', 511, Array)
#1 [internal function]: App\Controllers\Management->App\Controllers\{closure}(Object(stdClass))
#2 /var/www/app/app/Libraries/GroceryCrud.php(1130): call_user_func(Object(Closure), Object(stdClass))
#3 /var/www/app/app/Libraries/GroceryCrud.php(4570): App\Libraries\grocery_CRUD_Model_Driver->db_update(Object(stdClass))
#4 /var/www/app/app/Controllers/Management.php(533): App\Libraries\GroceryCrud->render()
#5 /var/www/app/system/CodeIgniter.php(802): App\Controllers\Management->daytest('update', '6')
#6 /var/www/app/system/CodeIgniter.php(399): CodeIgniter\CodeIgniter->runController(Object(App\Controllers\Management))
#7 /var/www/app/system/CodeIgniter.php(317): CodeIgniter\CodeIgniter->handleRequest(NULL, Object(Config\Cache), false)
#8 /var/www/app/public/index.php(37): CodeIgniter\CodeIgniter->run()
#9 {main}
CRITICAL - 2021-12-05 03:53:44 --> Trying to get property 'ujian_cerdas' of non-object
#0 /var/www/app/app/Controllers/Management.php(511): CodeIgniter\Debug\Exceptions->errorHandler(8, 'Trying to get p...', '/var/www/app/ap...', 511, Array)
#1 [internal function]: App\Controllers\Management->App\Controllers\{closure}(Object(stdClass))
#2 /var/www/app/app/Libraries/GroceryCrud.php(1130): call_user_func(Object(Closure), Object(stdClass))
#3 /var/www/app/app/Libraries/GroceryCrud.php(4570): App\Libraries\grocery_CRUD_Model_Driver->db_update(Object(stdClass))
#4 /var/www/app/app/Controllers/Management.php(533): App\Libraries\GroceryCrud->render()
#5 /var/www/app/system/CodeIgniter.php(802): App\Controllers\Management->daytest('update', '6')
#6 /var/www/app/system/CodeIgniter.php(399): CodeIgniter\CodeIgniter->runController(Object(App\Controllers\Management))
#7 /var/www/app/system/CodeIgniter.php(317): CodeIgniter\CodeIgniter->handleRequest(NULL, Object(Config\Cache), false)
#8 /var/www/app/public/index.php(37): CodeIgniter\CodeIgniter->run()
#9 {main}
CRITICAL - 2021-12-05 04:17:28 --> A non-numeric value encountered
#0 /var/www/app/app/Controllers/Management.php(514): CodeIgniter\Debug\Exceptions->errorHandler(2, 'A non-numeric v...', '/var/www/app/ap...', 514, Array)
#1 [internal function]: App\Controllers\Management->App\Controllers\{closure}(Object(stdClass))
#2 /var/www/app/app/Libraries/GroceryCrud.php(1130): call_user_func(Object(Closure), Object(stdClass))
#3 /var/www/app/app/Libraries/GroceryCrud.php(4570): App\Libraries\grocery_CRUD_Model_Driver->db_update(Object(stdClass))
#4 /var/www/app/app/Controllers/Management.php(533): App\Libraries\GroceryCrud->render()
#5 /var/www/app/system/CodeIgniter.php(802): App\Controllers\Management->daytest('update', '6')
#6 /var/www/app/system/CodeIgniter.php(399): CodeIgniter\CodeIgniter->runController(Object(App\Controllers\Management))
#7 /var/www/app/system/CodeIgniter.php(317): CodeIgniter\CodeIgniter->handleRequest(NULL, Object(Config\Cache), false)
#8 /var/www/app/public/index.php(37): CodeIgniter\CodeIgniter->run()
#9 {main}
CRITICAL - 2021-12-05 04:19:25 --> A non-numeric value encountered
#0 /var/www/app/app/Controllers/Management.php(515): CodeIgniter\Debug\Exceptions->errorHandler(2, 'A non-numeric v...', '/var/www/app/ap...', 515, Array)
#1 [internal function]: App\Controllers\Management->App\Controllers\{closure}(Object(stdClass))
#2 /var/www/app/app/Libraries/GroceryCrud.php(1130): call_user_func(Object(Closure), Object(stdClass))
#3 /var/www/app/app/Libraries/GroceryCrud.php(4570): App\Libraries\grocery_CRUD_Model_Driver->db_update(Object(stdClass))
#4 /var/www/app/app/Controllers/Management.php(534): App\Libraries\GroceryCrud->render()
#5 /var/www/app/system/CodeIgniter.php(802): App\Controllers\Management->daytest('update', '6')
#6 /var/www/app/system/CodeIgniter.php(399): CodeIgniter\CodeIgniter->runController(Object(App\Controllers\Management))
#7 /var/www/app/system/CodeIgniter.php(317): CodeIgniter\CodeIgniter->handleRequest(NULL, Object(Config\Cache), false)
#8 /var/www/app/public/index.php(37): CodeIgniter\CodeIgniter->run()
#9 {main}
CRITICAL - 2021-12-05 04:22:00 --> A non-numeric value encountered
#0 /var/www/app/app/Controllers/Management.php(501): CodeIgniter\Debug\Exceptions->errorHandler(2, 'A non-numeric v...', '/var/www/app/ap...', 501, Array)
#1 [internal function]: App\Controllers\Management->App\Controllers\{closure}(Object(stdClass))
#2 /var/www/app/app/Libraries/GroceryCrud.php(990): call_user_func(Object(Closure), Object(stdClass))
#3 /var/www/app/app/Libraries/GroceryCrud.php(4557): App\Libraries\grocery_CRUD_Model_Driver->db_insert(Object(stdClass))
#4 /var/www/app/app/Controllers/Management.php(533): App\Libraries\GroceryCrud->render()
#5 /var/www/app/system/CodeIgniter.php(802): App\Controllers\Management->daytest('insert')
#6 /var/www/app/system/CodeIgniter.php(399): CodeIgniter\CodeIgniter->runController(Object(App\Controllers\Management))
#7 /var/www/app/system/CodeIgniter.php(317): CodeIgniter\CodeIgniter->handleRequest(NULL, Object(Config\Cache), false)
#8 /var/www/app/public/index.php(37): CodeIgniter\CodeIgniter->run()
#9 {main}
CRITICAL - 2021-12-05 04:22:55 --> A non-numeric value encountered
#0 /var/www/app/app/Controllers/Management.php(501): CodeIgniter\Debug\Exceptions->errorHandler(2, 'A non-numeric v...', '/var/www/app/ap...', 501, Array)
#1 [internal function]: App\Controllers\Management->App\Controllers\{closure}(Object(stdClass))
#2 /var/www/app/app/Libraries/GroceryCrud.php(990): call_user_func(Object(Closure), Object(stdClass))
#3 /var/www/app/app/Libraries/GroceryCrud.php(4557): App\Libraries\grocery_CRUD_Model_Driver->db_insert(Object(stdClass))
#4 /var/www/app/app/Controllers/Management.php(533): App\Libraries\GroceryCrud->render()
#5 /var/www/app/system/CodeIgniter.php(802): App\Controllers\Management->daytest('insert')
#6 /var/www/app/system/CodeIgniter.php(399): CodeIgniter\CodeIgniter->runController(Object(App\Controllers\Management))
#7 /var/www/app/system/CodeIgniter.php(317): CodeIgniter\CodeIgniter->handleRequest(NULL, Object(Config\Cache), false)
#8 /var/www/app/public/index.php(37): CodeIgniter\CodeIgniter->run()
#9 {main}
