CRITICAL - 2021-12-26 20:22:14 --> Class 'Config\CustomRules' not found
#0 /var/www/app/system/Validation/Validation.php(115): CodeIgniter\Validation\Validation->loadRuleSets()
#1 /var/www/app/app/Controllers/Auth.php(81): CodeIgniter\Validation\Validation->run()
#2 /var/www/app/system/CodeIgniter.php(802): App\Controllers\Auth->login()
#3 /var/www/app/system/CodeIgniter.php(399): CodeIgniter\CodeIgniter->runController(Object(App\Controllers\Auth))
#4 /var/www/app/system/CodeIgniter.php(317): CodeIgniter\CodeIgniter->handleRequest(NULL, Object(Config\Cache), false)
#5 /var/www/app/public/index.php(37): CodeIgniter\CodeIgniter->run()
#6 {main}
CRITICAL - 2021-12-26 20:29:30 --> Argument 2 passed to App\Validation\CustomRules::atLeastTwo() must be of the type string, null given, called in /var/www/app/system/Validation/Validation.php on line 277
#0 /var/www/app/system/Validation/Validation.php(277): App\Validation\CustomRules->atLeastTwo('11', NULL)
#1 /var/www/app/system/Validation/Validation.php(151): CodeIgniter\Validation\Validation->processRules('peserta_test', 'peserta_test', '11', Array, Array)
#2 /var/www/app/app/Libraries/GroceryCrud.php(737): CodeIgniter\Validation\Validation->run(Array)
#3 /var/www/app/app/Libraries/GroceryCrud.php(4612): App\Libraries\grocery_CRUD_Model_Driver->db_insert_validation()
#4 /var/www/app/app/Controllers/Management.php(593): App\Libraries\GroceryCrud->render()
#5 /var/www/app/system/CodeIgniter.php(802): App\Controllers\Management->daytest('insert_validati...')
#6 /var/www/app/system/CodeIgniter.php(399): CodeIgniter\CodeIgniter->runController(Object(App\Controllers\Management))
#7 /var/www/app/system/CodeIgniter.php(317): CodeIgniter\CodeIgniter->handleRequest(NULL, Object(Config\Cache), false)
#8 /var/www/app/public/index.php(37): CodeIgniter\CodeIgniter->run()
#9 {main}
CRITICAL - 2021-12-26 20:29:53 --> Argument 2 passed to App\Validation\CustomRules::atLeastTwo() must be of the type array, null given, called in /var/www/app/system/Validation/Validation.php on line 277
#0 /var/www/app/system/Validation/Validation.php(277): App\Validation\CustomRules->atLeastTwo('11', NULL)
#1 /var/www/app/system/Validation/Validation.php(151): CodeIgniter\Validation\Validation->processRules('peserta_test', 'peserta_test', '11', Array, Array)
#2 /var/www/app/app/Libraries/GroceryCrud.php(737): CodeIgniter\Validation\Validation->run(Array)
#3 /var/www/app/app/Libraries/GroceryCrud.php(4612): App\Libraries\grocery_CRUD_Model_Driver->db_insert_validation()
#4 /var/www/app/app/Controllers/Management.php(593): App\Libraries\GroceryCrud->render()
#5 /var/www/app/system/CodeIgniter.php(802): App\Controllers\Management->daytest('insert_validati...')
#6 /var/www/app/system/CodeIgniter.php(399): CodeIgniter\CodeIgniter->runController(Object(App\Controllers\Management))
#7 /var/www/app/system/CodeIgniter.php(317): CodeIgniter\CodeIgniter->handleRequest(NULL, Object(Config\Cache), false)
#8 /var/www/app/public/index.php(37): CodeIgniter\CodeIgniter->run()
#9 {main}
CRITICAL - 2021-12-26 20:36:04 --> Array to string conversion
#0 /var/www/app/app/Validation/CustomRules.php(38): CodeIgniter\Debug\Exceptions->errorHandler(8, 'Array to string...', '/var/www/app/ap...', 38, Array)
#1 /var/www/app/system/Validation/Validation.php(277): App\Validation\CustomRules->atLeastTwo('11', Array, Array, NULL)
#2 /var/www/app/system/Validation/Validation.php(151): CodeIgniter\Validation\Validation->processRules('peserta_test', 'peserta_test', '11', Array, Array)
#3 /var/www/app/app/Libraries/GroceryCrud.php(737): CodeIgniter\Validation\Validation->run(Array)
#4 /var/www/app/app/Libraries/GroceryCrud.php(4612): App\Libraries\grocery_CRUD_Model_Driver->db_insert_validation()
#5 /var/www/app/app/Controllers/Management.php(593): App\Libraries\GroceryCrud->render()
#6 /var/www/app/system/CodeIgniter.php(802): App\Controllers\Management->daytest('insert_validati...')
#7 /var/www/app/system/CodeIgniter.php(399): CodeIgniter\CodeIgniter->runController(Object(App\Controllers\Management))
#8 /var/www/app/system/CodeIgniter.php(317): CodeIgniter\CodeIgniter->handleRequest(NULL, Object(Config\Cache), false)
#9 /var/www/app/public/index.php(37): CodeIgniter\CodeIgniter->run()
#10 {main}
CRITICAL - 2021-12-26 20:36:46 --> count(): Parameter must be an array or an object that implements Countable
#0 [internal function]: CodeIgniter\Debug\Exceptions->errorHandler(2, 'count(): Parame...', '/var/www/app/ap...', 36, Array)
#1 /var/www/app/app/Validation/CustomRules.php(36): count('peserta_test')
#2 /var/www/app/system/Validation/Validation.php(277): App\Validation\CustomRules->atLeastTwo('11', 'peserta_test', Array, NULL)
#3 /var/www/app/system/Validation/Validation.php(151): CodeIgniter\Validation\Validation->processRules('peserta_test', 'peserta_test', '11', Array, Array)
#4 /var/www/app/app/Libraries/GroceryCrud.php(737): CodeIgniter\Validation\Validation->run(Array)
#5 /var/www/app/app/Libraries/GroceryCrud.php(4612): App\Libraries\grocery_CRUD_Model_Driver->db_insert_validation()
#6 /var/www/app/app/Controllers/Management.php(593): App\Libraries\GroceryCrud->render()
#7 /var/www/app/system/CodeIgniter.php(802): App\Controllers\Management->daytest('insert_validati...')
#8 /var/www/app/system/CodeIgniter.php(399): CodeIgniter\CodeIgniter->runController(Object(App\Controllers\Management))
#9 /var/www/app/system/CodeIgniter.php(317): CodeIgniter\CodeIgniter->handleRequest(NULL, Object(Config\Cache), false)
#10 /var/www/app/public/index.php(37): CodeIgniter\CodeIgniter->run()
#11 {main}
CRITICAL - 2021-12-26 20:44:36 --> Undefined variable: POST
#0 /var/www/app/app/Validation/CustomRules.php(39): CodeIgniter\Debug\Exceptions->errorHandler(8, 'Undefined varia...', '/var/www/app/ap...', 39, Array)
#1 /var/www/app/system/Validation/Validation.php(277): App\Validation\CustomRules->atLeastTwo('11', 'peserta_test', Array, NULL)
#2 /var/www/app/system/Validation/Validation.php(151): CodeIgniter\Validation\Validation->processRules('peserta_test', 'peserta_test', '11', Array, Array)
#3 /var/www/app/app/Libraries/GroceryCrud.php(737): CodeIgniter\Validation\Validation->run(Array)
#4 /var/www/app/app/Libraries/GroceryCrud.php(4612): App\Libraries\grocery_CRUD_Model_Driver->db_insert_validation()
#5 /var/www/app/app/Controllers/Management.php(593): App\Libraries\GroceryCrud->render()
#6 /var/www/app/system/CodeIgniter.php(802): App\Controllers\Management->daytest('insert_validati...')
#7 /var/www/app/system/CodeIgniter.php(399): CodeIgniter\CodeIgniter->runController(Object(App\Controllers\Management))
#8 /var/www/app/system/CodeIgniter.php(317): CodeIgniter\CodeIgniter->handleRequest(NULL, Object(Config\Cache), false)
#9 /var/www/app/public/index.php(37): CodeIgniter\CodeIgniter->run()
#10 {main}
CRITICAL - 2021-12-26 20:44:45 --> Array to string conversion
#0 /var/www/app/app/Validation/CustomRules.php(39): CodeIgniter\Debug\Exceptions->errorHandler(8, 'Array to string...', '/var/www/app/ap...', 39, Array)
#1 /var/www/app/system/Validation/Validation.php(277): App\Validation\CustomRules->atLeastTwo('11', 'peserta_test', Array, NULL)
#2 /var/www/app/system/Validation/Validation.php(151): CodeIgniter\Validation\Validation->processRules('peserta_test', 'peserta_test', '11', Array, Array)
#3 /var/www/app/app/Libraries/GroceryCrud.php(737): CodeIgniter\Validation\Validation->run(Array)
#4 /var/www/app/app/Libraries/GroceryCrud.php(4612): App\Libraries\grocery_CRUD_Model_Driver->db_insert_validation()
#5 /var/www/app/app/Controllers/Management.php(593): App\Libraries\GroceryCrud->render()
#6 /var/www/app/system/CodeIgniter.php(802): App\Controllers\Management->daytest('insert_validati...')
#7 /var/www/app/system/CodeIgniter.php(399): CodeIgniter\CodeIgniter->runController(Object(App\Controllers\Management))
#8 /var/www/app/system/CodeIgniter.php(317): CodeIgniter\CodeIgniter->handleRequest(NULL, Object(Config\Cache), false)
#9 /var/www/app/public/index.php(37): CodeIgniter\CodeIgniter->run()
#10 {main}
CRITICAL - 2021-12-26 20:45:57 --> json_decode() expects parameter 1 to be string, array given
#0 [internal function]: CodeIgniter\Debug\Exceptions->errorHandler(2, 'json_decode() e...', '/var/www/app/ap...', 40, Array)
#1 /var/www/app/app/Validation/CustomRules.php(40): json_decode(Array)
#2 /var/www/app/system/Validation/Validation.php(277): App\Validation\CustomRules->atLeastTwo('11', 'peserta_test', Array, 'myerrors.numErr...')
#3 /var/www/app/system/Validation/Validation.php(151): CodeIgniter\Validation\Validation->processRules('peserta_test', 'peserta_test', '11', Array, Array)
#4 /var/www/app/app/Libraries/GroceryCrud.php(737): CodeIgniter\Validation\Validation->run(Array)
#5 /var/www/app/app/Libraries/GroceryCrud.php(4612): App\Libraries\grocery_CRUD_Model_Driver->db_insert_validation()
#6 /var/www/app/app/Controllers/Management.php(593): App\Libraries\GroceryCrud->render()
#7 /var/www/app/system/CodeIgniter.php(802): App\Controllers\Management->daytest('insert_validati...')
#8 /var/www/app/system/CodeIgniter.php(399): CodeIgniter\CodeIgniter->runController(Object(App\Controllers\Management))
#9 /var/www/app/system/CodeIgniter.php(317): CodeIgniter\CodeIgniter->handleRequest(NULL, Object(Config\Cache), false)
#10 /var/www/app/public/index.php(37): CodeIgniter\CodeIgniter->run()
#11 {main}
CRITICAL - 2021-12-26 20:46:59 --> Undefined variable: fileds
#0 /var/www/app/app/Validation/CustomRules.php(37): CodeIgniter\Debug\Exceptions->errorHandler(8, 'Undefined varia...', '/var/www/app/ap...', 37, Array)
#1 /var/www/app/system/Validation/Validation.php(277): App\Validation\CustomRules->atLeastTwo('11', 'peserta_test', Array, NULL)
#2 /var/www/app/system/Validation/Validation.php(151): CodeIgniter\Validation\Validation->processRules('peserta_test', 'peserta_test', '11', Array, Array)
#3 /var/www/app/app/Libraries/GroceryCrud.php(737): CodeIgniter\Validation\Validation->run(Array)
#4 /var/www/app/app/Libraries/GroceryCrud.php(4612): App\Libraries\grocery_CRUD_Model_Driver->db_insert_validation()
#5 /var/www/app/app/Controllers/Management.php(593): App\Libraries\GroceryCrud->render()
#6 /var/www/app/system/CodeIgniter.php(802): App\Controllers\Management->daytest('insert_validati...')
#7 /var/www/app/system/CodeIgniter.php(399): CodeIgniter\CodeIgniter->runController(Object(App\Controllers\Management))
#8 /var/www/app/system/CodeIgniter.php(317): CodeIgniter\CodeIgniter->handleRequest(NULL, Object(Config\Cache), false)
#9 /var/www/app/public/index.php(37): CodeIgniter\CodeIgniter->run()
#10 {main}
ERROR - 2021-12-26 21:10:18 --> You have an error in your SQL syntax; check the manual that corresponds to your MariaDB server version for the right syntax to use near '='14'' at line 1
CRITICAL - 2021-12-26 21:10:18 --> You have an error in your SQL syntax; check the manual that corresponds to your MariaDB server version for the right syntax to use near '='14'' at line 1
#0 /var/www/app/system/Database/MySQLi/Connection.php(280): mysqli->query('SELECT * FROM `...')
#1 /var/www/app/system/Database/BaseConnection.php(663): CodeIgniter\Database\MySQLi\Connection->execute('SELECT * FROM `...')
#2 /var/www/app/system/Database/BaseConnection.php(591): CodeIgniter\Database\BaseConnection->simpleQuery('SELECT * FROM `...')
#3 /var/www/app/app/Controllers/Management.php(785): CodeIgniter\Database\BaseConnection->query('SELECT * FROM `...')
#4 /var/www/app/system/CodeIgniter.php(802): App\Controllers\Management->hitung_hasil_test('14')
#5 /var/www/app/system/CodeIgniter.php(399): CodeIgniter\CodeIgniter->runController(Object(App\Controllers\Management))
#6 /var/www/app/system/CodeIgniter.php(317): CodeIgniter\CodeIgniter->handleRequest(NULL, Object(Config\Cache), false)
#7 /var/www/app/public/index.php(37): CodeIgniter\CodeIgniter->run()
#8 {main}
