CRITICAL - 2021-11-18 00:00:56 --> Undefined variable: hasil_ujian_lengkap
#0 /var/www/app/app/Views/management/main-analisis.php(414): CodeIgniter\Debug\Exceptions->errorHandler(8, 'Undefined varia...', '/var/www/app/ap...', 414, Array)
#1 /var/www/app/system/View/View.php(214): include('/var/www/app/ap...')
#2 /var/www/app/system/View/View.php(217): CodeIgniter\View\View->CodeIgniter\View\{closure}()
#3 /var/www/app/system/Common.php(1092): CodeIgniter\View\View->render('management/main...', Array, true)
#4 /var/www/app/app/Controllers/Management.php(1945): view('management/main...', Array)
#5 /var/www/app/system/CodeIgniter.php(802): App\Controllers\Management->analisis_ujian('4')
#6 /var/www/app/system/CodeIgniter.php(399): CodeIgniter\CodeIgniter->runController(Object(App\Controllers\Management))
#7 /var/www/app/system/CodeIgniter.php(317): CodeIgniter\CodeIgniter->handleRequest(NULL, Object(Config\Cache), false)
#8 /var/www/app/public/index.php(37): CodeIgniter\CodeIgniter->run()
#9 {main}
ERROR - 2021-11-18 00:28:50 --> You have an error in your SQL syntax; check the manual that corresponds to your MariaDB server version for the right syntax to use near 'where id_daytest = '4' and id_peserta = '5'' at line 6
CRITICAL - 2021-11-18 00:28:50 --> You have an error in your SQL syntax; check the manual that corresponds to your MariaDB server version for the right syntax to use near 'where id_daytest = '4' and id_peserta = '5'' at line 6
#0 /var/www/app/system/Database/MySQLi/Connection.php(280): mysqli->query('UPDATE  hasil_l...')
#1 /var/www/app/system/Database/BaseConnection.php(663): CodeIgniter\Database\MySQLi\Connection->execute('UPDATE  hasil_l...')
#2 /var/www/app/system/Database/BaseConnection.php(591): CodeIgniter\Database\BaseConnection->simpleQuery('UPDATE  hasil_l...')
#3 /var/www/app/app/Controllers/Management.php(1842): CodeIgniter\Database\BaseConnection->query('UPDATE  hasil_l...')
#4 /var/www/app/app/Controllers/Management.php(654): App\Controllers\Management->hitung_hasil_lengkap('4', Array, '5')
#5 /var/www/app/system/CodeIgniter.php(802): App\Controllers\Management->hitung_hasil_test('4')
#6 /var/www/app/system/CodeIgniter.php(399): CodeIgniter\CodeIgniter->runController(Object(App\Controllers\Management))
#7 /var/www/app/system/CodeIgniter.php(317): CodeIgniter\CodeIgniter->handleRequest(NULL, Object(Config\Cache), false)
#8 /var/www/app/public/index.php(37): CodeIgniter\CodeIgniter->run()
#9 {main}
CRITICAL - 2021-11-18 00:36:59 --> Call to undefined method CodeIgniter\HTTP\RedirectResponse::withCoockies()
#0 /var/www/app/system/CodeIgniter.php(802): App\Controllers\Participant->index()
#1 /var/www/app/system/CodeIgniter.php(399): CodeIgniter\CodeIgniter->runController(Object(App\Controllers\Participant))
#2 /var/www/app/system/CodeIgniter.php(317): CodeIgniter\CodeIgniter->handleRequest(NULL, Object(Config\Cache), false)
#3 /var/www/app/public/index.php(37): CodeIgniter\CodeIgniter->run()
#4 {main}
ERROR - 2021-11-18 20:52:17 --> Unknown column 'ujian.id_jenis_ujian' in 'on clause'
CRITICAL - 2021-11-18 20:52:17 --> Unknown column 'ujian.id_jenis_ujian' in 'on clause'
#0 /var/www/app/system/Database/MySQLi/Connection.php(280): mysqli->query('SELECT `ujian`....')
#1 /var/www/app/system/Database/BaseConnection.php(663): CodeIgniter\Database\MySQLi\Connection->execute('SELECT `ujian`....')
#2 /var/www/app/system/Database/BaseConnection.php(591): CodeIgniter\Database\BaseConnection->simpleQuery('SELECT `ujian`....')
#3 /var/www/app/system/Database/BaseBuilder.php(1428): CodeIgniter\Database\BaseConnection->query('SELECT `ujian`....', Array, false)
#4 /var/www/app/app/Models/GroceryCrudModel.php(89): CodeIgniter\Database\BaseBuilder->get()
#5 /var/www/app/app/Libraries/GroceryCrud.php(1383): App\Models\GroceryCrudModel->get_list()
#6 /var/www/app/app/Libraries/GroceryCrud.php(1503): App\Libraries\grocery_CRUD_Model_Driver->get_list()
#7 /var/www/app/app/Libraries/GroceryCrud.php(4496): App\Libraries\grocery_CRUD_Layout->showList(false, Object(stdClass))
#8 /var/www/app/app/Controllers/Management.php(385): App\Libraries\GroceryCrud->render()
#9 /var/www/app/system/CodeIgniter.php(802): App\Controllers\Management->ujian()
#10 /var/www/app/system/CodeIgniter.php(399): CodeIgniter\CodeIgniter->runController(Object(App\Controllers\Management))
#11 /var/www/app/system/CodeIgniter.php(317): CodeIgniter\CodeIgniter->handleRequest(NULL, Object(Config\Cache), false)
#12 /var/www/app/public/index.php(37): CodeIgniter\CodeIgniter->run()
#13 {main}
