CRITICAL - 2023-10-10 00:04:27 --> Call to undefined method App\Models\TogaModel::find()
#0 /var/www/virtual/mf-ai.politala.ac.id/system/CodeIgniter.php(802): App\Controllers\Toga->viewQr()
#1 /var/www/virtual/mf-ai.politala.ac.id/system/CodeIgniter.php(399): CodeIgniter\CodeIgniter->runController()
#2 /var/www/virtual/mf-ai.politala.ac.id/system/CodeIgniter.php(317): CodeIgniter\CodeIgniter->handleRequest()
#3 /var/www/virtual/mf-ai.politala.ac.id/public/index.php(37): CodeIgniter\CodeIgniter->run()
#4 {main}
CRITICAL - 2023-10-10 00:07:33 --> Undefined array key "description"
#0 /var/www/virtual/mf-ai.politala.ac.id/app/Controllers/Toga.php(27): CodeIgniter\Debug\Exceptions->errorHandler()
#1 /var/www/virtual/mf-ai.politala.ac.id/system/CodeIgniter.php(802): App\Controllers\Toga->viewQr()
#2 /var/www/virtual/mf-ai.politala.ac.id/system/CodeIgniter.php(399): CodeIgniter\CodeIgniter->runController()
#3 /var/www/virtual/mf-ai.politala.ac.id/system/CodeIgniter.php(317): CodeIgniter\CodeIgniter->handleRequest()
#4 /var/www/virtual/mf-ai.politala.ac.id/public/index.php(37): CodeIgniter\CodeIgniter->run()
#5 {main}
CRITICAL - 2023-10-10 00:07:52 --> Undefined variable $nama
#0 /var/www/virtual/mf-ai.politala.ac.id/app/Views/togamf/produk-qr.php(164): CodeIgniter\Debug\Exceptions->errorHandler()
#1 /var/www/virtual/mf-ai.politala.ac.id/system/View/View.php(214): include('...')
#2 /var/www/virtual/mf-ai.politala.ac.id/system/View/View.php(217): CodeIgniter\View\View->CodeIgniter\View\{closure}()
#3 /var/www/virtual/mf-ai.politala.ac.id/system/Common.php(1092): CodeIgniter\View\View->render()
#4 /var/www/virtual/mf-ai.politala.ac.id/app/Controllers/Toga.php(35): view()
#5 /var/www/virtual/mf-ai.politala.ac.id/system/CodeIgniter.php(802): App\Controllers\Toga->viewQr()
#6 /var/www/virtual/mf-ai.politala.ac.id/system/CodeIgniter.php(399): CodeIgniter\CodeIgniter->runController()
#7 /var/www/virtual/mf-ai.politala.ac.id/system/CodeIgniter.php(317): CodeIgniter\CodeIgniter->handleRequest()
#8 /var/www/virtual/mf-ai.politala.ac.id/public/index.php(37): CodeIgniter\CodeIgniter->run()
#9 {main}
CRITICAL - 2023-10-10 00:08:00 --> Undefined variable $nama
#0 /var/www/virtual/mf-ai.politala.ac.id/app/Views/togamf/produk-qr.php(164): CodeIgniter\Debug\Exceptions->errorHandler()
#1 /var/www/virtual/mf-ai.politala.ac.id/system/View/View.php(214): include('...')
#2 /var/www/virtual/mf-ai.politala.ac.id/system/View/View.php(217): CodeIgniter\View\View->CodeIgniter\View\{closure}()
#3 /var/www/virtual/mf-ai.politala.ac.id/system/Common.php(1092): CodeIgniter\View\View->render()
#4 /var/www/virtual/mf-ai.politala.ac.id/app/Controllers/Toga.php(35): view()
#5 /var/www/virtual/mf-ai.politala.ac.id/system/CodeIgniter.php(802): App\Controllers\Toga->viewQr()
#6 /var/www/virtual/mf-ai.politala.ac.id/system/CodeIgniter.php(399): CodeIgniter\CodeIgniter->runController()
#7 /var/www/virtual/mf-ai.politala.ac.id/system/CodeIgniter.php(317): CodeIgniter\CodeIgniter->handleRequest()
#8 /var/www/virtual/mf-ai.politala.ac.id/public/index.php(37): CodeIgniter\CodeIgniter->run()
#9 {main}
CRITICAL - 2023-10-10 00:32:52 --> Undefined variable $display_output
#0 /var/www/virtual/mf-ai.politala.ac.id/app/Views/togamf/produk-toga.php(41): CodeIgniter\Debug\Exceptions->errorHandler()
#1 /var/www/virtual/mf-ai.politala.ac.id/system/View/View.php(214): include('...')
#2 /var/www/virtual/mf-ai.politala.ac.id/system/View/View.php(217): CodeIgniter\View\View->CodeIgniter\View\{closure}()
#3 /var/www/virtual/mf-ai.politala.ac.id/system/Common.php(1092): CodeIgniter\View\View->render()
#4 /var/www/virtual/mf-ai.politala.ac.id/app/Controllers/Toga.php(26): view()
#5 /var/www/virtual/mf-ai.politala.ac.id/system/CodeIgniter.php(802): App\Controllers\Toga->view()
#6 /var/www/virtual/mf-ai.politala.ac.id/system/CodeIgniter.php(399): CodeIgniter\CodeIgniter->runController()
#7 /var/www/virtual/mf-ai.politala.ac.id/system/CodeIgniter.php(317): CodeIgniter\CodeIgniter->handleRequest()
#8 /var/www/virtual/mf-ai.politala.ac.id/public/index.php(37): CodeIgniter\CodeIgniter->run()
#9 {main}
CRITICAL - 2023-10-10 00:33:22 --> Attempt to read property "name" on array
#0 /var/www/virtual/mf-ai.politala.ac.id/app/Views/togamf/produk-toga.php(41): CodeIgniter\Debug\Exceptions->errorHandler()
#1 /var/www/virtual/mf-ai.politala.ac.id/system/View/View.php(214): include('...')
#2 /var/www/virtual/mf-ai.politala.ac.id/system/View/View.php(217): CodeIgniter\View\View->CodeIgniter\View\{closure}()
#3 /var/www/virtual/mf-ai.politala.ac.id/system/Common.php(1092): CodeIgniter\View\View->render()
#4 /var/www/virtual/mf-ai.politala.ac.id/app/Controllers/Toga.php(26): view()
#5 /var/www/virtual/mf-ai.politala.ac.id/system/CodeIgniter.php(802): App\Controllers\Toga->view()
#6 /var/www/virtual/mf-ai.politala.ac.id/system/CodeIgniter.php(399): CodeIgniter\CodeIgniter->runController()
#7 /var/www/virtual/mf-ai.politala.ac.id/system/CodeIgniter.php(317): CodeIgniter\CodeIgniter->handleRequest()
#8 /var/www/virtual/mf-ai.politala.ac.id/public/index.php(37): CodeIgniter\CodeIgniter->run()
#9 {main}
CRITICAL - 2023-10-10 00:33:32 --> Undefined array key "name"
#0 /var/www/virtual/mf-ai.politala.ac.id/app/Views/togamf/produk-toga.php(41): CodeIgniter\Debug\Exceptions->errorHandler()
#1 /var/www/virtual/mf-ai.politala.ac.id/system/View/View.php(214): include('...')
#2 /var/www/virtual/mf-ai.politala.ac.id/system/View/View.php(217): CodeIgniter\View\View->CodeIgniter\View\{closure}()
#3 /var/www/virtual/mf-ai.politala.ac.id/system/Common.php(1092): CodeIgniter\View\View->render()
#4 /var/www/virtual/mf-ai.politala.ac.id/app/Controllers/Toga.php(26): view()
#5 /var/www/virtual/mf-ai.politala.ac.id/system/CodeIgniter.php(802): App\Controllers\Toga->view()
#6 /var/www/virtual/mf-ai.politala.ac.id/system/CodeIgniter.php(399): CodeIgniter\CodeIgniter->runController()
#7 /var/www/virtual/mf-ai.politala.ac.id/system/CodeIgniter.php(317): CodeIgniter\CodeIgniter->handleRequest()
#8 /var/www/virtual/mf-ai.politala.ac.id/public/index.php(37): CodeIgniter\CodeIgniter->run()
#9 {main}
CRITICAL - 2023-10-10 00:42:13 --> Attempt to read property "name" on array
#0 /var/www/virtual/mf-ai.politala.ac.id/app/Views/togamf/produk-toga.php(41): CodeIgniter\Debug\Exceptions->errorHandler()
#1 /var/www/virtual/mf-ai.politala.ac.id/system/View/View.php(214): include('...')
#2 /var/www/virtual/mf-ai.politala.ac.id/system/View/View.php(217): CodeIgniter\View\View->CodeIgniter\View\{closure}()
#3 /var/www/virtual/mf-ai.politala.ac.id/system/Common.php(1092): CodeIgniter\View\View->render()
#4 /var/www/virtual/mf-ai.politala.ac.id/app/Controllers/Toga.php(26): view()
#5 /var/www/virtual/mf-ai.politala.ac.id/system/CodeIgniter.php(802): App\Controllers\Toga->view()
#6 /var/www/virtual/mf-ai.politala.ac.id/system/CodeIgniter.php(399): CodeIgniter\CodeIgniter->runController()
#7 /var/www/virtual/mf-ai.politala.ac.id/system/CodeIgniter.php(317): CodeIgniter\CodeIgniter->handleRequest()
#8 /var/www/virtual/mf-ai.politala.ac.id/public/index.php(37): CodeIgniter\CodeIgniter->run()
#9 {main}
CRITICAL - 2023-10-10 00:55:40 --> syntax error, unexpected token "}", expecting "," or ";"
#0 /var/www/virtual/mf-ai.politala.ac.id/system/View/View.php(217): CodeIgniter\View\View->CodeIgniter\View\{closure}()
#1 /var/www/virtual/mf-ai.politala.ac.id/system/Common.php(1092): CodeIgniter\View\View->render()
#2 /var/www/virtual/mf-ai.politala.ac.id/app/Controllers/Toga.php(26): view()
#3 /var/www/virtual/mf-ai.politala.ac.id/system/CodeIgniter.php(802): App\Controllers\Toga->view()
#4 /var/www/virtual/mf-ai.politala.ac.id/system/CodeIgniter.php(399): CodeIgniter\CodeIgniter->runController()
#5 /var/www/virtual/mf-ai.politala.ac.id/system/CodeIgniter.php(317): CodeIgniter\CodeIgniter->handleRequest()
#6 /var/www/virtual/mf-ai.politala.ac.id/public/index.php(37): CodeIgniter\CodeIgniter->run()
#7 {main}
CRITICAL - 2023-10-10 00:56:13 --> syntax error, unexpected token "}", expecting "," or ";"
#0 /var/www/virtual/mf-ai.politala.ac.id/system/View/View.php(217): CodeIgniter\View\View->CodeIgniter\View\{closure}()
#1 /var/www/virtual/mf-ai.politala.ac.id/system/Common.php(1092): CodeIgniter\View\View->render()
#2 /var/www/virtual/mf-ai.politala.ac.id/app/Controllers/Toga.php(26): view()
#3 /var/www/virtual/mf-ai.politala.ac.id/system/CodeIgniter.php(802): App\Controllers\Toga->view()
#4 /var/www/virtual/mf-ai.politala.ac.id/system/CodeIgniter.php(399): CodeIgniter\CodeIgniter->runController()
#5 /var/www/virtual/mf-ai.politala.ac.id/system/CodeIgniter.php(317): CodeIgniter\CodeIgniter->handleRequest()
#6 /var/www/virtual/mf-ai.politala.ac.id/public/index.php(37): CodeIgniter\CodeIgniter->run()
#7 {main}
CRITICAL - 2023-10-10 05:52:14 --> Undefined variable $display_output
#0 /var/www/virtual/mf-ai.politala.ac.id/app/Controllers/Management.php(243): CodeIgniter\Debug\Exceptions->errorHandler()
#1 /var/www/virtual/mf-ai.politala.ac.id/system/CodeIgniter.php(802): App\Controllers\Management->images()
#2 /var/www/virtual/mf-ai.politala.ac.id/system/CodeIgniter.php(399): CodeIgniter\CodeIgniter->runController()
#3 /var/www/virtual/mf-ai.politala.ac.id/system/CodeIgniter.php(317): CodeIgniter\CodeIgniter->handleRequest()
#4 /var/www/virtual/mf-ai.politala.ac.id/public/index.php(37): CodeIgniter\CodeIgniter->run()
#5 {main}
CRITICAL - 2023-10-10 05:52:31 --> Undefined variable $name
#0 /var/www/virtual/mf-ai.politala.ac.id/app/Views/togamf/produk-gambar.php(67): CodeIgniter\Debug\Exceptions->errorHandler()
#1 /var/www/virtual/mf-ai.politala.ac.id/system/View/View.php(214): include('...')
#2 /var/www/virtual/mf-ai.politala.ac.id/system/View/View.php(217): CodeIgniter\View\View->CodeIgniter\View\{closure}()
#3 /var/www/virtual/mf-ai.politala.ac.id/system/Common.php(1092): CodeIgniter\View\View->render()
#4 /var/www/virtual/mf-ai.politala.ac.id/app/Controllers/Management.php(243): view()
#5 /var/www/virtual/mf-ai.politala.ac.id/system/CodeIgniter.php(802): App\Controllers\Management->images()
#6 /var/www/virtual/mf-ai.politala.ac.id/system/CodeIgniter.php(399): CodeIgniter\CodeIgniter->runController()
#7 /var/www/virtual/mf-ai.politala.ac.id/system/CodeIgniter.php(317): CodeIgniter\CodeIgniter->handleRequest()
#8 /var/www/virtual/mf-ai.politala.ac.id/public/index.php(37): CodeIgniter\CodeIgniter->run()
#9 {main}
CRITICAL - 2023-10-10 05:53:00 --> Undefined variable $id
#0 /var/www/virtual/mf-ai.politala.ac.id/app/Views/togamf/produk-gambar.php(138): CodeIgniter\Debug\Exceptions->errorHandler()
#1 /var/www/virtual/mf-ai.politala.ac.id/system/View/View.php(214): include('...')
#2 /var/www/virtual/mf-ai.politala.ac.id/system/View/View.php(217): CodeIgniter\View\View->CodeIgniter\View\{closure}()
#3 /var/www/virtual/mf-ai.politala.ac.id/system/Common.php(1092): CodeIgniter\View\View->render()
#4 /var/www/virtual/mf-ai.politala.ac.id/app/Controllers/Management.php(243): view()
#5 /var/www/virtual/mf-ai.politala.ac.id/system/CodeIgniter.php(802): App\Controllers\Management->images()
#6 /var/www/virtual/mf-ai.politala.ac.id/system/CodeIgniter.php(399): CodeIgniter\CodeIgniter->runController()
#7 /var/www/virtual/mf-ai.politala.ac.id/system/CodeIgniter.php(317): CodeIgniter\CodeIgniter->handleRequest()
#8 /var/www/virtual/mf-ai.politala.ac.id/public/index.php(37): CodeIgniter\CodeIgniter->run()
#9 {main}
CRITICAL - 2023-10-10 06:11:41 --> move_uploaded_file(/var/www/virtual/mf-ai.politala.ac.id/app/Controllers/uploads/qrcode_0.png): Failed to open stream: No such file or directory
#0 [internal function]: CodeIgniter\Debug\Exceptions->errorHandler()
#1 /var/www/virtual/mf-ai.politala.ac.id/app/Controllers/Management.php(244): move_uploaded_file()
#2 /var/www/virtual/mf-ai.politala.ac.id/system/CodeIgniter.php(802): App\Controllers\Management->upload()
#3 /var/www/virtual/mf-ai.politala.ac.id/system/CodeIgniter.php(399): CodeIgniter\CodeIgniter->runController()
#4 /var/www/virtual/mf-ai.politala.ac.id/system/CodeIgniter.php(317): CodeIgniter\CodeIgniter->handleRequest()
#5 /var/www/virtual/mf-ai.politala.ac.id/public/index.php(37): CodeIgniter\CodeIgniter->run()
#6 {main}
CRITICAL - 2023-10-10 10:33:39 --> Undefined variable $gambar
#0 /var/www/virtual/mf-ai.politala.ac.id/app/Views/togamf/produk-gambar.php(136): CodeIgniter\Debug\Exceptions->errorHandler()
#1 /var/www/virtual/mf-ai.politala.ac.id/system/View/View.php(214): include('...')
#2 /var/www/virtual/mf-ai.politala.ac.id/system/View/View.php(217): CodeIgniter\View\View->CodeIgniter\View\{closure}()
#3 /var/www/virtual/mf-ai.politala.ac.id/system/Common.php(1092): CodeIgniter\View\View->render()
#4 /var/www/virtual/mf-ai.politala.ac.id/app/Controllers/Management.php(256): view()
#5 /var/www/virtual/mf-ai.politala.ac.id/system/CodeIgniter.php(802): App\Controllers\Management->images()
#6 /var/www/virtual/mf-ai.politala.ac.id/system/CodeIgniter.php(399): CodeIgniter\CodeIgniter->runController()
#7 /var/www/virtual/mf-ai.politala.ac.id/system/CodeIgniter.php(317): CodeIgniter\CodeIgniter->handleRequest()
#8 /var/www/virtual/mf-ai.politala.ac.id/public/index.php(37): CodeIgniter\CodeIgniter->run()
#9 {main}
CRITICAL - 2023-10-10 10:35:28 --> explode() expects at least 2 arguments, 1 given
#0 /var/www/virtual/mf-ai.politala.ac.id/app/Views/togamf/produk-gambar.php(137): explode()
#1 /var/www/virtual/mf-ai.politala.ac.id/system/View/View.php(214): include('...')
#2 /var/www/virtual/mf-ai.politala.ac.id/system/View/View.php(217): CodeIgniter\View\View->CodeIgniter\View\{closure}()
#3 /var/www/virtual/mf-ai.politala.ac.id/system/Common.php(1092): CodeIgniter\View\View->render()
#4 /var/www/virtual/mf-ai.politala.ac.id/app/Controllers/Management.php(256): view()
#5 /var/www/virtual/mf-ai.politala.ac.id/system/CodeIgniter.php(802): App\Controllers\Management->images()
#6 /var/www/virtual/mf-ai.politala.ac.id/system/CodeIgniter.php(399): CodeIgniter\CodeIgniter->runController()
#7 /var/www/virtual/mf-ai.politala.ac.id/system/CodeIgniter.php(317): CodeIgniter\CodeIgniter->handleRequest()
#8 /var/www/virtual/mf-ai.politala.ac.id/public/index.php(37): CodeIgniter\CodeIgniter->run()
#9 {main}
CRITICAL - 2023-10-10 11:03:48 --> Allowed fields must be specified for model: App\Models\GambarModel
#0 /var/www/virtual/mf-ai.politala.ac.id/system/BaseModel.php(1134): CodeIgniter\Database\Exceptions\DataException::forInvalidAllowedFields()
#1 /var/www/virtual/mf-ai.politala.ac.id/system/BaseModel.php(713): CodeIgniter\BaseModel->doProtectFields()
#2 /var/www/virtual/mf-ai.politala.ac.id/system/Model.php(620): CodeIgniter\BaseModel->insert()
#3 /var/www/virtual/mf-ai.politala.ac.id/app/Controllers/Management.php(261): CodeIgniter\Model->insert()
#4 /var/www/virtual/mf-ai.politala.ac.id/system/CodeIgniter.php(802): App\Controllers\Management->upload()
#5 /var/www/virtual/mf-ai.politala.ac.id/system/CodeIgniter.php(399): CodeIgniter\CodeIgniter->runController()
#6 /var/www/virtual/mf-ai.politala.ac.id/system/CodeIgniter.php(317): CodeIgniter\CodeIgniter->handleRequest()
#7 /var/www/virtual/mf-ai.politala.ac.id/public/index.php(37): CodeIgniter\CodeIgniter->run()
#8 {main}
CRITICAL - 2023-10-10 11:08:31 --> Allowed fields must be specified for model: App\Models\GambarModel
#0 /var/www/virtual/mf-ai.politala.ac.id/system/BaseModel.php(1134): CodeIgniter\Database\Exceptions\DataException::forInvalidAllowedFields()
#1 /var/www/virtual/mf-ai.politala.ac.id/system/BaseModel.php(713): CodeIgniter\BaseModel->doProtectFields()
#2 /var/www/virtual/mf-ai.politala.ac.id/system/Model.php(620): CodeIgniter\BaseModel->insert()
#3 /var/www/virtual/mf-ai.politala.ac.id/app/Controllers/Management.php(263): CodeIgniter\Model->insert()
#4 /var/www/virtual/mf-ai.politala.ac.id/system/CodeIgniter.php(802): App\Controllers\Management->upload()
#5 /var/www/virtual/mf-ai.politala.ac.id/system/CodeIgniter.php(399): CodeIgniter\CodeIgniter->runController()
#6 /var/www/virtual/mf-ai.politala.ac.id/system/CodeIgniter.php(317): CodeIgniter\CodeIgniter->handleRequest()
#7 /var/www/virtual/mf-ai.politala.ac.id/public/index.php(37): CodeIgniter\CodeIgniter->run()
#8 {main}
CRITICAL - 2023-10-10 11:09:41 --> Undefined variable $gambarModel
#0 /var/www/virtual/mf-ai.politala.ac.id/app/Controllers/Management.php(263): CodeIgniter\Debug\Exceptions->errorHandler()
#1 /var/www/virtual/mf-ai.politala.ac.id/system/CodeIgniter.php(802): App\Controllers\Management->upload()
#2 /var/www/virtual/mf-ai.politala.ac.id/system/CodeIgniter.php(399): CodeIgniter\CodeIgniter->runController()
#3 /var/www/virtual/mf-ai.politala.ac.id/system/CodeIgniter.php(317): CodeIgniter\CodeIgniter->handleRequest()
#4 /var/www/virtual/mf-ai.politala.ac.id/public/index.php(37): CodeIgniter\CodeIgniter->run()
#5 {main}
CRITICAL - 2023-10-10 11:11:30 --> Allowed fields must be specified for model: App\Models\GambarModel
#0 /var/www/virtual/mf-ai.politala.ac.id/system/BaseModel.php(1134): CodeIgniter\Database\Exceptions\DataException::forInvalidAllowedFields()
#1 /var/www/virtual/mf-ai.politala.ac.id/system/BaseModel.php(713): CodeIgniter\BaseModel->doProtectFields()
#2 /var/www/virtual/mf-ai.politala.ac.id/system/Model.php(620): CodeIgniter\BaseModel->insert()
#3 /var/www/virtual/mf-ai.politala.ac.id/app/Controllers/Management.php(263): CodeIgniter\Model->insert()
#4 /var/www/virtual/mf-ai.politala.ac.id/system/CodeIgniter.php(802): App\Controllers\Management->upload()
#5 /var/www/virtual/mf-ai.politala.ac.id/system/CodeIgniter.php(399): CodeIgniter\CodeIgniter->runController()
#6 /var/www/virtual/mf-ai.politala.ac.id/system/CodeIgniter.php(317): CodeIgniter\CodeIgniter->handleRequest()
#7 /var/www/virtual/mf-ai.politala.ac.id/public/index.php(37): CodeIgniter\CodeIgniter->run()
#8 {main}
ERROR - 2023-10-10 11:14:18 --> Column 'id_toga' cannot be null
CRITICAL - 2023-10-10 11:14:18 --> Column 'id_toga' cannot be null
#0 /var/www/virtual/mf-ai.politala.ac.id/system/Database/MySQLi/Connection.php(280): mysqli->query()
#1 /var/www/virtual/mf-ai.politala.ac.id/system/Database/BaseConnection.php(663): CodeIgniter\Database\MySQLi\Connection->execute()
#2 /var/www/virtual/mf-ai.politala.ac.id/system/Database/BaseConnection.php(591): CodeIgniter\Database\BaseConnection->simpleQuery()
#3 /var/www/virtual/mf-ai.politala.ac.id/system/Database/BaseBuilder.php(1733): CodeIgniter\Database\BaseConnection->query()
#4 /var/www/virtual/mf-ai.politala.ac.id/app/Controllers/Management.php(262): CodeIgniter\Database\BaseBuilder->insert()
#5 /var/www/virtual/mf-ai.politala.ac.id/system/CodeIgniter.php(802): App\Controllers\Management->upload()
#6 /var/www/virtual/mf-ai.politala.ac.id/system/CodeIgniter.php(399): CodeIgniter\CodeIgniter->runController()
#7 /var/www/virtual/mf-ai.politala.ac.id/system/CodeIgniter.php(317): CodeIgniter\CodeIgniter->handleRequest()
#8 /var/www/virtual/mf-ai.politala.ac.id/public/index.php(37): CodeIgniter\CodeIgniter->run()
#9 {main}
CRITICAL - 2023-10-10 11:19:37 --> Undefined variable $data
#0 /var/www/virtual/mf-ai.politala.ac.id/app/Controllers/Management.php(266): CodeIgniter\Debug\Exceptions->errorHandler()
#1 /var/www/virtual/mf-ai.politala.ac.id/system/CodeIgniter.php(802): App\Controllers\Management->upload()
#2 /var/www/virtual/mf-ai.politala.ac.id/system/CodeIgniter.php(399): CodeIgniter\CodeIgniter->runController()
#3 /var/www/virtual/mf-ai.politala.ac.id/system/CodeIgniter.php(317): CodeIgniter\CodeIgniter->handleRequest()
#4 /var/www/virtual/mf-ai.politala.ac.id/public/index.php(37): CodeIgniter\CodeIgniter->run()
#5 {main}
CRITICAL - 2023-10-10 11:20:16 --> Allowed fields must be specified for model: App\Models\GambarModel
#0 /var/www/virtual/mf-ai.politala.ac.id/system/BaseModel.php(1134): CodeIgniter\Database\Exceptions\DataException::forInvalidAllowedFields()
#1 /var/www/virtual/mf-ai.politala.ac.id/system/BaseModel.php(713): CodeIgniter\BaseModel->doProtectFields()
#2 /var/www/virtual/mf-ai.politala.ac.id/system/Model.php(620): CodeIgniter\BaseModel->insert()
#3 /var/www/virtual/mf-ai.politala.ac.id/app/Controllers/Management.php(266): CodeIgniter\Model->insert()
#4 /var/www/virtual/mf-ai.politala.ac.id/system/CodeIgniter.php(802): App\Controllers\Management->upload()
#5 /var/www/virtual/mf-ai.politala.ac.id/system/CodeIgniter.php(399): CodeIgniter\CodeIgniter->runController()
#6 /var/www/virtual/mf-ai.politala.ac.id/system/CodeIgniter.php(317): CodeIgniter\CodeIgniter->handleRequest()
#7 /var/www/virtual/mf-ai.politala.ac.id/public/index.php(37): CodeIgniter\CodeIgniter->run()
#8 {main}
CRITICAL - 2023-10-10 11:20:39 --> Allowed fields must be specified for model: App\Models\GambarModel
#0 /var/www/virtual/mf-ai.politala.ac.id/system/BaseModel.php(1134): CodeIgniter\Database\Exceptions\DataException::forInvalidAllowedFields()
#1 /var/www/virtual/mf-ai.politala.ac.id/system/BaseModel.php(713): CodeIgniter\BaseModel->doProtectFields()
#2 /var/www/virtual/mf-ai.politala.ac.id/system/Model.php(620): CodeIgniter\BaseModel->insert()
#3 /var/www/virtual/mf-ai.politala.ac.id/app/Controllers/Management.php(266): CodeIgniter\Model->insert()
#4 /var/www/virtual/mf-ai.politala.ac.id/system/CodeIgniter.php(802): App\Controllers\Management->upload()
#5 /var/www/virtual/mf-ai.politala.ac.id/system/CodeIgniter.php(399): CodeIgniter\CodeIgniter->runController()
#6 /var/www/virtual/mf-ai.politala.ac.id/system/CodeIgniter.php(317): CodeIgniter\CodeIgniter->handleRequest()
#7 /var/www/virtual/mf-ai.politala.ac.id/public/index.php(37): CodeIgniter\CodeIgniter->run()
#8 {main}
CRITICAL - 2023-10-10 13:02:30 --> Undefined variable $builder
#0 /var/www/virtual/mf-ai.politala.ac.id/app/Controllers/Management.php(277): CodeIgniter\Debug\Exceptions->errorHandler()
#1 /var/www/virtual/mf-ai.politala.ac.id/system/CodeIgniter.php(802): App\Controllers\Management->softDeleteFile()
#2 /var/www/virtual/mf-ai.politala.ac.id/system/CodeIgniter.php(399): CodeIgniter\CodeIgniter->runController()
#3 /var/www/virtual/mf-ai.politala.ac.id/system/CodeIgniter.php(317): CodeIgniter\CodeIgniter->handleRequest()
#4 /var/www/virtual/mf-ai.politala.ac.id/public/index.php(37): CodeIgniter\CodeIgniter->run()
#5 {main}
