CRITICAL - 2022-05-25 02:22:40 --> Trying to get property 'id' of non-object
#0 /var/www/app/app/Controllers/Participant.php(138): CodeIgniter\Debug\Exceptions->errorHandler(8, 'Trying to get p...', '/var/www/app/ap...', 138, Array)
#1 /var/www/app/app/Controllers/Participant.php(669): App\Controllers\Participant->getIdPesertaByIdUser()
#2 /var/www/app/system/CodeIgniter.php(802): App\Controllers\Participant->hari_ujian()
#3 /var/www/app/system/CodeIgniter.php(399): CodeIgniter\CodeIgniter->runController(Object(App\Controllers\Participant))
#4 /var/www/app/system/CodeIgniter.php(317): CodeIgniter\CodeIgniter->handleRequest(NULL, Object(Config\Cache), false)
#5 /var/www/app/public/index.php(37): CodeIgniter\CodeIgniter->run()
#6 {main}
CRITICAL - 2022-05-25 15:52:52 --> Undefined index: id_daytest
#0 /var/www/app/app/Controllers/Participant.php(248): CodeIgniter\Debug\Exceptions->errorHandler(8, 'Undefined index...', '/var/www/app/ap...', 248, Array)
#1 /var/www/app/system/CodeIgniter.php(802): App\Controllers\Participant->save_answer()
#2 /var/www/app/system/CodeIgniter.php(399): CodeIgniter\CodeIgniter->runController(Object(App\Controllers\Participant))
#3 /var/www/app/system/CodeIgniter.php(317): CodeIgniter\CodeIgniter->handleRequest(NULL, Object(Config\Cache), false)
#4 /var/www/app/public/index.php(37): CodeIgniter\CodeIgniter->run()
#5 {main}
CRITICAL - 2022-05-25 15:52:53 --> Undefined index: id_daytest
#0 /var/www/app/app/Controllers/Participant.php(248): CodeIgniter\Debug\Exceptions->errorHandler(8, 'Undefined index...', '/var/www/app/ap...', 248, Array)
#1 /var/www/app/system/CodeIgniter.php(802): App\Controllers\Participant->save_answer()
#2 /var/www/app/system/CodeIgniter.php(399): CodeIgniter\CodeIgniter->runController(Object(App\Controllers\Participant))
#3 /var/www/app/system/CodeIgniter.php(317): CodeIgniter\CodeIgniter->handleRequest(NULL, Object(Config\Cache), false)
#4 /var/www/app/public/index.php(37): CodeIgniter\CodeIgniter->run()
#5 {main}
CRITICAL - 2022-05-25 15:52:55 --> Trying to get property 'id' of non-object
#0 /var/www/app/app/Controllers/Participant.php(138): CodeIgniter\Debug\Exceptions->errorHandler(8, 'Trying to get p...', '/var/www/app/ap...', 138, Array)
#1 /var/www/app/app/Controllers/Participant.php(73): App\Controllers\Participant->getIdPesertaByIdUser()
#2 /var/www/app/system/CodeIgniter.php(802): App\Controllers\Participant->ujian('7')
#3 /var/www/app/system/CodeIgniter.php(399): CodeIgniter\CodeIgniter->runController(Object(App\Controllers\Participant))
#4 /var/www/app/system/CodeIgniter.php(317): CodeIgniter\CodeIgniter->handleRequest(NULL, Object(Config\Cache), false)
#5 /var/www/app/public/index.php(37): CodeIgniter\CodeIgniter->run()
#6 {main}
