ERROR - 2023-10-07 16:18:52 --> Error connecting to the database: No such file or directory
CRITICAL - 2023-10-07 16:18:52 --> Unable to connect to the database.
Main connection [MySQLi]: No such file or directory
#0 /var/www/virtual/mf-ai.politala.ac.id/system/Database/BaseConnection.php(570): CodeIgniter\Database\BaseConnection->initialize()
#1 /var/www/virtual/mf-ai.politala.ac.id/system/Database/BaseBuilder.php(1428): CodeIgniter\Database\BaseConnection->query()
#2 /var/www/virtual/mf-ai.politala.ac.id/ion-auth/Models/IonAuthModel.php(898): CodeIgniter\Database\BaseBuilder->get()
#3 [internal function]: IonAuth\Models\IonAuthModel->login()
#4 /var/www/virtual/mf-ai.politala.ac.id/ion-auth/Libraries/IonAuth.php(104): call_user_func_array()
#5 /var/www/virtual/mf-ai.politala.ac.id/app/Controllers/Auth.php(87): IonAuth\Libraries\IonAuth->__call()
#6 /var/www/virtual/mf-ai.politala.ac.id/system/CodeIgniter.php(802): App\Controllers\Auth->login()
#7 /var/www/virtual/mf-ai.politala.ac.id/system/CodeIgniter.php(399): CodeIgniter\CodeIgniter->runController()
#8 /var/www/virtual/mf-ai.politala.ac.id/system/CodeIgniter.php(317): CodeIgniter\CodeIgniter->handleRequest()
#9 /var/www/virtual/mf-ai.politala.ac.id/public/index.php(37): CodeIgniter\CodeIgniter->run()
#10 {main}
ERROR - 2023-10-07 16:19:35 --> Error connecting to the database: No such file or directory
CRITICAL - 2023-10-07 16:19:35 --> Unable to connect to the database.
Main connection [MySQLi]: No such file or directory
#0 /var/www/virtual/mf-ai.politala.ac.id/system/Database/BaseConnection.php(570): CodeIgniter\Database\BaseConnection->initialize()
#1 /var/www/virtual/mf-ai.politala.ac.id/system/Database/BaseBuilder.php(1428): CodeIgniter\Database\BaseConnection->query()
#2 /var/www/virtual/mf-ai.politala.ac.id/ion-auth/Models/IonAuthModel.php(898): CodeIgniter\Database\BaseBuilder->get()
#3 [internal function]: IonAuth\Models\IonAuthModel->login()
#4 /var/www/virtual/mf-ai.politala.ac.id/ion-auth/Libraries/IonAuth.php(104): call_user_func_array()
#5 /var/www/virtual/mf-ai.politala.ac.id/app/Controllers/Auth.php(87): IonAuth\Libraries\IonAuth->__call()
#6 /var/www/virtual/mf-ai.politala.ac.id/system/CodeIgniter.php(802): App\Controllers\Auth->login()
#7 /var/www/virtual/mf-ai.politala.ac.id/system/CodeIgniter.php(399): CodeIgniter\CodeIgniter->runController()
#8 /var/www/virtual/mf-ai.politala.ac.id/system/CodeIgniter.php(317): CodeIgniter\CodeIgniter->handleRequest()
#9 /var/www/virtual/mf-ai.politala.ac.id/public/index.php(37): CodeIgniter\CodeIgniter->run()
#10 {main}
ERROR - 2023-10-07 16:20:39 --> Error connecting to the database: No such file or directory
CRITICAL - 2023-10-07 16:20:39 --> Unable to connect to the database.
Main connection [MySQLi]: No such file or directory
#0 /var/www/virtual/mf-ai.politala.ac.id/system/Database/BaseConnection.php(570): CodeIgniter\Database\BaseConnection->initialize()
#1 /var/www/virtual/mf-ai.politala.ac.id/system/Database/BaseBuilder.php(1428): CodeIgniter\Database\BaseConnection->query()
#2 /var/www/virtual/mf-ai.politala.ac.id/ion-auth/Models/IonAuthModel.php(898): CodeIgniter\Database\BaseBuilder->get()
#3 [internal function]: IonAuth\Models\IonAuthModel->login()
#4 /var/www/virtual/mf-ai.politala.ac.id/ion-auth/Libraries/IonAuth.php(104): call_user_func_array()
#5 /var/www/virtual/mf-ai.politala.ac.id/app/Controllers/Auth.php(87): IonAuth\Libraries\IonAuth->__call()
#6 /var/www/virtual/mf-ai.politala.ac.id/system/CodeIgniter.php(802): App\Controllers\Auth->login()
#7 /var/www/virtual/mf-ai.politala.ac.id/system/CodeIgniter.php(399): CodeIgniter\CodeIgniter->runController()
#8 /var/www/virtual/mf-ai.politala.ac.id/system/CodeIgniter.php(317): CodeIgniter\CodeIgniter->handleRequest()
#9 /var/www/virtual/mf-ai.politala.ac.id/public/index.php(37): CodeIgniter\CodeIgniter->run()
#10 {main}
ERROR - 2023-10-07 16:25:04 --> Error connecting to the database: No such file or directory
CRITICAL - 2023-10-07 16:25:04 --> Unable to connect to the database.
Main connection [MySQLi]: No such file or directory
#0 /var/www/virtual/mf-ai.politala.ac.id/system/Database/BaseConnection.php(570): CodeIgniter\Database\BaseConnection->initialize()
#1 /var/www/virtual/mf-ai.politala.ac.id/system/Database/BaseBuilder.php(1428): CodeIgniter\Database\BaseConnection->query()
#2 /var/www/virtual/mf-ai.politala.ac.id/ion-auth/Models/IonAuthModel.php(898): CodeIgniter\Database\BaseBuilder->get()
#3 [internal function]: IonAuth\Models\IonAuthModel->login()
#4 /var/www/virtual/mf-ai.politala.ac.id/ion-auth/Libraries/IonAuth.php(104): call_user_func_array()
#5 /var/www/virtual/mf-ai.politala.ac.id/app/Controllers/Auth.php(87): IonAuth\Libraries\IonAuth->__call()
#6 /var/www/virtual/mf-ai.politala.ac.id/system/CodeIgniter.php(802): App\Controllers\Auth->login()
#7 /var/www/virtual/mf-ai.politala.ac.id/system/CodeIgniter.php(399): CodeIgniter\CodeIgniter->runController()
#8 /var/www/virtual/mf-ai.politala.ac.id/system/CodeIgniter.php(317): CodeIgniter\CodeIgniter->handleRequest()
#9 /var/www/virtual/mf-ai.politala.ac.id/public/index.php(37): CodeIgniter\CodeIgniter->run()
#10 {main}
ERROR - 2023-10-07 16:27:50 --> Error connecting to the database: No such file or directory
CRITICAL - 2023-10-07 16:27:50 --> Unable to connect to the database.
Main connection [MySQLi]: No such file or directory
#0 /var/www/virtual/mf-ai.politala.ac.id/system/Database/BaseConnection.php(570): CodeIgniter\Database\BaseConnection->initialize()
#1 /var/www/virtual/mf-ai.politala.ac.id/system/Database/BaseBuilder.php(1428): CodeIgniter\Database\BaseConnection->query()
#2 /var/www/virtual/mf-ai.politala.ac.id/ion-auth/Models/IonAuthModel.php(898): CodeIgniter\Database\BaseBuilder->get()
#3 [internal function]: IonAuth\Models\IonAuthModel->login()
#4 /var/www/virtual/mf-ai.politala.ac.id/ion-auth/Libraries/IonAuth.php(104): call_user_func_array()
#5 /var/www/virtual/mf-ai.politala.ac.id/app/Controllers/Auth.php(87): IonAuth\Libraries\IonAuth->__call()
#6 /var/www/virtual/mf-ai.politala.ac.id/system/CodeIgniter.php(802): App\Controllers\Auth->login()
#7 /var/www/virtual/mf-ai.politala.ac.id/system/CodeIgniter.php(399): CodeIgniter\CodeIgniter->runController()
#8 /var/www/virtual/mf-ai.politala.ac.id/system/CodeIgniter.php(317): CodeIgniter\CodeIgniter->handleRequest()
#9 /var/www/virtual/mf-ai.politala.ac.id/public/index.php(37): CodeIgniter\CodeIgniter->run()
#10 {main}
ERROR - 2023-10-07 16:27:59 --> Error connecting to the database: No such file or directory
CRITICAL - 2023-10-07 16:27:59 --> Unable to connect to the database.
Main connection [MySQLi]: No such file or directory
#0 /var/www/virtual/mf-ai.politala.ac.id/system/Database/BaseConnection.php(570): CodeIgniter\Database\BaseConnection->initialize()
#1 /var/www/virtual/mf-ai.politala.ac.id/system/Database/BaseBuilder.php(1428): CodeIgniter\Database\BaseConnection->query()
#2 /var/www/virtual/mf-ai.politala.ac.id/ion-auth/Models/IonAuthModel.php(898): CodeIgniter\Database\BaseBuilder->get()
#3 [internal function]: IonAuth\Models\IonAuthModel->login()
#4 /var/www/virtual/mf-ai.politala.ac.id/ion-auth/Libraries/IonAuth.php(104): call_user_func_array()
#5 /var/www/virtual/mf-ai.politala.ac.id/app/Controllers/Auth.php(87): IonAuth\Libraries\IonAuth->__call()
#6 /var/www/virtual/mf-ai.politala.ac.id/system/CodeIgniter.php(802): App\Controllers\Auth->login()
#7 /var/www/virtual/mf-ai.politala.ac.id/system/CodeIgniter.php(399): CodeIgniter\CodeIgniter->runController()
#8 /var/www/virtual/mf-ai.politala.ac.id/system/CodeIgniter.php(317): CodeIgniter\CodeIgniter->handleRequest()
#9 /var/www/virtual/mf-ai.politala.ac.id/public/index.php(37): CodeIgniter\CodeIgniter->run()
#10 {main}
CRITICAL - 2023-10-07 16:28:36 --> strtolower(): Passing null to parameter #1 ($string) of type string is deprecated
#0 [internal function]: CodeIgniter\Debug\Exceptions->errorHandler()
#1 /var/www/virtual/mf-ai.politala.ac.id/system/Validation/FormatRules.php(253): strtolower()
#2 /var/www/virtual/mf-ai.politala.ac.id/system/HTTP/RequestTrait.php(151): CodeIgniter\Validation\FormatRules->valid_ip()
#3 /var/www/virtual/mf-ai.politala.ac.id/system/Config/Services.php(570): CodeIgniter\HTTP\Request->getIPAddress()
#4 /var/www/virtual/mf-ai.politala.ac.id/system/Config/BaseService.php(248): CodeIgniter\Config\Services::session()
#5 /var/www/virtual/mf-ai.politala.ac.id/system/Config/BaseService.php(189): CodeIgniter\Config\BaseService::__callStatic()
#6 /var/www/virtual/mf-ai.politala.ac.id/system/Config/Services.php(563): CodeIgniter\Config\BaseService::getSharedInstance()
#7 /var/www/virtual/mf-ai.politala.ac.id/system/Config/BaseService.php(248): CodeIgniter\Config\Services::session()
#8 /var/www/virtual/mf-ai.politala.ac.id/system/Common.php(904): CodeIgniter\Config\BaseService::__callStatic()
#9 /var/www/virtual/mf-ai.politala.ac.id/ion-auth/Libraries/IonAuth.php(65): session()
#10 /var/www/virtual/mf-ai.politala.ac.id/app/Controllers/Auth.php(19): IonAuth\Libraries\IonAuth->__construct()
#11 /var/www/virtual/mf-ai.politala.ac.id/system/CodeIgniter.php(779): App\Controllers\Auth->__construct()
#12 /var/www/virtual/mf-ai.politala.ac.id/system/CodeIgniter.php(390): CodeIgniter\CodeIgniter->createController()
#13 /var/www/virtual/mf-ai.politala.ac.id/system/CodeIgniter.php(317): CodeIgniter\CodeIgniter->handleRequest()
#14 /var/www/virtual/mf-ai.politala.ac.id/public/index.php(37): CodeIgniter\CodeIgniter->run()
#15 {main}
