CRITICAL - 2021-10-28 11:18:48 --> Trying to get property 'first_name' of non-object
#0 /var/www/app/app/Views/management/header.php(469): CodeIgniter\Debug\Exceptions->errorHandler(8, 'Trying to get p...', '/var/www/app/ap...', 469, Array)
#1 /var/www/app/system/View/View.php(214): include('/var/www/app/ap...')
#2 /var/www/app/system/View/View.php(217): CodeIgniter\View\View->CodeIgniter\View\{closure}()
#3 /var/www/app/system/Common.php(1092): CodeIgniter\View\View->render('management/head...', Array, true)
#4 /var/www/app/app/Views/management/user.php(97): view('management/head...')
#5 /var/www/app/system/View/View.php(214): include('/var/www/app/ap...')
#6 /var/www/app/system/View/View.php(217): CodeIgniter\View\View->CodeIgniter\View\{closure}()
#7 /var/www/app/system/Common.php(1092): CodeIgniter\View\View->render('management/user', Array, true)
#8 /var/www/app/app/Controllers/Management.php(498): view('management/user', Array)
#9 /var/www/app/system/CodeIgniter.php(802): App\Controllers\Management->peserta()
#10 /var/www/app/system/CodeIgniter.php(399): CodeIgniter\CodeIgniter->runController(Object(App\Controllers\Management))
#11 /var/www/app/system/CodeIgniter.php(317): CodeIgniter\CodeIgniter->handleRequest(NULL, Object(Config\Cache), false)
#12 /var/www/app/public/index.php(37): CodeIgniter\CodeIgniter->run()
#13 {main}
CRITICAL - 2021-10-28 11:18:56 --> Trying to get property 'first_name' of non-object
#0 /var/www/app/app/Views/management/header.php(469): CodeIgniter\Debug\Exceptions->errorHandler(8, 'Trying to get p...', '/var/www/app/ap...', 469, Array)
#1 /var/www/app/system/View/View.php(214): include('/var/www/app/ap...')
#2 /var/www/app/system/View/View.php(217): CodeIgniter\View\View->CodeIgniter\View\{closure}()
#3 /var/www/app/system/Common.php(1092): CodeIgniter\View\View->render('management/head...', Array, true)
#4 /var/www/app/app/Views/management/user.php(97): view('management/head...')
#5 /var/www/app/system/View/View.php(214): include('/var/www/app/ap...')
#6 /var/www/app/system/View/View.php(217): CodeIgniter\View\View->CodeIgniter\View\{closure}()
#7 /var/www/app/system/Common.php(1092): CodeIgniter\View\View->render('management/user', Array, true)
#8 /var/www/app/app/Controllers/Management.php(498): view('management/user', Array)
#9 /var/www/app/system/CodeIgniter.php(802): App\Controllers\Management->peserta()
#10 /var/www/app/system/CodeIgniter.php(399): CodeIgniter\CodeIgniter->runController(Object(App\Controllers\Management))
#11 /var/www/app/system/CodeIgniter.php(317): CodeIgniter\CodeIgniter->handleRequest(NULL, Object(Config\Cache), false)
#12 /var/www/app/public/index.php(37): CodeIgniter\CodeIgniter->run()
#13 {main}
CRITICAL - 2021-10-28 11:19:22 --> Trying to get property 'first_name' of non-object
#0 /var/www/app/app/Views/management/header.php(469): CodeIgniter\Debug\Exceptions->errorHandler(8, 'Trying to get p...', '/var/www/app/ap...', 469, Array)
#1 /var/www/app/system/View/View.php(214): include('/var/www/app/ap...')
#2 /var/www/app/system/View/View.php(217): CodeIgniter\View\View->CodeIgniter\View\{closure}()
#3 /var/www/app/system/Common.php(1092): CodeIgniter\View\View->render('management/head...', Array, true)
#4 /var/www/app/app/Views/management/user.php(97): view('management/head...')
#5 /var/www/app/system/View/View.php(214): include('/var/www/app/ap...')
#6 /var/www/app/system/View/View.php(217): CodeIgniter\View\View->CodeIgniter\View\{closure}()
#7 /var/www/app/system/Common.php(1092): CodeIgniter\View\View->render('management/user', Array, true)
#8 /var/www/app/app/Controllers/Management.php(498): view('management/user', Array)
#9 /var/www/app/system/CodeIgniter.php(802): App\Controllers\Management->peserta()
#10 /var/www/app/system/CodeIgniter.php(399): CodeIgniter\CodeIgniter->runController(Object(App\Controllers\Management))
#11 /var/www/app/system/CodeIgniter.php(317): CodeIgniter\CodeIgniter->handleRequest(NULL, Object(Config\Cache), false)
#12 /var/www/app/public/index.php(37): CodeIgniter\CodeIgniter->run()
#13 {main}
CRITICAL - 2021-10-28 16:58:35 --> Call to undefined function App\Controllers\getIdPesertaByIdUser()
#0 /var/www/app/system/CodeIgniter.php(802): App\Controllers\Participant->ujian('4')
#1 /var/www/app/system/CodeIgniter.php(399): CodeIgniter\CodeIgniter->runController(Object(App\Controllers\Participant))
#2 /var/www/app/system/CodeIgniter.php(317): CodeIgniter\CodeIgniter->handleRequest(NULL, Object(Config\Cache), false)
#3 /var/www/app/public/index.php(37): CodeIgniter\CodeIgniter->run()
#4 {main}
CRITICAL - 2021-10-28 17:13:31 --> Undefined variable: user
#0 /var/www/app/app/Controllers/Participant.php(24): CodeIgniter\Debug\Exceptions->errorHandler(8, 'Undefined varia...', '/var/www/app/ap...', 24, Array)
#1 /var/www/app/system/CodeIgniter.php(802): App\Controllers\Participant->ujian('4')
#2 /var/www/app/system/CodeIgniter.php(399): CodeIgniter\CodeIgniter->runController(Object(App\Controllers\Participant))
#3 /var/www/app/system/CodeIgniter.php(317): CodeIgniter\CodeIgniter->handleRequest(NULL, Object(Config\Cache), false)
#4 /var/www/app/public/index.php(37): CodeIgniter\CodeIgniter->run()
#5 {main}
CRITICAL - 2021-10-28 17:14:04 --> Call to undefined method App\Controllers\Participant::request()
#0 /var/www/app/system/CodeIgniter.php(802): App\Controllers\Participant->load_question()
#1 /var/www/app/system/CodeIgniter.php(399): CodeIgniter\CodeIgniter->runController(Object(App\Controllers\Participant))
#2 /var/www/app/system/CodeIgniter.php(317): CodeIgniter\CodeIgniter->handleRequest(NULL, Object(Config\Cache), false)
#3 /var/www/app/public/index.php(37): CodeIgniter\CodeIgniter->run()
#4 {main}
CRITICAL - 2021-10-28 17:14:04 --> Undefined variable: user
#0 /var/www/app/app/Controllers/Participant.php(147): CodeIgniter\Debug\Exceptions->errorHandler(8, 'Undefined varia...', '/var/www/app/ap...', 147, Array)
#1 /var/www/app/system/CodeIgniter.php(802): App\Controllers\Participant->save_answer()
#2 /var/www/app/system/CodeIgniter.php(399): CodeIgniter\CodeIgniter->runController(Object(App\Controllers\Participant))
#3 /var/www/app/system/CodeIgniter.php(317): CodeIgniter\CodeIgniter->handleRequest(NULL, Object(Config\Cache), false)
#4 /var/www/app/public/index.php(37): CodeIgniter\CodeIgniter->run()
#5 {main}
CRITICAL - 2021-10-28 17:15:32 --> Undefined variable: user
#0 /var/www/app/app/Controllers/Participant.php(147): CodeIgniter\Debug\Exceptions->errorHandler(8, 'Undefined varia...', '/var/www/app/ap...', 147, Array)
#1 /var/www/app/system/CodeIgniter.php(802): App\Controllers\Participant->save_answer()
#2 /var/www/app/system/CodeIgniter.php(399): CodeIgniter\CodeIgniter->runController(Object(App\Controllers\Participant))
#3 /var/www/app/system/CodeIgniter.php(317): CodeIgniter\CodeIgniter->handleRequest(NULL, Object(Config\Cache), false)
#4 /var/www/app/public/index.php(37): CodeIgniter\CodeIgniter->run()
#5 {main}
CRITICAL - 2021-10-28 17:15:32 --> Call to undefined method App\Controllers\Participant::request()
#0 /var/www/app/system/CodeIgniter.php(802): App\Controllers\Participant->load_question()
#1 /var/www/app/system/CodeIgniter.php(399): CodeIgniter\CodeIgniter->runController(Object(App\Controllers\Participant))
#2 /var/www/app/system/CodeIgniter.php(317): CodeIgniter\CodeIgniter->handleRequest(NULL, Object(Config\Cache), false)
#3 /var/www/app/public/index.php(37): CodeIgniter\CodeIgniter->run()
#4 {main}
CRITICAL - 2021-10-28 17:16:29 --> Undefined variable: user
#0 /var/www/app/app/Controllers/Participant.php(147): CodeIgniter\Debug\Exceptions->errorHandler(8, 'Undefined varia...', '/var/www/app/ap...', 147, Array)
#1 /var/www/app/system/CodeIgniter.php(802): App\Controllers\Participant->save_answer()
#2 /var/www/app/system/CodeIgniter.php(399): CodeIgniter\CodeIgniter->runController(Object(App\Controllers\Participant))
#3 /var/www/app/system/CodeIgniter.php(317): CodeIgniter\CodeIgniter->handleRequest(NULL, Object(Config\Cache), false)
#4 /var/www/app/public/index.php(37): CodeIgniter\CodeIgniter->run()
#5 {main}
CRITICAL - 2021-10-28 17:16:49 --> Undefined variable: user
#0 /var/www/app/app/Controllers/Participant.php(147): CodeIgniter\Debug\Exceptions->errorHandler(8, 'Undefined varia...', '/var/www/app/ap...', 147, Array)
#1 /var/www/app/system/CodeIgniter.php(802): App\Controllers\Participant->save_answer()
#2 /var/www/app/system/CodeIgniter.php(399): CodeIgniter\CodeIgniter->runController(Object(App\Controllers\Participant))
#3 /var/www/app/system/CodeIgniter.php(317): CodeIgniter\CodeIgniter->handleRequest(NULL, Object(Config\Cache), false)
#4 /var/www/app/public/index.php(37): CodeIgniter\CodeIgniter->run()
#5 {main}
CRITICAL - 2021-10-28 17:19:36 --> Undefined variable: user
#0 /var/www/app/app/Controllers/Participant.php(147): CodeIgniter\Debug\Exceptions->errorHandler(8, 'Undefined varia...', '/var/www/app/ap...', 147, Array)
#1 /var/www/app/system/CodeIgniter.php(802): App\Controllers\Participant->save_answer()
#2 /var/www/app/system/CodeIgniter.php(399): CodeIgniter\CodeIgniter->runController(Object(App\Controllers\Participant))
#3 /var/www/app/system/CodeIgniter.php(317): CodeIgniter\CodeIgniter->handleRequest(NULL, Object(Config\Cache), false)
#4 /var/www/app/public/index.php(37): CodeIgniter\CodeIgniter->run()
#5 {main}
CRITICAL - 2021-10-28 17:20:56 --> Undefined variable: user
#0 /var/www/app/app/Controllers/Participant.php(147): CodeIgniter\Debug\Exceptions->errorHandler(8, 'Undefined varia...', '/var/www/app/ap...', 147, Array)
#1 /var/www/app/system/CodeIgniter.php(802): App\Controllers\Participant->save_answer()
#2 /var/www/app/system/CodeIgniter.php(399): CodeIgniter\CodeIgniter->runController(Object(App\Controllers\Participant))
#3 /var/www/app/system/CodeIgniter.php(317): CodeIgniter\CodeIgniter->handleRequest(NULL, Object(Config\Cache), false)
#4 /var/www/app/public/index.php(37): CodeIgniter\CodeIgniter->run()
#5 {main}
CRITICAL - 2021-10-28 17:21:30 --> Undefined variable: user
#0 /var/www/app/app/Controllers/Participant.php(147): CodeIgniter\Debug\Exceptions->errorHandler(8, 'Undefined varia...', '/var/www/app/ap...', 147, Array)
#1 /var/www/app/system/CodeIgniter.php(802): App\Controllers\Participant->save_answer()
#2 /var/www/app/system/CodeIgniter.php(399): CodeIgniter\CodeIgniter->runController(Object(App\Controllers\Participant))
#3 /var/www/app/system/CodeIgniter.php(317): CodeIgniter\CodeIgniter->handleRequest(NULL, Object(Config\Cache), false)
#4 /var/www/app/public/index.php(37): CodeIgniter\CodeIgniter->run()
#5 {main}
CRITICAL - 2021-10-28 17:21:32 --> Undefined variable: user
#0 /var/www/app/app/Controllers/Participant.php(147): CodeIgniter\Debug\Exceptions->errorHandler(8, 'Undefined varia...', '/var/www/app/ap...', 147, Array)
#1 /var/www/app/system/CodeIgniter.php(802): App\Controllers\Participant->save_answer()
#2 /var/www/app/system/CodeIgniter.php(399): CodeIgniter\CodeIgniter->runController(Object(App\Controllers\Participant))
#3 /var/www/app/system/CodeIgniter.php(317): CodeIgniter\CodeIgniter->handleRequest(NULL, Object(Config\Cache), false)
#4 /var/www/app/public/index.php(37): CodeIgniter\CodeIgniter->run()
#5 {main}
CRITICAL - 2021-10-28 18:07:11 --> json_encode() expects at most 3 parameters, 4 given
#0 [internal function]: CodeIgniter\Debug\Exceptions->errorHandler(2, 'json_encode() e...', '/var/www/app/ap...', 141, Array)
#1 /var/www/app/app/Controllers/Participant.php(141): json_encode('69', NULL, '4', '5')
#2 /var/www/app/system/CodeIgniter.php(802): App\Controllers\Participant->save_answer()
#3 /var/www/app/system/CodeIgniter.php(399): CodeIgniter\CodeIgniter->runController(Object(App\Controllers\Participant))
#4 /var/www/app/system/CodeIgniter.php(317): CodeIgniter\CodeIgniter->handleRequest(NULL, Object(Config\Cache), false)
#5 /var/www/app/public/index.php(37): CodeIgniter\CodeIgniter->run()
#6 {main}
