ERROR - 2021-11-12 00:04:06 --> Unknown column 'cerdas' in 'field list'
CRITICAL - 2021-11-12 00:04:06 --> Unknown column 'cerdas' in 'field list'
#0 /var/www/app/system/Database/MySQLi/Connection.php(280): mysqli->query('SELECT cerdas,p...')
#1 /var/www/app/system/Database/BaseConnection.php(663): CodeIgniter\Database\MySQLi\Connection->execute('SELECT cerdas,p...')
#2 /var/www/app/system/Database/BaseConnection.php(591): CodeIgniter\Database\BaseConnection->simpleQuery('SELECT cerdas,p...')
#3 /var/www/app/app/Controllers/Management.php(1041): CodeIgniter\Database\BaseConnection->query('SELECT cerdas,p...')
#4 /var/www/app/app/Controllers/Management.php(1442): App\Controllers\Management->get_hasil_cerdas('4', 7, '5')
#5 /var/www/app/app/Controllers/Management.php(645): App\Controllers\Management->hitung_hasil_cerdas_ext('4', 7, '5')
#6 /var/www/app/system/CodeIgniter.php(802): App\Controllers\Management->hitung_hasil_test('4')
#7 /var/www/app/system/CodeIgniter.php(399): CodeIgniter\CodeIgniter->runController(Object(App\Controllers\Management))
#8 /var/www/app/system/CodeIgniter.php(317): CodeIgniter\CodeIgniter->handleRequest(NULL, Object(Config\Cache), false)
#9 /var/www/app/public/index.php(37): CodeIgniter\CodeIgniter->run()
#10 {main}
CRITICAL - 2021-11-12 00:11:48 --> Undefined variable: kat_logis
#0 /var/www/app/app/Controllers/Management.php(1481): CodeIgniter\Debug\Exceptions->errorHandler(8, 'Undefined varia...', '/var/www/app/ap...', 1481, Array)
#1 /var/www/app/app/Controllers/Management.php(645): App\Controllers\Management->hitung_hasil_cerdas_ext('4', 7, '5')
#2 /var/www/app/system/CodeIgniter.php(802): App\Controllers\Management->hitung_hasil_test('4')
#3 /var/www/app/system/CodeIgniter.php(399): CodeIgniter\CodeIgniter->runController(Object(App\Controllers\Management))
#4 /var/www/app/system/CodeIgniter.php(317): CodeIgniter\CodeIgniter->handleRequest(NULL, Object(Config\Cache), false)
#5 /var/www/app/public/index.php(37): CodeIgniter\CodeIgniter->run()
#6 {main}
CRITICAL - 2021-11-12 00:25:04 --> Undefined variable: db
#0 /var/www/app/app/Controllers/Management.php(1562): CodeIgniter\Debug\Exceptions->errorHandler(8, 'Undefined varia...', '/var/www/app/ap...', 1562, Array)
#1 /var/www/app/app/Controllers/Management.php(650): App\Controllers\Management->hitung_hasil_pribadi_ext('4', 7, '5')
#2 /var/www/app/system/CodeIgniter.php(802): App\Controllers\Management->hitung_hasil_test('4')
#3 /var/www/app/system/CodeIgniter.php(399): CodeIgniter\CodeIgniter->runController(Object(App\Controllers\Management))
#4 /var/www/app/system/CodeIgniter.php(317): CodeIgniter\CodeIgniter->handleRequest(NULL, Object(Config\Cache), false)
#5 /var/www/app/public/index.php(37): CodeIgniter\CodeIgniter->run()
#6 {main}
CRITICAL - 2021-11-12 16:22:12 --> Undefined property: stdClass::$kat_praktis
#0 /var/www/app/app/Controllers/Management.php(1785): CodeIgniter\Debug\Exceptions->errorHandler(8, 'Undefined prope...', '/var/www/app/ap...', 1785, Array)
#1 /var/www/app/app/Controllers/Management.php(654): App\Controllers\Management->hitung_hasil_lengkap('4', Array, '5')
#2 /var/www/app/system/CodeIgniter.php(802): App\Controllers\Management->hitung_hasil_test('4')
#3 /var/www/app/system/CodeIgniter.php(399): CodeIgniter\CodeIgniter->runController(Object(App\Controllers\Management))
#4 /var/www/app/system/CodeIgniter.php(317): CodeIgniter\CodeIgniter->handleRequest(NULL, Object(Config\Cache), false)
#5 /var/www/app/public/index.php(37): CodeIgniter\CodeIgniter->run()
#6 {main}
CRITICAL - 2021-11-12 16:39:06 --> Undefined property: stdClass::$kat_praktis
#0 /var/www/app/app/Controllers/Management.php(1785): CodeIgniter\Debug\Exceptions->errorHandler(8, 'Undefined prope...', '/var/www/app/ap...', 1785, Array)
#1 /var/www/app/app/Controllers/Management.php(654): App\Controllers\Management->hitung_hasil_lengkap('4', Array, '5')
#2 /var/www/app/system/CodeIgniter.php(802): App\Controllers\Management->hitung_hasil_test('4')
#3 /var/www/app/system/CodeIgniter.php(399): CodeIgniter\CodeIgniter->runController(Object(App\Controllers\Management))
#4 /var/www/app/system/CodeIgniter.php(317): CodeIgniter\CodeIgniter->handleRequest(NULL, Object(Config\Cache), false)
#5 /var/www/app/public/index.php(37): CodeIgniter\CodeIgniter->run()
#6 {main}
CRITICAL - 2021-11-12 16:40:22 --> Undefined property: stdClass::$kat_praktis
#0 /var/www/app/app/Controllers/Management.php(1788): CodeIgniter\Debug\Exceptions->errorHandler(8, 'Undefined prope...', '/var/www/app/ap...', 1788, Array)
#1 /var/www/app/app/Controllers/Management.php(654): App\Controllers\Management->hitung_hasil_lengkap('4', Array, '5')
#2 /var/www/app/system/CodeIgniter.php(802): App\Controllers\Management->hitung_hasil_test('4')
#3 /var/www/app/system/CodeIgniter.php(399): CodeIgniter\CodeIgniter->runController(Object(App\Controllers\Management))
#4 /var/www/app/system/CodeIgniter.php(317): CodeIgniter\CodeIgniter->handleRequest(NULL, Object(Config\Cache), false)
#5 /var/www/app/public/index.php(37): CodeIgniter\CodeIgniter->run()
#6 {main}
ERROR - 2021-11-12 16:41:20 --> You have an error in your SQL syntax; check the manual that corresponds to your MariaDB server version for the right syntax to use near 'l FROM hasil_ujian_cerdas where id_daytest='4' and id_peserta='5'' at line 1
CRITICAL - 2021-11-12 16:41:20 --> You have an error in your SQL syntax; check the manual that corresponds to your MariaDB server version for the right syntax to use near 'l FROM hasil_ujian_cerdas where id_daytest='4' and id_peserta='5'' at line 1
#0 /var/www/app/system/Database/MySQLi/Connection.php(280): mysqli->query('SELECT *l FROM ...')
#1 /var/www/app/system/Database/BaseConnection.php(663): CodeIgniter\Database\MySQLi\Connection->execute('SELECT *l FROM ...')
#2 /var/www/app/system/Database/BaseConnection.php(591): CodeIgniter\Database\BaseConnection->simpleQuery('SELECT *l FROM ...')
#3 /var/www/app/app/Controllers/Management.php(1071): CodeIgniter\Database\BaseConnection->query('SELECT *l FROM ...')
#4 /var/www/app/app/Controllers/Management.php(1778): App\Controllers\Management->get_hasil_cerdas_kat('4', 5, '5')
#5 /var/www/app/app/Controllers/Management.php(654): App\Controllers\Management->hitung_hasil_lengkap('4', Array, '5')
#6 /var/www/app/system/CodeIgniter.php(802): App\Controllers\Management->hitung_hasil_test('4')
#7 /var/www/app/system/CodeIgniter.php(399): CodeIgniter\CodeIgniter->runController(Object(App\Controllers\Management))
#8 /var/www/app/system/CodeIgniter.php(317): CodeIgniter\CodeIgniter->handleRequest(NULL, Object(Config\Cache), false)
#9 /var/www/app/public/index.php(37): CodeIgniter\CodeIgniter->run()
#10 {main}
CRITICAL - 2021-11-12 16:42:19 --> Undefined property: stdClass::$kat_praktis
#0 /var/www/app/app/Controllers/Management.php(1789): CodeIgniter\Debug\Exceptions->errorHandler(8, 'Undefined prope...', '/var/www/app/ap...', 1789, Array)
#1 /var/www/app/app/Controllers/Management.php(654): App\Controllers\Management->hitung_hasil_lengkap('4', Array, '5')
#2 /var/www/app/system/CodeIgniter.php(802): App\Controllers\Management->hitung_hasil_test('4')
#3 /var/www/app/system/CodeIgniter.php(399): CodeIgniter\CodeIgniter->runController(Object(App\Controllers\Management))
#4 /var/www/app/system/CodeIgniter.php(317): CodeIgniter\CodeIgniter->handleRequest(NULL, Object(Config\Cache), false)
#5 /var/www/app/public/index.php(37): CodeIgniter\CodeIgniter->run()
#6 {main}
CRITICAL - 2021-11-12 16:42:55 --> Undefined property: stdClass::$kat_stabilitas_emosi
#0 /var/www/app/app/Controllers/Management.php(1794): CodeIgniter\Debug\Exceptions->errorHandler(8, 'Undefined prope...', '/var/www/app/ap...', 1794, Array)
#1 /var/www/app/app/Controllers/Management.php(654): App\Controllers\Management->hitung_hasil_lengkap('4', Array, '5')
#2 /var/www/app/system/CodeIgniter.php(802): App\Controllers\Management->hitung_hasil_test('4')
#3 /var/www/app/system/CodeIgniter.php(399): CodeIgniter\CodeIgniter->runController(Object(App\Controllers\Management))
#4 /var/www/app/system/CodeIgniter.php(317): CodeIgniter\CodeIgniter->handleRequest(NULL, Object(Config\Cache), false)
#5 /var/www/app/public/index.php(37): CodeIgniter\CodeIgniter->run()
#6 {main}
CRITICAL - 2021-11-12 16:44:47 --> Trying to get property 'praktis' of non-object
#0 /var/www/app/app/Controllers/Management.php(1536): CodeIgniter\Debug\Exceptions->errorHandler(8, 'Trying to get p...', '/var/www/app/ap...', 1536, Array)
#1 /var/www/app/app/Controllers/Management.php(645): App\Controllers\Management->hitung_hasil_cerdas_ext('4', 5, '5')
#2 /var/www/app/system/CodeIgniter.php(802): App\Controllers\Management->hitung_hasil_test('4')
#3 /var/www/app/system/CodeIgniter.php(399): CodeIgniter\CodeIgniter->runController(Object(App\Controllers\Management))
#4 /var/www/app/system/CodeIgniter.php(317): CodeIgniter\CodeIgniter->handleRequest(NULL, Object(Config\Cache), false)
#5 /var/www/app/public/index.php(37): CodeIgniter\CodeIgniter->run()
#6 {main}
ERROR - 2021-11-12 16:48:49 --> You have an error in your SQL syntax; check the manual that corresponds to your MariaDB server version for the right syntax to use near 'id_ujian='6' and id_peserta='5'' at line 1
CRITICAL - 2021-11-12 16:48:49 --> You have an error in your SQL syntax; check the manual that corresponds to your MariaDB server version for the right syntax to use near 'id_ujian='6' and id_peserta='5'' at line 1
#0 /var/www/app/system/Database/MySQLi/Connection.php(280): mysqli->query('SELECT stabilit...')
#1 /var/www/app/system/Database/BaseConnection.php(663): CodeIgniter\Database\MySQLi\Connection->execute('SELECT stabilit...')
#2 /var/www/app/system/Database/BaseConnection.php(591): CodeIgniter\Database\BaseConnection->simpleQuery('SELECT stabilit...')
#3 /var/www/app/app/Controllers/Management.php(1058): CodeIgniter\Database\BaseConnection->query('SELECT stabilit...')
#4 /var/www/app/app/Controllers/Management.php(1577): App\Controllers\Management->get_hasil_pribadi('4', 6, '5')
#5 /var/www/app/app/Controllers/Management.php(650): App\Controllers\Management->hitung_hasil_pribadi_ext('4', 6, '5')
#6 /var/www/app/system/CodeIgniter.php(802): App\Controllers\Management->hitung_hasil_test('4')
#7 /var/www/app/system/CodeIgniter.php(399): CodeIgniter\CodeIgniter->runController(Object(App\Controllers\Management))
#8 /var/www/app/system/CodeIgniter.php(317): CodeIgniter\CodeIgniter->handleRequest(NULL, Object(Config\Cache), false)
#9 /var/www/app/public/index.php(37): CodeIgniter\CodeIgniter->run()
#10 {main}
CRITICAL - 2021-11-12 16:50:57 --> Trying to get property 'nilai' of non-object
#0 /var/www/app/app/Controllers/Management.php(1815): CodeIgniter\Debug\Exceptions->errorHandler(8, 'Trying to get p...', '/var/www/app/ap...', 1815, Array)
#1 /var/www/app/app/Controllers/Management.php(654): App\Controllers\Management->hitung_hasil_lengkap('4', Array, '7')
#2 /var/www/app/system/CodeIgniter.php(802): App\Controllers\Management->hitung_hasil_test('4')
#3 /var/www/app/system/CodeIgniter.php(399): CodeIgniter\CodeIgniter->runController(Object(App\Controllers\Management))
#4 /var/www/app/system/CodeIgniter.php(317): CodeIgniter\CodeIgniter->handleRequest(NULL, Object(Config\Cache), false)
#5 /var/www/app/public/index.php(37): CodeIgniter\CodeIgniter->run()
#6 {main}
CRITICAL - 2021-11-12 16:52:48 --> Trying to get property 'nilai' of non-object
#0 /var/www/app/app/Controllers/Management.php(1816): CodeIgniter\Debug\Exceptions->errorHandler(8, 'Trying to get p...', '/var/www/app/ap...', 1816, Array)
#1 /var/www/app/app/Controllers/Management.php(654): App\Controllers\Management->hitung_hasil_lengkap('4', Array, '7')
#2 /var/www/app/system/CodeIgniter.php(802): App\Controllers\Management->hitung_hasil_test('4')
#3 /var/www/app/system/CodeIgniter.php(399): CodeIgniter\CodeIgniter->runController(Object(App\Controllers\Management))
#4 /var/www/app/system/CodeIgniter.php(317): CodeIgniter\CodeIgniter->handleRequest(NULL, Object(Config\Cache), false)
#5 /var/www/app/public/index.php(37): CodeIgniter\CodeIgniter->run()
#6 {main}
CRITICAL - 2021-11-12 17:07:34 --> Undefined variable: db
#0 /var/www/app/app/Controllers/Management.php(1832): CodeIgniter\Debug\Exceptions->errorHandler(8, 'Undefined varia...', '/var/www/app/ap...', 1832, Array)
#1 /var/www/app/app/Controllers/Management.php(654): App\Controllers\Management->hitung_hasil_lengkap('4', Array, '5')
#2 /var/www/app/system/CodeIgniter.php(802): App\Controllers\Management->hitung_hasil_test('4')
#3 /var/www/app/system/CodeIgniter.php(399): CodeIgniter\CodeIgniter->runController(Object(App\Controllers\Management))
#4 /var/www/app/system/CodeIgniter.php(317): CodeIgniter\CodeIgniter->handleRequest(NULL, Object(Config\Cache), false)
#5 /var/www/app/public/index.php(37): CodeIgniter\CodeIgniter->run()
#6 {main}
ERROR - 2021-11-12 17:08:02 --> Table 'db_psikotest.hasil_ujian_lengkap' doesn't exist
CRITICAL - 2021-11-12 17:08:02 --> Table 'db_psikotest.hasil_ujian_lengkap' doesn't exist
#0 /var/www/app/system/Database/MySQLi/Connection.php(280): mysqli->query('SELECT id_hasil...')
#1 /var/www/app/system/Database/BaseConnection.php(663): CodeIgniter\Database\MySQLi\Connection->execute('SELECT id_hasil...')
#2 /var/www/app/system/Database/BaseConnection.php(591): CodeIgniter\Database\BaseConnection->simpleQuery('SELECT id_hasil...')
#3 /var/www/app/app/Controllers/Management.php(1832): CodeIgniter\Database\BaseConnection->query('SELECT id_hasil...')
#4 /var/www/app/app/Controllers/Management.php(654): App\Controllers\Management->hitung_hasil_lengkap('4', Array, '5')
#5 /var/www/app/system/CodeIgniter.php(802): App\Controllers\Management->hitung_hasil_test('4')
#6 /var/www/app/system/CodeIgniter.php(399): CodeIgniter\CodeIgniter->runController(Object(App\Controllers\Management))
#7 /var/www/app/system/CodeIgniter.php(317): CodeIgniter\CodeIgniter->handleRequest(NULL, Object(Config\Cache), false)
#8 /var/www/app/public/index.php(37): CodeIgniter\CodeIgniter->run()
#9 {main}
CRITICAL - 2021-11-12 17:08:35 --> Undefined variable: id_ujian
#0 /var/www/app/app/Controllers/Management.php(1835): CodeIgniter\Debug\Exceptions->errorHandler(8, 'Undefined varia...', '/var/www/app/ap...', 1835, Array)
#1 /var/www/app/app/Controllers/Management.php(654): App\Controllers\Management->hitung_hasil_lengkap('4', Array, '5')
#2 /var/www/app/system/CodeIgniter.php(802): App\Controllers\Management->hitung_hasil_test('4')
#3 /var/www/app/system/CodeIgniter.php(399): CodeIgniter\CodeIgniter->runController(Object(App\Controllers\Management))
#4 /var/www/app/system/CodeIgniter.php(317): CodeIgniter\CodeIgniter->handleRequest(NULL, Object(Config\Cache), false)
#5 /var/www/app/public/index.php(37): CodeIgniter\CodeIgniter->run()
#6 {main}
CRITICAL - 2021-11-12 17:09:02 --> Undefined variable: nilai_kategori
#0 /var/www/app/app/Controllers/Management.php(1835): CodeIgniter\Debug\Exceptions->errorHandler(8, 'Undefined varia...', '/var/www/app/ap...', 1835, Array)
#1 /var/www/app/app/Controllers/Management.php(654): App\Controllers\Management->hitung_hasil_lengkap('4', Array, '5')
#2 /var/www/app/system/CodeIgniter.php(802): App\Controllers\Management->hitung_hasil_test('4')
#3 /var/www/app/system/CodeIgniter.php(399): CodeIgniter\CodeIgniter->runController(Object(App\Controllers\Management))
#4 /var/www/app/system/CodeIgniter.php(317): CodeIgniter\CodeIgniter->handleRequest(NULL, Object(Config\Cache), false)
#5 /var/www/app/public/index.php(37): CodeIgniter\CodeIgniter->run()
#6 {main}
ERROR - 2021-11-12 17:09:38 --> Column count doesn't match value count at row 1
CRITICAL - 2021-11-12 17:09:38 --> Column count doesn't match value count at row 1
#0 /var/www/app/system/Database/MySQLi/Connection.php(280): mysqli->query('INSERT into has...')
#1 /var/www/app/system/Database/BaseConnection.php(663): CodeIgniter\Database\MySQLi\Connection->execute('INSERT into has...')
#2 /var/www/app/system/Database/BaseConnection.php(591): CodeIgniter\Database\BaseConnection->simpleQuery('INSERT into has...')
#3 /var/www/app/app/Controllers/Management.php(1835): CodeIgniter\Database\BaseConnection->query('INSERT into has...')
#4 /var/www/app/app/Controllers/Management.php(654): App\Controllers\Management->hitung_hasil_lengkap('4', Array, '5')
#5 /var/www/app/system/CodeIgniter.php(802): App\Controllers\Management->hitung_hasil_test('4')
#6 /var/www/app/system/CodeIgniter.php(399): CodeIgniter\CodeIgniter->runController(Object(App\Controllers\Management))
#7 /var/www/app/system/CodeIgniter.php(317): CodeIgniter\CodeIgniter->handleRequest(NULL, Object(Config\Cache), false)
#8 /var/www/app/public/index.php(37): CodeIgniter\CodeIgniter->run()
#9 {main}
CRITICAL - 2021-11-12 20:12:22 --> Undefined variable: id_peserta
#0 /var/www/app/app/Controllers/Management.php(1918): CodeIgniter\Debug\Exceptions->errorHandler(8, 'Undefined varia...', '/var/www/app/ap...', 1918, Array)
#1 /var/www/app/system/CodeIgniter.php(802): App\Controllers\Management->analisis_ujian('4')
#2 /var/www/app/system/CodeIgniter.php(399): CodeIgniter\CodeIgniter->runController(Object(App\Controllers\Management))
#3 /var/www/app/system/CodeIgniter.php(317): CodeIgniter\CodeIgniter->handleRequest(NULL, Object(Config\Cache), false)
#4 /var/www/app/public/index.php(37): CodeIgniter\CodeIgniter->run()
#5 {main}
