CRITICAL - 2021-10-29 01:29:33 --> Trying to get property 'id_ujian' of non-object
#0 /var/www/app/app/Controllers/Participant.php(75): CodeIgniter\Debug\Exceptions->errorHandler(8, 'Trying to get p...', '/var/www/app/ap...', 75, Array)
#1 [internal function]: App\Controllers\Participant->App\Controllers\{closure}('4', Object(stdClass))
#2 /var/www/app/app/Libraries/GroceryCrud.php(1724): call_user_func(Object(Closure), '4', Object(stdClass))
#3 /var/www/app/app/Libraries/GroceryCrud.php(1505): App\Libraries\grocery_CRUD_Layout->change_list_add_actions(Array)
#4 /var/www/app/app/Libraries/GroceryCrud.php(4496): App\Libraries\grocery_CRUD_Layout->showList(false, Object(stdClass))
#5 /var/www/app/app/Controllers/Participant.php(78): App\Libraries\GroceryCrud->render()
#6 /var/www/app/system/CodeIgniter.php(802): App\Controllers\Participant->daftar_ujian()
#7 /var/www/app/system/CodeIgniter.php(399): CodeIgniter\CodeIgniter->runController(Object(App\Controllers\Participant))
#8 /var/www/app/system/CodeIgniter.php(317): CodeIgniter\CodeIgniter->handleRequest(NULL, Object(Config\Cache), false)
#9 /var/www/app/public/index.php(37): CodeIgniter\CodeIgniter->run()
#10 {main}
CRITICAL - 2021-10-29 01:54:52 --> Class 'App\Controllers\DateTime' not found
#0 /var/www/app/system/CodeIgniter.php(802): App\Controllers\Participant->ujian('1')
#1 /var/www/app/system/CodeIgniter.php(399): CodeIgniter\CodeIgniter->runController(Object(App\Controllers\Participant))
#2 /var/www/app/system/CodeIgniter.php(317): CodeIgniter\CodeIgniter->handleRequest(NULL, Object(Config\Cache), false)
#3 /var/www/app/public/index.php(37): CodeIgniter\CodeIgniter->run()
#4 {main}
CRITICAL - 2021-10-29 01:55:31 --> Call to undefined function App\Controllers\DateTime()
#0 /var/www/app/system/CodeIgniter.php(802): App\Controllers\Participant->ujian('1')
#1 /var/www/app/system/CodeIgniter.php(399): CodeIgniter\CodeIgniter->runController(Object(App\Controllers\Participant))
#2 /var/www/app/system/CodeIgniter.php(317): CodeIgniter\CodeIgniter->handleRequest(NULL, Object(Config\Cache), false)
#3 /var/www/app/public/index.php(37): CodeIgniter\CodeIgniter->run()
#4 {main}
CRITICAL - 2021-10-29 01:56:24 --> Undefined variable: time
#0 /var/www/app/app/Controllers/Participant.php(28): CodeIgniter\Debug\Exceptions->errorHandler(8, 'Undefined varia...', '/var/www/app/ap...', 28, Array)
#1 /var/www/app/system/CodeIgniter.php(802): App\Controllers\Participant->ujian('1')
#2 /var/www/app/system/CodeIgniter.php(399): CodeIgniter\CodeIgniter->runController(Object(App\Controllers\Participant))
#3 /var/www/app/system/CodeIgniter.php(317): CodeIgniter\CodeIgniter->handleRequest(NULL, Object(Config\Cache), false)
#4 /var/www/app/public/index.php(37): CodeIgniter\CodeIgniter->run()
#5 {main}
ERROR - 2021-10-29 02:28:11 --> Column 'id_ujian' in where clause is ambiguous
CRITICAL - 2021-10-29 02:28:11 --> Column 'id_ujian' in where clause is ambiguous
#0 /var/www/app/system/Database/MySQLi/Connection.php(280): mysqli->query('SELECT is_start...')
#1 /var/www/app/system/Database/BaseConnection.php(663): CodeIgniter\Database\MySQLi\Connection->execute('SELECT is_start...')
#2 /var/www/app/system/Database/BaseConnection.php(591): CodeIgniter\Database\BaseConnection->simpleQuery('SELECT is_start...')
#3 /var/www/app/app/Controllers/Participant.php(44): CodeIgniter\Database\BaseConnection->query('SELECT is_start...')
#4 /var/www/app/system/CodeIgniter.php(802): App\Controllers\Participant->ujian('1')
#5 /var/www/app/system/CodeIgniter.php(399): CodeIgniter\CodeIgniter->runController(Object(App\Controllers\Participant))
#6 /var/www/app/system/CodeIgniter.php(317): CodeIgniter\CodeIgniter->handleRequest(NULL, Object(Config\Cache), false)
#7 /var/www/app/public/index.php(37): CodeIgniter\CodeIgniter->run()
#8 {main}
CRITICAL - 2021-10-29 03:39:41 --> Undefined property: stdClass::$nilai2
#0 /var/www/app/app/Controllers/Participant.php(207): CodeIgniter\Debug\Exceptions->errorHandler(8, 'Undefined prope...', '/var/www/app/ap...', 207, Array)
#1 /var/www/app/system/CodeIgniter.php(802): App\Controllers\Participant->hasil_ujian('1')
#2 /var/www/app/system/CodeIgniter.php(399): CodeIgniter\CodeIgniter->runController(Object(App\Controllers\Participant))
#3 /var/www/app/system/CodeIgniter.php(317): CodeIgniter\CodeIgniter->handleRequest(NULL, Object(Config\Cache), false)
#4 /var/www/app/public/index.php(37): CodeIgniter\CodeIgniter->run()
#5 {main}
