ERROR - 2021-12-10 15:43:28 --> Unknown column 'id_peserta' in 'where clause'
CRITICAL - 2021-12-10 15:43:28 --> Unknown column 'id_peserta' in 'where clause'
#0 /var/www/app/system/Database/MySQLi/Connection.php(280): mysqli->query('SELECT `daytest...')
#1 /var/www/app/system/Database/BaseConnection.php(663): CodeIgniter\Database\MySQLi\Connection->execute('SELECT `daytest...')
#2 /var/www/app/system/Database/BaseConnection.php(591): CodeIgniter\Database\BaseConnection->simpleQuery('SELECT `daytest...')
#3 /var/www/app/system/Database/BaseBuilder.php(1428): CodeIgniter\Database\BaseConnection->query('SELECT `daytest...', Array, false)
#4 /var/www/app/app/Models/GroceryCrudModel.php(89): CodeIgniter\Database\BaseBuilder->get()
#5 /var/www/app/app/Libraries/GroceryCrud.php(1383): App\Models\GroceryCrudModel->get_list()
#6 /var/www/app/app/Libraries/GroceryCrud.php(1503): App\Libraries\grocery_CRUD_Model_Driver->get_list()
#7 /var/www/app/app/Libraries/GroceryCrud.php(4496): App\Libraries\grocery_CRUD_Layout->showList(false, Object(stdClass))
#8 /var/www/app/app/Controllers/Participant.php(482): App\Libraries\GroceryCrud->render()
#9 /var/www/app/system/CodeIgniter.php(802): App\Controllers\Participant->hari_ujian()
#10 /var/www/app/system/CodeIgniter.php(399): CodeIgniter\CodeIgniter->runController(Object(App\Controllers\Participant))
#11 /var/www/app/system/CodeIgniter.php(317): CodeIgniter\CodeIgniter->handleRequest(NULL, Object(Config\Cache), false)
#12 /var/www/app/public/index.php(37): CodeIgniter\CodeIgniter->run()
#13 {main}
ERROR - 2021-12-10 15:43:44 --> Unknown column 'daytest_peserta.id_peserta' in 'where clause'
CRITICAL - 2021-12-10 15:43:44 --> Unknown column 'daytest_peserta.id_peserta' in 'where clause'
#0 /var/www/app/system/Database/MySQLi/Connection.php(280): mysqli->query('SELECT `daytest...')
#1 /var/www/app/system/Database/BaseConnection.php(663): CodeIgniter\Database\MySQLi\Connection->execute('SELECT `daytest...')
#2 /var/www/app/system/Database/BaseConnection.php(591): CodeIgniter\Database\BaseConnection->simpleQuery('SELECT `daytest...')
#3 /var/www/app/system/Database/BaseBuilder.php(1428): CodeIgniter\Database\BaseConnection->query('SELECT `daytest...', Array, false)
#4 /var/www/app/app/Models/GroceryCrudModel.php(89): CodeIgniter\Database\BaseBuilder->get()
#5 /var/www/app/app/Libraries/GroceryCrud.php(1383): App\Models\GroceryCrudModel->get_list()
#6 /var/www/app/app/Libraries/GroceryCrud.php(1503): App\Libraries\grocery_CRUD_Model_Driver->get_list()
#7 /var/www/app/app/Libraries/GroceryCrud.php(4496): App\Libraries\grocery_CRUD_Layout->showList(false, Object(stdClass))
#8 /var/www/app/app/Controllers/Participant.php(482): App\Libraries\GroceryCrud->render()
#9 /var/www/app/system/CodeIgniter.php(802): App\Controllers\Participant->hari_ujian()
#10 /var/www/app/system/CodeIgniter.php(399): CodeIgniter\CodeIgniter->runController(Object(App\Controllers\Participant))
#11 /var/www/app/system/CodeIgniter.php(317): CodeIgniter\CodeIgniter->handleRequest(NULL, Object(Config\Cache), false)
#12 /var/www/app/public/index.php(37): CodeIgniter\CodeIgniter->run()
#13 {main}
ERROR - 2021-12-10 15:45:26 --> Unknown column 'peserta.id_peserta' in 'where clause'
CRITICAL - 2021-12-10 15:45:26 --> Unknown column 'peserta.id_peserta' in 'where clause'
#0 /var/www/app/system/Database/MySQLi/Connection.php(280): mysqli->query('SELECT `daytest...')
#1 /var/www/app/system/Database/BaseConnection.php(663): CodeIgniter\Database\MySQLi\Connection->execute('SELECT `daytest...')
#2 /var/www/app/system/Database/BaseConnection.php(591): CodeIgniter\Database\BaseConnection->simpleQuery('SELECT `daytest...')
#3 /var/www/app/system/Database/BaseBuilder.php(1428): CodeIgniter\Database\BaseConnection->query('SELECT `daytest...', Array, false)
#4 /var/www/app/app/Models/GroceryCrudModel.php(89): CodeIgniter\Database\BaseBuilder->get()
#5 /var/www/app/app/Libraries/GroceryCrud.php(1383): App\Models\GroceryCrudModel->get_list()
#6 /var/www/app/app/Libraries/GroceryCrud.php(1503): App\Libraries\grocery_CRUD_Model_Driver->get_list()
#7 /var/www/app/app/Libraries/GroceryCrud.php(4496): App\Libraries\grocery_CRUD_Layout->showList(false, Object(stdClass))
#8 /var/www/app/app/Controllers/Participant.php(482): App\Libraries\GroceryCrud->render()
#9 /var/www/app/system/CodeIgniter.php(802): App\Controllers\Participant->hari_ujian()
#10 /var/www/app/system/CodeIgniter.php(399): CodeIgniter\CodeIgniter->runController(Object(App\Controllers\Participant))
#11 /var/www/app/system/CodeIgniter.php(317): CodeIgniter\CodeIgniter->handleRequest(NULL, Object(Config\Cache), false)
#12 /var/www/app/public/index.php(37): CodeIgniter\CodeIgniter->run()
#13 {main}
CRITICAL - 2021-12-10 17:01:48 --> Class 'App\Controllers\customModel' not found
#0 /var/www/app/system/CodeIgniter.php(802): App\Controllers\Participant->hari_ujian()
#1 /var/www/app/system/CodeIgniter.php(399): CodeIgniter\CodeIgniter->runController(Object(App\Controllers\Participant))
#2 /var/www/app/system/CodeIgniter.php(317): CodeIgniter\CodeIgniter->handleRequest(NULL, Object(Config\Cache), false)
#3 /var/www/app/public/index.php(37): CodeIgniter\CodeIgniter->run()
#4 {main}
CRITICAL - 2021-12-10 17:03:50 --> Class 'Models\DaytestModel' not found
#0 /var/www/app/system/CodeIgniter.php(802): App\Controllers\Participant->hari_ujian()
#1 /var/www/app/system/CodeIgniter.php(399): CodeIgniter\CodeIgniter->runController(Object(App\Controllers\Participant))
#2 /var/www/app/system/CodeIgniter.php(317): CodeIgniter\CodeIgniter->handleRequest(NULL, Object(Config\Cache), false)
#3 /var/www/app/public/index.php(37): CodeIgniter\CodeIgniter->run()
#4 {main}
CRITICAL - 2021-12-10 17:05:00 --> Class 'GroceryCrud\Core\Model' not found
#0 /var/www/app/system/Autoloader/Autoloader.php(264): include_once()
#1 /var/www/app/system/Autoloader/Autoloader.php(241): CodeIgniter\Autoloader\Autoloader->includeFile('/var/www/app/ap...')
#2 /var/www/app/system/Autoloader/Autoloader.php(219): CodeIgniter\Autoloader\Autoloader->loadInNamespace('App\\Models\\Dayt...')
#3 [internal function]: CodeIgniter\Autoloader\Autoloader->loadClass('App\\Models\\Dayt...')
#4 /var/www/app/app/Controllers/Participant.php(491): spl_autoload_call('App\\Models\\Dayt...')
#5 /var/www/app/system/CodeIgniter.php(802): App\Controllers\Participant->hari_ujian()
#6 /var/www/app/system/CodeIgniter.php(399): CodeIgniter\CodeIgniter->runController(Object(App\Controllers\Participant))
#7 /var/www/app/system/CodeIgniter.php(317): CodeIgniter\CodeIgniter->handleRequest(NULL, Object(Config\Cache), false)
#8 /var/www/app/public/index.php(37): CodeIgniter\CodeIgniter->run()
#9 {main}
CRITICAL - 2021-12-10 17:05:39 --> Class 'Model' not found
#0 /var/www/app/system/Autoloader/Autoloader.php(264): include_once()
#1 /var/www/app/system/Autoloader/Autoloader.php(241): CodeIgniter\Autoloader\Autoloader->includeFile('/var/www/app/ap...')
#2 /var/www/app/system/Autoloader/Autoloader.php(219): CodeIgniter\Autoloader\Autoloader->loadInNamespace('App\\Models\\Dayt...')
#3 [internal function]: CodeIgniter\Autoloader\Autoloader->loadClass('App\\Models\\Dayt...')
#4 /var/www/app/app/Controllers/Participant.php(491): spl_autoload_call('App\\Models\\Dayt...')
#5 /var/www/app/system/CodeIgniter.php(802): App\Controllers\Participant->hari_ujian()
#6 /var/www/app/system/CodeIgniter.php(399): CodeIgniter\CodeIgniter->runController(Object(App\Controllers\Participant))
#7 /var/www/app/system/CodeIgniter.php(317): CodeIgniter\CodeIgniter->handleRequest(NULL, Object(Config\Cache), false)
#8 /var/www/app/public/index.php(37): CodeIgniter\CodeIgniter->run()
#9 {main}
CRITICAL - 2021-12-10 17:05:53 --> Class 'Model' not found
#0 /var/www/app/system/Autoloader/Autoloader.php(264): include_once()
#1 /var/www/app/system/Autoloader/Autoloader.php(241): CodeIgniter\Autoloader\Autoloader->includeFile('/var/www/app/ap...')
#2 /var/www/app/system/Autoloader/Autoloader.php(219): CodeIgniter\Autoloader\Autoloader->loadInNamespace('App\\Models\\Dayt...')
#3 [internal function]: CodeIgniter\Autoloader\Autoloader->loadClass('App\\Models\\Dayt...')
#4 /var/www/app/app/Controllers/Participant.php(491): spl_autoload_call('App\\Models\\Dayt...')
#5 /var/www/app/system/CodeIgniter.php(802): App\Controllers\Participant->hari_ujian()
#6 /var/www/app/system/CodeIgniter.php(399): CodeIgniter\CodeIgniter->runController(Object(App\Controllers\Participant))
#7 /var/www/app/system/CodeIgniter.php(317): CodeIgniter\CodeIgniter->handleRequest(NULL, Object(Config\Cache), false)
#8 /var/www/app/public/index.php(37): CodeIgniter\CodeIgniter->run()
#9 {main}
CRITICAL - 2021-12-10 17:06:20 --> Class 'App\Models\DaytestModel' not found
#0 /var/www/app/system/CodeIgniter.php(802): App\Controllers\Participant->hari_ujian()
#1 /var/www/app/system/CodeIgniter.php(399): CodeIgniter\CodeIgniter->runController(Object(App\Controllers\Participant))
#2 /var/www/app/system/CodeIgniter.php(317): CodeIgniter\CodeIgniter->handleRequest(NULL, Object(Config\Cache), false)
#3 /var/www/app/public/index.php(37): CodeIgniter\CodeIgniter->run()
#4 {main}
CRITICAL - 2021-12-10 17:07:15 --> Class 'App\Models\DaytestModel' not found
#0 /var/www/app/system/CodeIgniter.php(802): App\Controllers\Participant->hari_ujian()
#1 /var/www/app/system/CodeIgniter.php(399): CodeIgniter\CodeIgniter->runController(Object(App\Controllers\Participant))
#2 /var/www/app/system/CodeIgniter.php(317): CodeIgniter\CodeIgniter->handleRequest(NULL, Object(Config\Cache), false)
#3 /var/www/app/public/index.php(37): CodeIgniter\CodeIgniter->run()
#4 {main}
CRITICAL - 2021-12-10 17:09:41 --> Class 'App\Models\DaytestModel' not found
#0 /var/www/app/system/CodeIgniter.php(802): App\Controllers\Participant->hari_ujian()
#1 /var/www/app/system/CodeIgniter.php(399): CodeIgniter\CodeIgniter->runController(Object(App\Controllers\Participant))
#2 /var/www/app/system/CodeIgniter.php(317): CodeIgniter\CodeIgniter->handleRequest(NULL, Object(Config\Cache), false)
#3 /var/www/app/public/index.php(37): CodeIgniter\CodeIgniter->run()
#4 {main}
