CRITICAL - 2023-10-09 09:39:41 --> Attempt to read property "first_name" on null
#0 /var/www/virtual/mf-ai.politala.ac.id/app/Views/plagiarism/header.php(32): CodeIgniter\Debug\Exceptions->errorHandler()
#1 /var/www/virtual/mf-ai.politala.ac.id/system/View/View.php(214): include('...')
#2 /var/www/virtual/mf-ai.politala.ac.id/system/View/View.php(217): CodeIgniter\View\View->CodeIgniter\View\{closure}()
#3 /var/www/virtual/mf-ai.politala.ac.id/system/Common.php(1092): CodeIgniter\View\View->render()
#4 /var/www/virtual/mf-ai.politala.ac.id/app/Views/plagiarism/user.php(97): view()
#5 /var/www/virtual/mf-ai.politala.ac.id/system/View/View.php(214): include('...')
#6 /var/www/virtual/mf-ai.politala.ac.id/system/View/View.php(217): CodeIgniter\View\View->CodeIgniter\View\{closure}()
#7 /var/www/virtual/mf-ai.politala.ac.id/system/Common.php(1092): CodeIgniter\View\View->render()
#8 /var/www/virtual/mf-ai.politala.ac.id/app/Controllers/Management.php(84): view()
#9 /var/www/virtual/mf-ai.politala.ac.id/system/CodeIgniter.php(802): App\Controllers\Management->toga()
#10 /var/www/virtual/mf-ai.politala.ac.id/system/CodeIgniter.php(399): CodeIgniter\CodeIgniter->runController()
#11 /var/www/virtual/mf-ai.politala.ac.id/system/CodeIgniter.php(317): CodeIgniter\CodeIgniter->handleRequest()
#12 /var/www/virtual/mf-ai.politala.ac.id/public/index.php(37): CodeIgniter\CodeIgniter->run()
#13 {main}
CRITICAL - 2023-10-09 15:03:14 --> syntax error, unexpected token "}", expecting ";"
#0 /var/www/virtual/mf-ai.politala.ac.id/system/Router/Router.php(160): CodeIgniter\Router\Router->autoRoute()
#1 /var/www/virtual/mf-ai.politala.ac.id/system/CodeIgniter.php(702): CodeIgniter\Router\Router->handle()
#2 /var/www/virtual/mf-ai.politala.ac.id/system/CodeIgniter.php(358): CodeIgniter\CodeIgniter->tryToRouteIt()
#3 /var/www/virtual/mf-ai.politala.ac.id/system/CodeIgniter.php(317): CodeIgniter\CodeIgniter->handleRequest()
#4 /var/www/virtual/mf-ai.politala.ac.id/public/index.php(37): CodeIgniter\CodeIgniter->run()
#5 {main}
CRITICAL - 2023-10-09 21:37:25 --> Undefined property: App\Libraries\GroceryCrud::$unsetFields
#0 /var/www/virtual/mf-ai.politala.ac.id/app/Controllers/Management.php(72): CodeIgniter\Debug\Exceptions->errorHandler()
#1 /var/www/virtual/mf-ai.politala.ac.id/system/CodeIgniter.php(802): App\Controllers\Management->toga()
#2 /var/www/virtual/mf-ai.politala.ac.id/system/CodeIgniter.php(399): CodeIgniter\CodeIgniter->runController()
#3 /var/www/virtual/mf-ai.politala.ac.id/system/CodeIgniter.php(317): CodeIgniter\CodeIgniter->handleRequest()
#4 /var/www/virtual/mf-ai.politala.ac.id/public/index.php(37): CodeIgniter\CodeIgniter->run()
#5 {main}
CRITICAL - 2023-10-09 21:37:31 --> Undefined property: App\Libraries\GroceryCrud::$unsetField
#0 /var/www/virtual/mf-ai.politala.ac.id/app/Controllers/Management.php(72): CodeIgniter\Debug\Exceptions->errorHandler()
#1 /var/www/virtual/mf-ai.politala.ac.id/system/CodeIgniter.php(802): App\Controllers\Management->toga()
#2 /var/www/virtual/mf-ai.politala.ac.id/system/CodeIgniter.php(399): CodeIgniter\CodeIgniter->runController()
#3 /var/www/virtual/mf-ai.politala.ac.id/system/CodeIgniter.php(317): CodeIgniter\CodeIgniter->handleRequest()
#4 /var/www/virtual/mf-ai.politala.ac.id/public/index.php(37): CodeIgniter\CodeIgniter->run()
#5 {main}
CRITICAL - 2023-10-09 23:45:00 --> Undefined variable $nama
#0 /var/www/virtual/mf-ai.politala.ac.id/app/Views/togamf/produk-qr.php(164): CodeIgniter\Debug\Exceptions->errorHandler()
#1 /var/www/virtual/mf-ai.politala.ac.id/system/View/View.php(214): include('...')
#2 /var/www/virtual/mf-ai.politala.ac.id/system/View/View.php(217): CodeIgniter\View\View->CodeIgniter\View\{closure}()
#3 /var/www/virtual/mf-ai.politala.ac.id/system/Common.php(1092): CodeIgniter\View\View->render()
#4 /var/www/virtual/mf-ai.politala.ac.id/app/Controllers/Toga.php(18): view()
#5 /var/www/virtual/mf-ai.politala.ac.id/system/CodeIgniter.php(802): App\Controllers\Toga->viewQr()
#6 /var/www/virtual/mf-ai.politala.ac.id/system/CodeIgniter.php(399): CodeIgniter\CodeIgniter->runController()
#7 /var/www/virtual/mf-ai.politala.ac.id/system/CodeIgniter.php(317): CodeIgniter\CodeIgniter->handleRequest()
#8 /var/www/virtual/mf-ai.politala.ac.id/public/index.php(37): CodeIgniter\CodeIgniter->run()
#9 {main}
