ERROR - 2021-11-17 20:01:43 --> Unknown column 'huc.id_ujian' in 'where clause'
CRITICAL - 2021-11-17 20:01:43 --> Unknown column 'huc.id_ujian' in 'where clause'
#0 /var/www/app/system/Database/MySQLi/Connection.php(280): mysqli->query('SELECT * FROM h...')
#1 /var/www/app/system/Database/BaseConnection.php(663): CodeIgniter\Database\MySQLi\Connection->execute('SELECT * FROM h...')
#2 /var/www/app/system/Database/BaseConnection.php(591): CodeIgniter\Database\BaseConnection->simpleQuery('SELECT * FROM h...')
#3 /var/www/app/app/Controllers/Management.php(1930): CodeIgniter\Database\BaseConnection->query('SELECT * FROM h...')
#4 /var/www/app/system/CodeIgniter.php(802): App\Controllers\Management->analisis_ujian('4')
#5 /var/www/app/system/CodeIgniter.php(399): CodeIgniter\CodeIgniter->runController(Object(App\Controllers\Management))
#6 /var/www/app/system/CodeIgniter.php(317): CodeIgniter\CodeIgniter->handleRequest(NULL, Object(Config\Cache), false)
#7 /var/www/app/public/index.php(37): CodeIgniter\CodeIgniter->run()
#8 {main}
CRITICAL - 2021-11-17 20:18:12 --> syntax error, unexpected '}', expecting end of file
#0 /var/www/app/system/View/View.php(217): CodeIgniter\View\View->CodeIgniter\View\{closure}()
#1 /var/www/app/system/Common.php(1092): CodeIgniter\View\View->render('management/main...', Array, true)
#2 /var/www/app/app/Controllers/Management.php(1945): view('management/main...', Array)
#3 /var/www/app/system/CodeIgniter.php(802): App\Controllers\Management->analisis_ujian('4')
#4 /var/www/app/system/CodeIgniter.php(399): CodeIgniter\CodeIgniter->runController(Object(App\Controllers\Management))
#5 /var/www/app/system/CodeIgniter.php(317): CodeIgniter\CodeIgniter->handleRequest(NULL, Object(Config\Cache), false)
#6 /var/www/app/public/index.php(37): CodeIgniter\CodeIgniter->run()
#7 {main}
CRITICAL - 2021-11-17 21:51:36 --> Undefined property: stdClass::$stabilitas_emosi
#0 /var/www/app/app/Views/management/main-analisis.php(255): CodeIgniter\Debug\Exceptions->errorHandler(8, 'Undefined prope...', '/var/www/app/ap...', 255, Array)
#1 /var/www/app/system/View/View.php(214): include('/var/www/app/ap...')
#2 /var/www/app/system/View/View.php(217): CodeIgniter\View\View->CodeIgniter\View\{closure}()
#3 /var/www/app/system/Common.php(1092): CodeIgniter\View\View->render('management/main...', Array, true)
#4 /var/www/app/app/Controllers/Management.php(1945): view('management/main...', Array)
#5 /var/www/app/system/CodeIgniter.php(802): App\Controllers\Management->analisis_ujian('4')
#6 /var/www/app/system/CodeIgniter.php(399): CodeIgniter\CodeIgniter->runController(Object(App\Controllers\Management))
#7 /var/www/app/system/CodeIgniter.php(317): CodeIgniter\CodeIgniter->handleRequest(NULL, Object(Config\Cache), false)
#8 /var/www/app/public/index.php(37): CodeIgniter\CodeIgniter->run()
#9 {main}
