CRITICAL - 2021-10-01 01:06:23 --> The table name does not exist. Please check you database and try again.
#0 /var/www/app/app/Libraries/GroceryCrud.php(4450): App\Libraries\GroceryCrud->get_table()
#1 /var/www/app/app/Libraries/GroceryCrud.php(4467): App\Libraries\GroceryCrud->pre_render()
#2 /var/www/app/app/Controllers/Management.php(55): App\Libraries\GroceryCrud->render()
#3 /var/www/app/system/CodeIgniter.php(802): App\Controllers\Management->pertanyaan()
#4 /var/www/app/system/CodeIgniter.php(399): CodeIgniter\CodeIgniter->runController(Object(App\Controllers\Management))
#5 /var/www/app/system/CodeIgniter.php(317): CodeIgniter\CodeIgniter->handleRequest(NULL, Object(Config\Cache), false)
#6 /var/www/app/public/index.php(37): CodeIgniter\CodeIgniter->run()
#7 {main}
CRITICAL - 2021-10-01 01:06:36 --> The table name does not exist. Please check you database and try again.
#0 /var/www/app/app/Libraries/GroceryCrud.php(4450): App\Libraries\GroceryCrud->get_table()
#1 /var/www/app/app/Libraries/GroceryCrud.php(4467): App\Libraries\GroceryCrud->pre_render()
#2 /var/www/app/app/Controllers/Management.php(41): App\Libraries\GroceryCrud->render()
#3 /var/www/app/system/CodeIgniter.php(802): App\Controllers\Management->ujian()
#4 /var/www/app/system/CodeIgniter.php(399): CodeIgniter\CodeIgniter->runController(Object(App\Controllers\Management))
#5 /var/www/app/system/CodeIgniter.php(317): CodeIgniter\CodeIgniter->handleRequest(NULL, Object(Config\Cache), false)
#6 /var/www/app/public/index.php(37): CodeIgniter\CodeIgniter->run()
#7 {main}
ERROR - 2021-10-01 01:18:06 --> You have an error in your SQL syntax; check the manual that corresponds to your MariaDB server version for the right syntax to use near 'as s670bda62
FROM `jenis_pertanyaan`
ORDER BY `s670bda62`' at line 1
CRITICAL - 2021-10-01 01:18:06 --> You have an error in your SQL syntax; check the manual that corresponds to your MariaDB server version for the right syntax to use near 'as s670bda62
FROM `jenis_pertanyaan`
ORDER BY `s670bda62`' at line 1
#0 /var/www/app/system/Database/MySQLi/Connection.php(280): mysqli->query('SELECT jenis_pe...')
#1 /var/www/app/system/Database/BaseConnection.php(663): CodeIgniter\Database\MySQLi\Connection->execute('SELECT jenis_pe...')
#2 /var/www/app/system/Database/BaseConnection.php(591): CodeIgniter\Database\BaseConnection->simpleQuery('SELECT jenis_pe...')
#3 /var/www/app/system/Database/BaseBuilder.php(1428): CodeIgniter\Database\BaseConnection->query('SELECT jenis_pe...', Array, false)
#4 /var/www/app/app/Models/GroceryCrudModel.php(280): CodeIgniter\Database\BaseBuilder->get()
#5 /var/www/app/app/Libraries/GroceryCrud.php(652): App\Models\GroceryCrudModel->get_relation_array('id_jenis_pertan...', 'jenis_pertanyaa...', 'jenis pertanyaa...', NULL, NULL, NULL)
#6 /var/www/app/app/Libraries/GroceryCrud.php(2432): App\Libraries\grocery_CRUD_Model_Driver->get_relation_array(Array)
#7 /var/www/app/app/Libraries/GroceryCrud.php(231): App\Libraries\grocery_CRUD_Layout->get_relation_input(Object(stdClass), NULL)
#8 /var/www/app/app/Libraries/GroceryCrud.php(2548): App\Libraries\grocery_CRUD_Field_Types->get_field_input(Object(stdClass), NULL)
#9 /var/www/app/app/Libraries/GroceryCrud.php(1765): App\Libraries\grocery_CRUD_Layout->get_add_input_fields()
#10 /var/www/app/app/Libraries/GroceryCrud.php(4513): App\Libraries\grocery_CRUD_Layout->showAddForm()
#11 /var/www/app/app/Controllers/Management.php(56): App\Libraries\GroceryCrud->render()
#12 /var/www/app/system/CodeIgniter.php(802): App\Controllers\Management->pertanyaan('add')
#13 /var/www/app/system/CodeIgniter.php(399): CodeIgniter\CodeIgniter->runController(Object(App\Controllers\Management))
#14 /var/www/app/system/CodeIgniter.php(317): CodeIgniter\CodeIgniter->handleRequest(NULL, Object(Config\Cache), false)
#15 /var/www/app/public/index.php(37): CodeIgniter\CodeIgniter->run()
#16 {main}
CRITICAL - 2021-10-01 01:22:44 --> Too few arguments to function App\Libraries\GroceryCrud::setRelation(), 2 passed in /var/www/app/app/Controllers/Management.php on line 52 and at least 3 expected
#0 /var/www/app/app/Controllers/Management.php(52): App\Libraries\GroceryCrud->setRelation('id_jenis_pertan...', 'jenis_pertanyaa...')
#1 /var/www/app/system/CodeIgniter.php(802): App\Controllers\Management->pertanyaan()
#2 /var/www/app/system/CodeIgniter.php(399): CodeIgniter\CodeIgniter->runController(Object(App\Controllers\Management))
#3 /var/www/app/system/CodeIgniter.php(317): CodeIgniter\CodeIgniter->handleRequest(NULL, Object(Config\Cache), false)
#4 /var/www/app/public/index.php(37): CodeIgniter\CodeIgniter->run()
#5 {main}
