CRITICAL - 2021-10-18 00:00:49 --> Undefined variable: outpuy
#0 /var/www/app/app/Views/management/user.php(23): CodeIgniter\Debug\Exceptions->errorHandler(8, 'Undefined varia...', '/var/www/app/ap...', 23, Array)
#1 /var/www/app/system/View/View.php(214): include('/var/www/app/ap...')
#2 /var/www/app/system/View/View.php(217): CodeIgniter\View\View->CodeIgniter\View\{closure}()
#3 /var/www/app/system/Common.php(1092): CodeIgniter\View\View->render('management/user', Array, true)
#4 /var/www/app/app/Controllers/Management.php(54): view('management/user', Array)
#5 /var/www/app/system/CodeIgniter.php(802): App\Controllers\Management->users()
#6 /var/www/app/system/CodeIgniter.php(399): CodeIgniter\CodeIgniter->runController(Object(App\Controllers\Management))
#7 /var/www/app/system/CodeIgniter.php(317): CodeIgniter\CodeIgniter->handleRequest(NULL, Object(Config\Cache), false)
#8 /var/www/app/public/index.php(37): CodeIgniter\CodeIgniter->run()
#9 {main}
CRITICAL - 2021-10-18 00:01:03 --> Object of class stdClass could not be converted to string
#0 /var/www/app/system/View/View.php(214): include()
#1 /var/www/app/system/View/View.php(217): CodeIgniter\View\View->CodeIgniter\View\{closure}()
#2 /var/www/app/system/Common.php(1092): CodeIgniter\View\View->render('management/user', Array, true)
#3 /var/www/app/app/Controllers/Management.php(54): view('management/user', Array)
#4 /var/www/app/system/CodeIgniter.php(802): App\Controllers\Management->users()
#5 /var/www/app/system/CodeIgniter.php(399): CodeIgniter\CodeIgniter->runController(Object(App\Controllers\Management))
#6 /var/www/app/system/CodeIgniter.php(317): CodeIgniter\CodeIgniter->handleRequest(NULL, Object(Config\Cache), false)
#7 /var/www/app/public/index.php(37): CodeIgniter\CodeIgniter->run()
#8 {main}
CRITICAL - 2021-10-18 00:02:00 --> Array and string offset access syntax with curly braces is deprecated
#0 /var/www/app/system/View/View.php(214): CodeIgniter\Debug\Exceptions->errorHandler(8192, 'Array and strin...', '/var/www/app/ap...', 167, Array)
#1 /var/www/app/system/View/View.php(214): include()
#2 /var/www/app/system/View/View.php(217): CodeIgniter\View\View->CodeIgniter\View\{closure}()
#3 /var/www/app/system/Common.php(1092): CodeIgniter\View\View->render('management/user', Array, true)
#4 /var/www/app/app/Controllers/Management.php(54): view('management/user', Array)
#5 /var/www/app/system/CodeIgniter.php(802): App\Controllers\Management->users()
#6 /var/www/app/system/CodeIgniter.php(399): CodeIgniter\CodeIgniter->runController(Object(App\Controllers\Management))
#7 /var/www/app/system/CodeIgniter.php(317): CodeIgniter\CodeIgniter->handleRequest(NULL, Object(Config\Cache), false)
#8 /var/www/app/public/index.php(37): CodeIgniter\CodeIgniter->run()
#9 {main}
CRITICAL - 2021-10-18 00:03:42 --> Undefined property: IonAuth\Models\IonAuthModel::$first_name
#0 /var/www/app/app/Views/management/header.php(469): CodeIgniter\Debug\Exceptions->errorHandler(8, 'Undefined prope...', '/var/www/app/ap...', 469, Array)
#1 /var/www/app/system/View/View.php(214): include('/var/www/app/ap...')
#2 /var/www/app/system/View/View.php(217): CodeIgniter\View\View->CodeIgniter\View\{closure}()
#3 /var/www/app/system/Common.php(1092): CodeIgniter\View\View->render('management/head...', Array, true)
#4 /var/www/app/app/Views/management/user.php(97): view('management/head...')
#5 /var/www/app/system/View/View.php(214): include('/var/www/app/ap...')
#6 /var/www/app/system/View/View.php(217): CodeIgniter\View\View->CodeIgniter\View\{closure}()
#7 /var/www/app/system/Common.php(1092): CodeIgniter\View\View->render('management/user', Array, true)
#8 /var/www/app/app/Controllers/Management.php(54): view('management/user', Array)
#9 /var/www/app/system/CodeIgniter.php(802): App\Controllers\Management->users()
#10 /var/www/app/system/CodeIgniter.php(399): CodeIgniter\CodeIgniter->runController(Object(App\Controllers\Management))
#11 /var/www/app/system/CodeIgniter.php(317): CodeIgniter\CodeIgniter->handleRequest(NULL, Object(Config\Cache), false)
#12 /var/www/app/public/index.php(37): CodeIgniter\CodeIgniter->run()
#13 {main}
CRITICAL - 2021-10-18 00:04:42 --> Cannot use object of type IonAuth\Models\IonAuthModel as array
#0 /var/www/app/system/View/View.php(214): include()
#1 /var/www/app/system/View/View.php(217): CodeIgniter\View\View->CodeIgniter\View\{closure}()
#2 /var/www/app/system/Common.php(1092): CodeIgniter\View\View->render('management/head...', Array, true)
#3 /var/www/app/app/Views/management/user.php(97): view('management/head...')
#4 /var/www/app/system/View/View.php(214): include('/var/www/app/ap...')
#5 /var/www/app/system/View/View.php(217): CodeIgniter\View\View->CodeIgniter\View\{closure}()
#6 /var/www/app/system/Common.php(1092): CodeIgniter\View\View->render('management/user', Array, true)
#7 /var/www/app/app/Controllers/Management.php(54): view('management/user', Array)
#8 /var/www/app/system/CodeIgniter.php(802): App\Controllers\Management->users()
#9 /var/www/app/system/CodeIgniter.php(399): CodeIgniter\CodeIgniter->runController(Object(App\Controllers\Management))
#10 /var/www/app/system/CodeIgniter.php(317): CodeIgniter\CodeIgniter->handleRequest(NULL, Object(Config\Cache), false)
#11 /var/www/app/public/index.php(37): CodeIgniter\CodeIgniter->run()
#12 {main}
CRITICAL - 2021-10-18 01:46:08 --> Undefined variable: user
#0 /var/www/app/app/Views/management/header.php(469): CodeIgniter\Debug\Exceptions->errorHandler(8, 'Undefined varia...', '/var/www/app/ap...', 469, Array)
#1 /var/www/app/system/View/View.php(214): include('/var/www/app/ap...')
#2 /var/www/app/system/View/View.php(217): CodeIgniter\View\View->CodeIgniter\View\{closure}()
#3 /var/www/app/system/Common.php(1092): CodeIgniter\View\View->render('management/head...', Array, true)
#4 /var/www/app/app/Views/management/main.php(93): view('management/head...')
#5 /var/www/app/system/View/View.php(214): include('/var/www/app/ap...')
#6 /var/www/app/system/View/View.php(217): CodeIgniter\View\View->CodeIgniter\View\{closure}()
#7 /var/www/app/system/Common.php(1092): CodeIgniter\View\View->render('management/main', Array, true)
#8 /var/www/app/app/Controllers/Management.php(30): view('management/main')
#9 /var/www/app/system/CodeIgniter.php(802): App\Controllers\Management->index()
#10 /var/www/app/system/CodeIgniter.php(399): CodeIgniter\CodeIgniter->runController(Object(App\Controllers\Management))
#11 /var/www/app/system/CodeIgniter.php(317): CodeIgniter\CodeIgniter->handleRequest(NULL, Object(Config\Cache), false)
#12 /var/www/app/public/index.php(37): CodeIgniter\CodeIgniter->run()
#13 {main}
CRITICAL - 2021-10-18 03:12:31 --> Undefined variable: user
#0 /var/www/app/app/Views/management/header.php(469): CodeIgniter\Debug\Exceptions->errorHandler(8, 'Undefined varia...', '/var/www/app/ap...', 469, Array)
#1 /var/www/app/system/View/View.php(214): include('/var/www/app/ap...')
#2 /var/www/app/system/View/View.php(217): CodeIgniter\View\View->CodeIgniter\View\{closure}()
#3 /var/www/app/system/Common.php(1092): CodeIgniter\View\View->render('management/head...', Array, true)
#4 /var/www/app/app/Views/management/main.php(93): view('management/head...')
#5 /var/www/app/system/View/View.php(214): include('/var/www/app/ap...')
#6 /var/www/app/system/View/View.php(217): CodeIgniter\View\View->CodeIgniter\View\{closure}()
#7 /var/www/app/system/Common.php(1092): CodeIgniter\View\View->render('management/main', Array, true)
#8 /var/www/app/app/Controllers/Management.php(30): view('management/main')
#9 /var/www/app/system/CodeIgniter.php(802): App\Controllers\Management->index()
#10 /var/www/app/system/CodeIgniter.php(399): CodeIgniter\CodeIgniter->runController(Object(App\Controllers\Management))
#11 /var/www/app/system/CodeIgniter.php(317): CodeIgniter\CodeIgniter->handleRequest(NULL, Object(Config\Cache), false)
#12 /var/www/app/public/index.php(37): CodeIgniter\CodeIgniter->run()
#13 {main}
CRITICAL - 2021-10-18 03:16:10 --> Undefined variable: user
#0 /var/www/app/app/Views/management/header.php(469): CodeIgniter\Debug\Exceptions->errorHandler(8, 'Undefined varia...', '/var/www/app/ap...', 469, Array)
#1 /var/www/app/system/View/View.php(214): include('/var/www/app/ap...')
#2 /var/www/app/system/View/View.php(217): CodeIgniter\View\View->CodeIgniter\View\{closure}()
#3 /var/www/app/system/Common.php(1092): CodeIgniter\View\View->render('management/head...', Array, true)
#4 /var/www/app/app/Views/management/ujian.php(96): view('management/head...')
#5 /var/www/app/system/View/View.php(214): include('/var/www/app/ap...')
#6 /var/www/app/system/View/View.php(217): CodeIgniter\View\View->CodeIgniter\View\{closure}()
#7 /var/www/app/system/Common.php(1092): CodeIgniter\View\View->render('management/ujia...', Array, true)
#8 /var/www/app/app/Controllers/Management.php(84): view('management/ujia...', Array)
#9 /var/www/app/system/CodeIgniter.php(802): App\Controllers\Management->ujian()
#10 /var/www/app/system/CodeIgniter.php(399): CodeIgniter\CodeIgniter->runController(Object(App\Controllers\Management))
#11 /var/www/app/system/CodeIgniter.php(317): CodeIgniter\CodeIgniter->handleRequest(NULL, Object(Config\Cache), false)
#12 /var/www/app/public/index.php(37): CodeIgniter\CodeIgniter->run()
#13 {main}
CRITICAL - 2021-10-18 21:02:50 --> Undefined variable: user
#0 /var/www/app/app/Views/management/header.php(469): CodeIgniter\Debug\Exceptions->errorHandler(8, 'Undefined varia...', '/var/www/app/ap...', 469, Array)
#1 /var/www/app/system/View/View.php(214): include('/var/www/app/ap...')
#2 /var/www/app/system/View/View.php(217): CodeIgniter\View\View->CodeIgniter\View\{closure}()
#3 /var/www/app/system/Common.php(1092): CodeIgniter\View\View->render('management/head...', Array, true)
#4 /var/www/app/app/Views/management/peserta.php(96): view('management/head...')
#5 /var/www/app/system/View/View.php(214): include('/var/www/app/ap...')
#6 /var/www/app/system/View/View.php(217): CodeIgniter\View\View->CodeIgniter\View\{closure}()
#7 /var/www/app/system/Common.php(1092): CodeIgniter\View\View->render('management/pese...', Array, true)
#8 /var/www/app/app/Controllers/Management.php(159): view('management/pese...', Array)
#9 /var/www/app/system/CodeIgniter.php(802): App\Controllers\Management->peserta()
#10 /var/www/app/system/CodeIgniter.php(399): CodeIgniter\CodeIgniter->runController(Object(App\Controllers\Management))
#11 /var/www/app/system/CodeIgniter.php(317): CodeIgniter\CodeIgniter->handleRequest(NULL, Object(Config\Cache), false)
#12 /var/www/app/public/index.php(37): CodeIgniter\CodeIgniter->run()
#13 {main}
CRITICAL - 2021-10-18 21:03:56 --> Undefined variable: output
#0 /var/www/app/app/Controllers/Management.php(157): CodeIgniter\Debug\Exceptions->errorHandler(8, 'Undefined varia...', '/var/www/app/ap...', 157, Array)
#1 /var/www/app/system/CodeIgniter.php(802): App\Controllers\Management->peserta()
#2 /var/www/app/system/CodeIgniter.php(399): CodeIgniter\CodeIgniter->runController(Object(App\Controllers\Management))
#3 /var/www/app/system/CodeIgniter.php(317): CodeIgniter\CodeIgniter->handleRequest(NULL, Object(Config\Cache), false)
#4 /var/www/app/public/index.php(37): CodeIgniter\CodeIgniter->run()
#5 {main}
CRITICAL - 2021-10-18 21:04:14 --> Trying to get property 'first_name' of non-object
#0 /var/www/app/app/Views/management/header.php(469): CodeIgniter\Debug\Exceptions->errorHandler(8, 'Trying to get p...', '/var/www/app/ap...', 469, Array)
#1 /var/www/app/system/View/View.php(214): include('/var/www/app/ap...')
#2 /var/www/app/system/View/View.php(217): CodeIgniter\View\View->CodeIgniter\View\{closure}()
#3 /var/www/app/system/Common.php(1092): CodeIgniter\View\View->render('management/head...', Array, true)
#4 /var/www/app/app/Views/management/user.php(97): view('management/head...')
#5 /var/www/app/system/View/View.php(214): include('/var/www/app/ap...')
#6 /var/www/app/system/View/View.php(217): CodeIgniter\View\View->CodeIgniter\View\{closure}()
#7 /var/www/app/system/Common.php(1092): CodeIgniter\View\View->render('management/user', Array, true)
#8 /var/www/app/app/Controllers/Management.php(162): view('management/user', Array)
#9 /var/www/app/system/CodeIgniter.php(802): App\Controllers\Management->peserta()
#10 /var/www/app/system/CodeIgniter.php(399): CodeIgniter\CodeIgniter->runController(Object(App\Controllers\Management))
#11 /var/www/app/system/CodeIgniter.php(317): CodeIgniter\CodeIgniter->handleRequest(NULL, Object(Config\Cache), false)
#12 /var/www/app/public/index.php(37): CodeIgniter\CodeIgniter->run()
#13 {main}
CRITICAL - 2021-10-18 21:05:03 --> Trying to get property 'first_name' of non-object
#0 /var/www/app/app/Views/management/header.php(469): CodeIgniter\Debug\Exceptions->errorHandler(8, 'Trying to get p...', '/var/www/app/ap...', 469, Array)
#1 /var/www/app/system/View/View.php(214): include('/var/www/app/ap...')
#2 /var/www/app/system/View/View.php(217): CodeIgniter\View\View->CodeIgniter\View\{closure}()
#3 /var/www/app/system/Common.php(1092): CodeIgniter\View\View->render('management/head...', Array, true)
#4 /var/www/app/app/Views/management/user.php(97): view('management/head...')
#5 /var/www/app/system/View/View.php(214): include('/var/www/app/ap...')
#6 /var/www/app/system/View/View.php(217): CodeIgniter\View\View->CodeIgniter\View\{closure}()
#7 /var/www/app/system/Common.php(1092): CodeIgniter\View\View->render('management/user', Array, true)
#8 /var/www/app/app/Controllers/Management.php(57): view('management/user', Array)
#9 /var/www/app/system/CodeIgniter.php(802): App\Controllers\Management->users('edit', '4')
#10 /var/www/app/system/CodeIgniter.php(399): CodeIgniter\CodeIgniter->runController(Object(App\Controllers\Management))
#11 /var/www/app/system/CodeIgniter.php(317): CodeIgniter\CodeIgniter->handleRequest(NULL, Object(Config\Cache), false)
#12 /var/www/app/public/index.php(37): CodeIgniter\CodeIgniter->run()
#13 {main}
CRITICAL - 2021-10-18 21:05:12 --> Trying to get property 'first_name' of non-object
#0 /var/www/app/app/Views/management/header.php(469): CodeIgniter\Debug\Exceptions->errorHandler(8, 'Trying to get p...', '/var/www/app/ap...', 469, Array)
#1 /var/www/app/system/View/View.php(214): include('/var/www/app/ap...')
#2 /var/www/app/system/View/View.php(217): CodeIgniter\View\View->CodeIgniter\View\{closure}()
#3 /var/www/app/system/Common.php(1092): CodeIgniter\View\View->render('management/head...', Array, true)
#4 /var/www/app/app/Views/management/user.php(97): view('management/head...')
#5 /var/www/app/system/View/View.php(214): include('/var/www/app/ap...')
#6 /var/www/app/system/View/View.php(217): CodeIgniter\View\View->CodeIgniter\View\{closure}()
#7 /var/www/app/system/Common.php(1092): CodeIgniter\View\View->render('management/user', Array, true)
#8 /var/www/app/app/Controllers/Management.php(57): view('management/user', Array)
#9 /var/www/app/system/CodeIgniter.php(802): App\Controllers\Management->users()
#10 /var/www/app/system/CodeIgniter.php(399): CodeIgniter\CodeIgniter->runController(Object(App\Controllers\Management))
#11 /var/www/app/system/CodeIgniter.php(317): CodeIgniter\CodeIgniter->handleRequest(NULL, Object(Config\Cache), false)
#12 /var/www/app/public/index.php(37): CodeIgniter\CodeIgniter->run()
#13 {main}
CRITICAL - 2021-10-18 21:05:26 --> Trying to get property 'first_name' of non-object
#0 /var/www/app/app/Views/management/header.php(469): CodeIgniter\Debug\Exceptions->errorHandler(8, 'Trying to get p...', '/var/www/app/ap...', 469, Array)
#1 /var/www/app/system/View/View.php(214): include('/var/www/app/ap...')
#2 /var/www/app/system/View/View.php(217): CodeIgniter\View\View->CodeIgniter\View\{closure}()
#3 /var/www/app/system/Common.php(1092): CodeIgniter\View\View->render('management/head...', Array, true)
#4 /var/www/app/app/Views/management/user.php(97): view('management/head...')
#5 /var/www/app/system/View/View.php(214): include('/var/www/app/ap...')
#6 /var/www/app/system/View/View.php(217): CodeIgniter\View\View->CodeIgniter\View\{closure}()
#7 /var/www/app/system/Common.php(1092): CodeIgniter\View\View->render('management/user', Array, true)
#8 /var/www/app/app/Controllers/Management.php(57): view('management/user', Array)
#9 /var/www/app/system/CodeIgniter.php(802): App\Controllers\Management->users()
#10 /var/www/app/system/CodeIgniter.php(399): CodeIgniter\CodeIgniter->runController(Object(App\Controllers\Management))
#11 /var/www/app/system/CodeIgniter.php(317): CodeIgniter\CodeIgniter->handleRequest(NULL, Object(Config\Cache), false)
#12 /var/www/app/public/index.php(37): CodeIgniter\CodeIgniter->run()
#13 {main}
CRITICAL - 2021-10-18 21:05:39 --> Trying to get property 'first_name' of non-object
#0 /var/www/app/app/Views/management/header.php(469): CodeIgniter\Debug\Exceptions->errorHandler(8, 'Trying to get p...', '/var/www/app/ap...', 469, Array)
#1 /var/www/app/system/View/View.php(214): include('/var/www/app/ap...')
#2 /var/www/app/system/View/View.php(217): CodeIgniter\View\View->CodeIgniter\View\{closure}()
#3 /var/www/app/system/Common.php(1092): CodeIgniter\View\View->render('management/head...', Array, true)
#4 /var/www/app/app/Views/management/user.php(97): view('management/head...')
#5 /var/www/app/system/View/View.php(214): include('/var/www/app/ap...')
#6 /var/www/app/system/View/View.php(217): CodeIgniter\View\View->CodeIgniter\View\{closure}()
#7 /var/www/app/system/Common.php(1092): CodeIgniter\View\View->render('management/user', Array, true)
#8 /var/www/app/app/Controllers/Management.php(57): view('management/user', Array)
#9 /var/www/app/system/CodeIgniter.php(802): App\Controllers\Management->users()
#10 /var/www/app/system/CodeIgniter.php(399): CodeIgniter\CodeIgniter->runController(Object(App\Controllers\Management))
#11 /var/www/app/system/CodeIgniter.php(317): CodeIgniter\CodeIgniter->handleRequest(NULL, Object(Config\Cache), false)
#12 /var/www/app/public/index.php(37): CodeIgniter\CodeIgniter->run()
#13 {main}
CRITICAL - 2021-10-18 21:08:39 --> Call to a member function loggedIn() on null
#0 /var/www/app/system/CodeIgniter.php(779): App\Controllers\Management->__construct()
#1 /var/www/app/system/CodeIgniter.php(390): CodeIgniter\CodeIgniter->createController()
#2 /var/www/app/system/CodeIgniter.php(317): CodeIgniter\CodeIgniter->handleRequest(NULL, Object(Config\Cache), false)
#3 /var/www/app/public/index.php(37): CodeIgniter\CodeIgniter->run()
#4 {main}
CRITICAL - 2021-10-18 21:20:28 --> Undefined variable: callbackInsertModel
#0 /var/www/app/app/Controllers/Management.php(71): CodeIgniter\Debug\Exceptions->errorHandler(8, 'Undefined varia...', '/var/www/app/ap...', 71, Array)
#1 /var/www/app/system/CodeIgniter.php(802): App\Controllers\Management->users()
#2 /var/www/app/system/CodeIgniter.php(399): CodeIgniter\CodeIgniter->runController(Object(App\Controllers\Management))
#3 /var/www/app/system/CodeIgniter.php(317): CodeIgniter\CodeIgniter->handleRequest(NULL, Object(Config\Cache), false)
#4 /var/www/app/public/index.php(37): CodeIgniter\CodeIgniter->run()
#5 {main}
CRITICAL - 2021-10-18 21:21:31 --> Undefined index: firset_name
#0 /var/www/app/app/Controllers/Management.php(95): CodeIgniter\Debug\Exceptions->errorHandler(8, 'Undefined index...', '/var/www/app/ap...', 95, Array)
#1 [internal function]: App\Controllers\Management->App\Controllers\{closure}(Object(stdClass))
#2 /var/www/app/app/Libraries/GroceryCrud.php(1146): call_user_func(Object(Closure), Object(stdClass))
#3 /var/www/app/app/Libraries/GroceryCrud.php(4570): App\Libraries\grocery_CRUD_Model_Driver->db_update(Object(stdClass))
#4 /var/www/app/app/Controllers/Management.php(105): App\Libraries\GroceryCrud->render()
#5 /var/www/app/system/CodeIgniter.php(802): App\Controllers\Management->users('update', '4')
#6 /var/www/app/system/CodeIgniter.php(399): CodeIgniter\CodeIgniter->runController(Object(App\Controllers\Management))
#7 /var/www/app/system/CodeIgniter.php(317): CodeIgniter\CodeIgniter->handleRequest(NULL, Object(Config\Cache), false)
#8 /var/www/app/public/index.php(37): CodeIgniter\CodeIgniter->run()
#9 {main}
CRITICAL - 2021-10-18 21:21:46 --> Undefined index: firset_name
#0 /var/www/app/app/Controllers/Management.php(95): CodeIgniter\Debug\Exceptions->errorHandler(8, 'Undefined index...', '/var/www/app/ap...', 95, Array)
#1 [internal function]: App\Controllers\Management->App\Controllers\{closure}(Object(stdClass))
#2 /var/www/app/app/Libraries/GroceryCrud.php(1146): call_user_func(Object(Closure), Object(stdClass))
#3 /var/www/app/app/Libraries/GroceryCrud.php(4570): App\Libraries\grocery_CRUD_Model_Driver->db_update(Object(stdClass))
#4 /var/www/app/app/Controllers/Management.php(105): App\Libraries\GroceryCrud->render()
#5 /var/www/app/system/CodeIgniter.php(802): App\Controllers\Management->users('update', '4')
#6 /var/www/app/system/CodeIgniter.php(399): CodeIgniter\CodeIgniter->runController(Object(App\Controllers\Management))
#7 /var/www/app/system/CodeIgniter.php(317): CodeIgniter\CodeIgniter->handleRequest(NULL, Object(Config\Cache), false)
#8 /var/www/app/public/index.php(37): CodeIgniter\CodeIgniter->run()
#9 {main}
CRITICAL - 2021-10-18 21:22:04 --> Undefined property: App\Controllers\Management::$ion_auth
#0 /var/www/app/app/Controllers/Management.php(100): CodeIgniter\Debug\Exceptions->errorHandler(8, 'Undefined prope...', '/var/www/app/ap...', 100, Array)
#1 [internal function]: App\Controllers\Management->App\Controllers\{closure}(Object(stdClass))
#2 /var/www/app/app/Libraries/GroceryCrud.php(1146): call_user_func(Object(Closure), Object(stdClass))
#3 /var/www/app/app/Libraries/GroceryCrud.php(4570): App\Libraries\grocery_CRUD_Model_Driver->db_update(Object(stdClass))
#4 /var/www/app/app/Controllers/Management.php(105): App\Libraries\GroceryCrud->render()
#5 /var/www/app/system/CodeIgniter.php(802): App\Controllers\Management->users('update', '4')
#6 /var/www/app/system/CodeIgniter.php(399): CodeIgniter\CodeIgniter->runController(Object(App\Controllers\Management))
#7 /var/www/app/system/CodeIgniter.php(317): CodeIgniter\CodeIgniter->handleRequest(NULL, Object(Config\Cache), false)
#8 /var/www/app/public/index.php(37): CodeIgniter\CodeIgniter->run()
#9 {main}
CRITICAL - 2021-10-18 21:24:58 --> Undefined property: App\Controllers\Management::$ion_auth
#0 /var/www/app/app/Controllers/Management.php(101): CodeIgniter\Debug\Exceptions->errorHandler(8, 'Undefined prope...', '/var/www/app/ap...', 101, Array)
#1 [internal function]: App\Controllers\Management->App\Controllers\{closure}(Object(stdClass))
#2 /var/www/app/app/Libraries/GroceryCrud.php(1146): call_user_func(Object(Closure), Object(stdClass))
#3 /var/www/app/app/Libraries/GroceryCrud.php(4570): App\Libraries\grocery_CRUD_Model_Driver->db_update(Object(stdClass))
#4 /var/www/app/app/Controllers/Management.php(106): App\Libraries\GroceryCrud->render()
#5 /var/www/app/system/CodeIgniter.php(802): App\Controllers\Management->users('update', '4')
#6 /var/www/app/system/CodeIgniter.php(399): CodeIgniter\CodeIgniter->runController(Object(App\Controllers\Management))
#7 /var/www/app/system/CodeIgniter.php(317): CodeIgniter\CodeIgniter->handleRequest(NULL, Object(Config\Cache), false)
#8 /var/www/app/public/index.php(37): CodeIgniter\CodeIgniter->run()
#9 {main}
CRITICAL - 2021-10-18 21:34:03 --> Undefined variable: Ion_auth
#0 /var/www/app/app/Controllers/Management.php(102): CodeIgniter\Debug\Exceptions->errorHandler(8, 'Undefined varia...', '/var/www/app/ap...', 102, Array)
#1 [internal function]: App\Controllers\Management->App\Controllers\{closure}(Object(stdClass))
#2 /var/www/app/app/Libraries/GroceryCrud.php(1146): call_user_func(Object(Closure), Object(stdClass))
#3 /var/www/app/app/Libraries/GroceryCrud.php(4570): App\Libraries\grocery_CRUD_Model_Driver->db_update(Object(stdClass))
#4 /var/www/app/app/Controllers/Management.php(107): App\Libraries\GroceryCrud->render()
#5 /var/www/app/system/CodeIgniter.php(802): App\Controllers\Management->users('update', '4')
#6 /var/www/app/system/CodeIgniter.php(399): CodeIgniter\CodeIgniter->runController(Object(App\Controllers\Management))
#7 /var/www/app/system/CodeIgniter.php(317): CodeIgniter\CodeIgniter->handleRequest(NULL, Object(Config\Cache), false)
#8 /var/www/app/public/index.php(37): CodeIgniter\CodeIgniter->run()
#9 {main}
CRITICAL - 2021-10-18 21:36:29 --> Undefined variable: insertId
#0 /var/www/app/app/Controllers/Management.php(89): CodeIgniter\Debug\Exceptions->errorHandler(8, 'Undefined varia...', '/var/www/app/ap...', 89, Array)
#1 [internal function]: App\Controllers\Management->App\Controllers\{closure}(Object(stdClass))
#2 /var/www/app/app/Libraries/GroceryCrud.php(1003): call_user_func(Object(Closure), Object(stdClass))
#3 /var/www/app/app/Libraries/GroceryCrud.php(4557): App\Libraries\grocery_CRUD_Model_Driver->db_insert(Object(stdClass))
#4 /var/www/app/app/Controllers/Management.php(108): App\Libraries\GroceryCrud->render()
#5 /var/www/app/system/CodeIgniter.php(802): App\Controllers\Management->users('insert')
#6 /var/www/app/system/CodeIgniter.php(399): CodeIgniter\CodeIgniter->runController(Object(App\Controllers\Management))
#7 /var/www/app/system/CodeIgniter.php(317): CodeIgniter\CodeIgniter->handleRequest(NULL, Object(Config\Cache), false)
#8 /var/www/app/public/index.php(37): CodeIgniter\CodeIgniter->run()
#9 {main}
CRITICAL - 2021-10-18 21:37:34 --> Undefined variable: insertId
#0 /var/www/app/app/Controllers/Management.php(89): CodeIgniter\Debug\Exceptions->errorHandler(8, 'Undefined varia...', '/var/www/app/ap...', 89, Array)
#1 [internal function]: App\Controllers\Management->App\Controllers\{closure}(Object(stdClass))
#2 /var/www/app/app/Libraries/GroceryCrud.php(1003): call_user_func(Object(Closure), Object(stdClass))
#3 /var/www/app/app/Libraries/GroceryCrud.php(4557): App\Libraries\grocery_CRUD_Model_Driver->db_insert(Object(stdClass))
#4 /var/www/app/app/Controllers/Management.php(108): App\Libraries\GroceryCrud->render()
#5 /var/www/app/system/CodeIgniter.php(802): App\Controllers\Management->users('insert')
#6 /var/www/app/system/CodeIgniter.php(399): CodeIgniter\CodeIgniter->runController(Object(App\Controllers\Management))
#7 /var/www/app/system/CodeIgniter.php(317): CodeIgniter\CodeIgniter->handleRequest(NULL, Object(Config\Cache), false)
#8 /var/www/app/public/index.php(37): CodeIgniter\CodeIgniter->run()
#9 {main}
CRITICAL - 2021-10-18 22:19:27 --> Undefined variable: title
#0 /var/www/app/app/Controllers/Management.php(214): CodeIgniter\Debug\Exceptions->errorHandler(8, 'Undefined varia...', '/var/www/app/ap...', 214, Array)
#1 /var/www/app/app/Controllers/Management.php(258): App\Controllers\Management->updatePeserta(4, Array)
#2 [internal function]: App\Controllers\Management->App\Controllers\{closure}(Object(stdClass))
#3 /var/www/app/app/Libraries/GroceryCrud.php(990): call_user_func(Object(Closure), Object(stdClass))
#4 /var/www/app/app/Libraries/GroceryCrud.php(4557): App\Libraries\grocery_CRUD_Model_Driver->db_insert(Object(stdClass))
#5 /var/www/app/app/Controllers/Management.php(276): App\Libraries\GroceryCrud->render()
#6 /var/www/app/system/CodeIgniter.php(802): App\Controllers\Management->peserta('insert')
#7 /var/www/app/system/CodeIgniter.php(399): CodeIgniter\CodeIgniter->runController(Object(App\Controllers\Management))
#8 /var/www/app/system/CodeIgniter.php(317): CodeIgniter\CodeIgniter->handleRequest(NULL, Object(Config\Cache), false)
#9 /var/www/app/public/index.php(37): CodeIgniter\CodeIgniter->run()
#10 {main}
CRITICAL - 2021-10-18 22:23:38 --> Call to undefined method App\Libraries\GroceryCrud::column()
#0 /var/www/app/system/CodeIgniter.php(802): App\Controllers\Management->peserta()
#1 /var/www/app/system/CodeIgniter.php(399): CodeIgniter\CodeIgniter->runController(Object(App\Controllers\Management))
#2 /var/www/app/system/CodeIgniter.php(317): CodeIgniter\CodeIgniter->handleRequest(NULL, Object(Config\Cache), false)
#3 /var/www/app/public/index.php(37): CodeIgniter\CodeIgniter->run()
#4 {main}
CRITICAL - 2021-10-18 22:23:51 --> Undefined variable: callbackAfterUpdateModel
#0 /var/www/app/app/Controllers/Management.php(272): CodeIgniter\Debug\Exceptions->errorHandler(8, 'Undefined varia...', '/var/www/app/ap...', 272, Array)
#1 /var/www/app/system/CodeIgniter.php(802): App\Controllers\Management->peserta()
#2 /var/www/app/system/CodeIgniter.php(399): CodeIgniter\CodeIgniter->runController(Object(App\Controllers\Management))
#3 /var/www/app/system/CodeIgniter.php(317): CodeIgniter\CodeIgniter->handleRequest(NULL, Object(Config\Cache), false)
#4 /var/www/app/public/index.php(37): CodeIgniter\CodeIgniter->run()
#5 {main}
CRITICAL - 2021-10-18 22:26:10 --> Undefined index: username
#0 /var/www/app/app/Controllers/Management.php(261): CodeIgniter\Debug\Exceptions->errorHandler(8, 'Undefined index...', '/var/www/app/ap...', 261, Array)
#1 [internal function]: App\Controllers\Management->App\Controllers\{closure}(Object(stdClass))
#2 /var/www/app/app/Libraries/GroceryCrud.php(1130): call_user_func(Object(Closure), Object(stdClass))
#3 /var/www/app/app/Libraries/GroceryCrud.php(4570): App\Libraries\grocery_CRUD_Model_Driver->db_update(Object(stdClass))
#4 /var/www/app/app/Controllers/Management.php(269): App\Libraries\GroceryCrud->render()
#5 /var/www/app/system/CodeIgniter.php(802): App\Controllers\Management->peserta('update', '6')
#6 /var/www/app/system/CodeIgniter.php(399): CodeIgniter\CodeIgniter->runController(Object(App\Controllers\Management))
#7 /var/www/app/system/CodeIgniter.php(317): CodeIgniter\CodeIgniter->handleRequest(NULL, Object(Config\Cache), false)
#8 /var/www/app/public/index.php(37): CodeIgniter\CodeIgniter->run()
#9 {main}
CRITICAL - 2021-10-18 22:26:19 --> Undefined index: username
#0 /var/www/app/app/Controllers/Management.php(261): CodeIgniter\Debug\Exceptions->errorHandler(8, 'Undefined index...', '/var/www/app/ap...', 261, Array)
#1 [internal function]: App\Controllers\Management->App\Controllers\{closure}(Object(stdClass))
#2 /var/www/app/app/Libraries/GroceryCrud.php(1130): call_user_func(Object(Closure), Object(stdClass))
#3 /var/www/app/app/Libraries/GroceryCrud.php(4570): App\Libraries\grocery_CRUD_Model_Driver->db_update(Object(stdClass))
#4 /var/www/app/app/Controllers/Management.php(269): App\Libraries\GroceryCrud->render()
#5 /var/www/app/system/CodeIgniter.php(802): App\Controllers\Management->peserta('update', '6')
#6 /var/www/app/system/CodeIgniter.php(399): CodeIgniter\CodeIgniter->runController(Object(App\Controllers\Management))
#7 /var/www/app/system/CodeIgniter.php(317): CodeIgniter\CodeIgniter->handleRequest(NULL, Object(Config\Cache), false)
#8 /var/www/app/public/index.php(37): CodeIgniter\CodeIgniter->run()
#9 {main}
CRITICAL - 2021-10-18 22:27:32 --> You don't have permissions for this operation
#0 /var/www/app/app/Controllers/Management.php(270): App\Libraries\GroceryCrud->render()
#1 /var/www/app/system/CodeIgniter.php(802): App\Controllers\Management->peserta('read', '6')
#2 /var/www/app/system/CodeIgniter.php(399): CodeIgniter\CodeIgniter->runController(Object(App\Controllers\Management))
#3 /var/www/app/system/CodeIgniter.php(317): CodeIgniter\CodeIgniter->handleRequest(NULL, Object(Config\Cache), false)
#4 /var/www/app/public/index.php(37): CodeIgniter\CodeIgniter->run()
#5 {main}
CRITICAL - 2021-10-18 22:33:41 --> Undefined variable: user
#0 /var/www/app/app/Views/management/header.php(469): CodeIgniter\Debug\Exceptions->errorHandler(8, 'Undefined varia...', '/var/www/app/ap...', 469, Array)
#1 /var/www/app/system/View/View.php(214): include('/var/www/app/ap...')
#2 /var/www/app/system/View/View.php(217): CodeIgniter\View\View->CodeIgniter\View\{closure}()
#3 /var/www/app/system/Common.php(1092): CodeIgniter\View\View->render('management/head...', Array, true)
#4 /var/www/app/app/Views/management/pertanyaan.php(96): view('management/head...')
#5 /var/www/app/system/View/View.php(214): include('/var/www/app/ap...')
#6 /var/www/app/system/View/View.php(217): CodeIgniter\View\View->CodeIgniter\View\{closure}()
#7 /var/www/app/system/Common.php(1092): CodeIgniter\View\View->render('management/pert...', Array, true)
#8 /var/www/app/app/Controllers/Management.php(174): view('management/pert...', Array)
#9 /var/www/app/system/CodeIgniter.php(802): App\Controllers\Management->pertanyaan()
#10 /var/www/app/system/CodeIgniter.php(399): CodeIgniter\CodeIgniter->runController(Object(App\Controllers\Management))
#11 /var/www/app/system/CodeIgniter.php(317): CodeIgniter\CodeIgniter->handleRequest(NULL, Object(Config\Cache), false)
#12 /var/www/app/public/index.php(37): CodeIgniter\CodeIgniter->run()
#13 {main}
CRITICAL - 2021-10-18 23:26:12 --> Undefined variable: user
#0 /var/www/app/app/Views/management/header.php(469): CodeIgniter\Debug\Exceptions->errorHandler(8, 'Undefined varia...', '/var/www/app/ap...', 469, Array)
#1 /var/www/app/system/View/View.php(214): include('/var/www/app/ap...')
#2 /var/www/app/system/View/View.php(217): CodeIgniter\View\View->CodeIgniter\View\{closure}()
#3 /var/www/app/system/Common.php(1092): CodeIgniter\View\View->render('management/head...', Array, true)
#4 /var/www/app/app/Views/management/main.php(93): view('management/head...')
#5 /var/www/app/system/View/View.php(214): include('/var/www/app/ap...')
#6 /var/www/app/system/View/View.php(217): CodeIgniter\View\View->CodeIgniter\View\{closure}()
#7 /var/www/app/system/Common.php(1092): CodeIgniter\View\View->render('management/main', Array, true)
#8 /var/www/app/app/Controllers/Management.php(55): view('management/main')
#9 /var/www/app/system/CodeIgniter.php(802): App\Controllers\Management->index()
#10 /var/www/app/system/CodeIgniter.php(399): CodeIgniter\CodeIgniter->runController(Object(App\Controllers\Management))
#11 /var/www/app/system/CodeIgniter.php(317): CodeIgniter\CodeIgniter->handleRequest(NULL, Object(Config\Cache), false)
#12 /var/www/app/public/index.php(37): CodeIgniter\CodeIgniter->run()
#13 {main}
CRITICAL - 2021-10-18 23:36:56 --> Trying to get property 'url' of non-object
#0 /var/www/app/app/Controllers/Management.php(153): CodeIgniter\Debug\Exceptions->errorHandler(8, 'Trying to get p...', '/var/www/app/ap...', 153, Array)
#1 [internal function]: App\Controllers\Management->App\Controllers\{closure}('1', Object(stdClass))
#2 /var/www/app/app/Libraries/GroceryCrud.php(1724): call_user_func(Object(Closure), '1', Object(stdClass))
#3 /var/www/app/app/Libraries/GroceryCrud.php(1505): App\Libraries\grocery_CRUD_Layout->change_list_add_actions(Array)
#4 /var/www/app/app/Libraries/GroceryCrud.php(4496): App\Libraries\grocery_CRUD_Layout->showList(false, Object(stdClass))
#5 /var/www/app/app/Controllers/Management.php(156): App\Libraries\GroceryCrud->render()
#6 /var/www/app/system/CodeIgniter.php(802): App\Controllers\Management->ujian()
#7 /var/www/app/system/CodeIgniter.php(399): CodeIgniter\CodeIgniter->runController(Object(App\Controllers\Management))
#8 /var/www/app/system/CodeIgniter.php(317): CodeIgniter\CodeIgniter->handleRequest(NULL, Object(Config\Cache), false)
#9 /var/www/app/public/index.php(37): CodeIgniter\CodeIgniter->run()
#10 {main}
CRITICAL - 2021-10-18 23:37:14 --> Trying to get property 'id_ujian' of non-object
#0 /var/www/app/app/Controllers/Management.php(153): CodeIgniter\Debug\Exceptions->errorHandler(8, 'Trying to get p...', '/var/www/app/ap...', 153, Array)
#1 [internal function]: App\Controllers\Management->App\Controllers\{closure}('1', Object(stdClass))
#2 /var/www/app/app/Libraries/GroceryCrud.php(1724): call_user_func(Object(Closure), '1', Object(stdClass))
#3 /var/www/app/app/Libraries/GroceryCrud.php(1505): App\Libraries\grocery_CRUD_Layout->change_list_add_actions(Array)
#4 /var/www/app/app/Libraries/GroceryCrud.php(4496): App\Libraries\grocery_CRUD_Layout->showList(false, Object(stdClass))
#5 /var/www/app/app/Controllers/Management.php(156): App\Libraries\GroceryCrud->render()
#6 /var/www/app/system/CodeIgniter.php(802): App\Controllers\Management->ujian()
#7 /var/www/app/system/CodeIgniter.php(399): CodeIgniter\CodeIgniter->runController(Object(App\Controllers\Management))
#8 /var/www/app/system/CodeIgniter.php(317): CodeIgniter\CodeIgniter->handleRequest(NULL, Object(Config\Cache), false)
#9 /var/www/app/public/index.php(37): CodeIgniter\CodeIgniter->run()
#10 {main}
CRITICAL - 2021-10-18 23:37:52 --> Call to undefined method App\Libraries\GroceryCrud::add_action()
#0 /var/www/app/system/CodeIgniter.php(802): App\Controllers\Management->ujian()
#1 /var/www/app/system/CodeIgniter.php(399): CodeIgniter\CodeIgniter->runController(Object(App\Controllers\Management))
#2 /var/www/app/system/CodeIgniter.php(317): CodeIgniter\CodeIgniter->handleRequest(NULL, Object(Config\Cache), false)
#3 /var/www/app/public/index.php(37): CodeIgniter\CodeIgniter->run()
#4 {main}
