CRITICAL - 2021-12-25 11:25:41 --> Division by zero
#0 /var/www/app/app/Controllers/Management.php(825): CodeIgniter\Debug\Exceptions->errorHandler(2, 'Division by zer...', '/var/www/app/ap...', 825, Array)
#1 /var/www/app/app/Controllers/Management.php(892): App\Controllers\Management->std_deviation(Array)
#2 /var/www/app/app/Controllers/Management.php(748): App\Controllers\Management->setnormastdmeancerdas('14')
#3 /var/www/app/system/CodeIgniter.php(802): App\Controllers\Management->hitung_hasil_test('14')
#4 /var/www/app/system/CodeIgniter.php(399): CodeIgniter\CodeIgniter->runController(Object(App\Controllers\Management))
#5 /var/www/app/system/CodeIgniter.php(317): CodeIgniter\CodeIgniter->handleRequest(NULL, Object(Config\Cache), false)
#6 /var/www/app/public/index.php(37): CodeIgniter\CodeIgniter->run()
#7 {main}
CRITICAL - 2021-12-25 11:26:17 --> Division by zero
#0 /var/www/app/app/Controllers/Management.php(825): CodeIgniter\Debug\Exceptions->errorHandler(2, 'Division by zer...', '/var/www/app/ap...', 825, Array)
#1 /var/www/app/app/Controllers/Management.php(892): App\Controllers\Management->std_deviation(Array)
#2 /var/www/app/app/Controllers/Management.php(748): App\Controllers\Management->setnormastdmeancerdas('14')
#3 /var/www/app/system/CodeIgniter.php(802): App\Controllers\Management->hitung_hasil_test('14')
#4 /var/www/app/system/CodeIgniter.php(399): CodeIgniter\CodeIgniter->runController(Object(App\Controllers\Management))
#5 /var/www/app/system/CodeIgniter.php(317): CodeIgniter\CodeIgniter->handleRequest(NULL, Object(Config\Cache), false)
#6 /var/www/app/public/index.php(37): CodeIgniter\CodeIgniter->run()
#7 {main}
CRITICAL - 2021-12-25 11:30:29 --> bcdiv(): Division by zero
#0 [internal function]: CodeIgniter\Debug\Exceptions->errorHandler(2, 'bcdiv(): Divisi...', '/var/www/app/ap...', 816, Array)
#1 /var/www/app/app/Controllers/Management.php(816): bcdiv('0', '0', 18)
#2 /var/www/app/app/Controllers/Management.php(942): App\Controllers\Management->std_deviation(Array)
#3 /var/www/app/app/Controllers/Management.php(750): App\Controllers\Management->setnormastdmeanpribadi('5')
#4 /var/www/app/system/CodeIgniter.php(802): App\Controllers\Management->hitung_hasil_test('5')
#5 /var/www/app/system/CodeIgniter.php(399): CodeIgniter\CodeIgniter->runController(Object(App\Controllers\Management))
#6 /var/www/app/system/CodeIgniter.php(317): CodeIgniter\CodeIgniter->handleRequest(NULL, Object(Config\Cache), false)
#7 /var/www/app/public/index.php(37): CodeIgniter\CodeIgniter->run()
#8 {main}
CRITICAL - 2021-12-25 11:31:05 --> Trying to get property 'first_name' of non-object
#0 /var/www/app/app/Views/management/header.php(469): CodeIgniter\Debug\Exceptions->errorHandler(8, 'Trying to get p...', '/var/www/app/ap...', 469, Array)
#1 /var/www/app/system/View/View.php(214): include('/var/www/app/ap...')
#2 /var/www/app/system/View/View.php(217): CodeIgniter\View\View->CodeIgniter\View\{closure}()
#3 /var/www/app/system/Common.php(1092): CodeIgniter\View\View->render('management/head...', Array, true)
#4 /var/www/app/app/Views/management/user.php(97): view('management/head...')
#5 /var/www/app/system/View/View.php(214): include('/var/www/app/ap...')
#6 /var/www/app/system/View/View.php(217): CodeIgniter\View\View->CodeIgniter\View\{closure}()
#7 /var/www/app/system/Common.php(1092): CodeIgniter\View\View->render('management/user', Array, true)
#8 /var/www/app/app/Controllers/Management.php(723): view('management/user', Array)
#9 /var/www/app/system/CodeIgniter.php(802): App\Controllers\Management->peserta()
#10 /var/www/app/system/CodeIgniter.php(399): CodeIgniter\CodeIgniter->runController(Object(App\Controllers\Management))
#11 /var/www/app/system/CodeIgniter.php(317): CodeIgniter\CodeIgniter->handleRequest(NULL, Object(Config\Cache), false)
#12 /var/www/app/public/index.php(37): CodeIgniter\CodeIgniter->run()
#13 {main}
CRITICAL - 2021-12-25 11:35:21 --> bcdiv(): Division by zero
#0 [internal function]: CodeIgniter\Debug\Exceptions->errorHandler(2, 'bcdiv(): Divisi...', '/var/www/app/ap...', 816, Array)
#1 /var/www/app/app/Controllers/Management.php(816): bcdiv('0', '0', 18)
#2 /var/www/app/app/Controllers/Management.php(942): App\Controllers\Management->std_deviation(Array)
#3 /var/www/app/app/Controllers/Management.php(750): App\Controllers\Management->setnormastdmeanpribadi('5')
#4 /var/www/app/system/CodeIgniter.php(802): App\Controllers\Management->hitung_hasil_test('5')
#5 /var/www/app/system/CodeIgniter.php(399): CodeIgniter\CodeIgniter->runController(Object(App\Controllers\Management))
#6 /var/www/app/system/CodeIgniter.php(317): CodeIgniter\CodeIgniter->handleRequest(NULL, Object(Config\Cache), false)
#7 /var/www/app/public/index.php(37): CodeIgniter\CodeIgniter->run()
#8 {main}
CRITICAL - 2021-12-25 11:35:30 --> bcdiv(): Division by zero
#0 [internal function]: CodeIgniter\Debug\Exceptions->errorHandler(2, 'bcdiv(): Divisi...', '/var/www/app/ap...', 816, Array)
#1 /var/www/app/app/Controllers/Management.php(816): bcdiv('0', '0', 18)
#2 /var/www/app/app/Controllers/Management.php(942): App\Controllers\Management->std_deviation(Array)
#3 /var/www/app/app/Controllers/Management.php(750): App\Controllers\Management->setnormastdmeanpribadi('14')
#4 /var/www/app/system/CodeIgniter.php(802): App\Controllers\Management->hitung_hasil_test('14')
#5 /var/www/app/system/CodeIgniter.php(399): CodeIgniter\CodeIgniter->runController(Object(App\Controllers\Management))
#6 /var/www/app/system/CodeIgniter.php(317): CodeIgniter\CodeIgniter->handleRequest(NULL, Object(Config\Cache), false)
#7 /var/www/app/public/index.php(37): CodeIgniter\CodeIgniter->run()
#8 {main}
CRITICAL - 2021-12-25 12:18:26 --> bcdiv(): Division by zero
#0 [internal function]: CodeIgniter\Debug\Exceptions->errorHandler(2, 'bcdiv(): Divisi...', '/var/www/app/ap...', 816, Array)
#1 /var/www/app/app/Controllers/Management.php(816): bcdiv('0', '0', 18)
#2 /var/www/app/app/Controllers/Management.php(942): App\Controllers\Management->std_deviation(Array)
#3 /var/www/app/app/Controllers/Management.php(750): App\Controllers\Management->setnormastdmeanpribadi('14')
#4 /var/www/app/system/CodeIgniter.php(802): App\Controllers\Management->hitung_hasil_test('14')
#5 /var/www/app/system/CodeIgniter.php(399): CodeIgniter\CodeIgniter->runController(Object(App\Controllers\Management))
#6 /var/www/app/system/CodeIgniter.php(317): CodeIgniter\CodeIgniter->handleRequest(NULL, Object(Config\Cache), false)
#7 /var/www/app/public/index.php(37): CodeIgniter\CodeIgniter->run()
#8 {main}
CRITICAL - 2021-12-25 22:02:50 --> callback__validate_peserta_test is not a valid rule.
#0 /var/www/app/system/Validation/Validation.php(285): CodeIgniter\Validation\Exceptions\ValidationException::forRuleNotFound('callback__valid...')
#1 /var/www/app/system/Validation/Validation.php(151): CodeIgniter\Validation\Validation->processRules('peserta_test', 'peserta_test', '11', Array, Array)
#2 /var/www/app/app/Libraries/GroceryCrud.php(737): CodeIgniter\Validation\Validation->run(Array)
#3 /var/www/app/app/Libraries/GroceryCrud.php(4612): App\Libraries\grocery_CRUD_Model_Driver->db_insert_validation()
#4 /var/www/app/app/Controllers/Management.php(573): App\Libraries\GroceryCrud->render()
#5 /var/www/app/system/CodeIgniter.php(802): App\Controllers\Management->daytest('insert_validati...')
#6 /var/www/app/system/CodeIgniter.php(399): CodeIgniter\CodeIgniter->runController(Object(App\Controllers\Management))
#7 /var/www/app/system/CodeIgniter.php(317): CodeIgniter\CodeIgniter->handleRequest(NULL, Object(Config\Cache), false)
#8 /var/www/app/public/index.php(37): CodeIgniter\CodeIgniter->run()
#9 {main}
CRITICAL - 2021-12-25 22:34:21 --> Cannot redeclare App\Controllers\Management::_validate_peserta_test()
#0 [internal function]: CodeIgniter\Debug\Exceptions->shutdownHandler()
#1 {main}
CRITICAL - 2021-12-25 22:35:46 --> _validate_peserta_test is not a valid rule.
#0 /var/www/app/system/Validation/Validation.php(285): CodeIgniter\Validation\Exceptions\ValidationException::forRuleNotFound('_validate_peser...')
#1 /var/www/app/system/Validation/Validation.php(151): CodeIgniter\Validation\Validation->processRules('peserta_test', 'peserta_test', '11', Array, Array)
#2 /var/www/app/app/Libraries/GroceryCrud.php(737): CodeIgniter\Validation\Validation->run(Array)
#3 /var/www/app/app/Libraries/GroceryCrud.php(4612): App\Libraries\grocery_CRUD_Model_Driver->db_insert_validation()
#4 /var/www/app/app/Controllers/Management.php(593): App\Libraries\GroceryCrud->render()
#5 /var/www/app/system/CodeIgniter.php(802): App\Controllers\Management->daytest('insert_validati...')
#6 /var/www/app/system/CodeIgniter.php(399): CodeIgniter\CodeIgniter->runController(Object(App\Controllers\Management))
#7 /var/www/app/system/CodeIgniter.php(317): CodeIgniter\CodeIgniter->handleRequest(NULL, Object(Config\Cache), false)
#8 /var/www/app/public/index.php(37): CodeIgniter\CodeIgniter->run()
#9 {main}
CRITICAL - 2021-12-25 22:36:31 --> _validate_peserta_test is not a valid rule.
#0 /var/www/app/system/Validation/Validation.php(285): CodeIgniter\Validation\Exceptions\ValidationException::forRuleNotFound('_validate_peser...')
#1 /var/www/app/system/Validation/Validation.php(151): CodeIgniter\Validation\Validation->processRules('peserta_test', 'peserta_test', NULL, Array, Array)
#2 /var/www/app/app/Libraries/GroceryCrud.php(737): CodeIgniter\Validation\Validation->run(Array)
#3 /var/www/app/app/Libraries/GroceryCrud.php(4612): App\Libraries\grocery_CRUD_Model_Driver->db_insert_validation()
#4 /var/www/app/app/Controllers/Management.php(593): App\Libraries\GroceryCrud->render()
#5 /var/www/app/system/CodeIgniter.php(802): App\Controllers\Management->daytest('insert_validati...')
#6 /var/www/app/system/CodeIgniter.php(399): CodeIgniter\CodeIgniter->runController(Object(App\Controllers\Management))
#7 /var/www/app/system/CodeIgniter.php(317): CodeIgniter\CodeIgniter->handleRequest(NULL, Object(Config\Cache), false)
#8 /var/www/app/public/index.php(37): CodeIgniter\CodeIgniter->run()
#9 {main}
CRITICAL - 2021-12-25 22:36:49 --> _validate_peserta_test is not a valid rule.
#0 /var/www/app/system/Validation/Validation.php(285): CodeIgniter\Validation\Exceptions\ValidationException::forRuleNotFound('_validate_peser...')
#1 /var/www/app/system/Validation/Validation.php(151): CodeIgniter\Validation\Validation->processRules('peserta_test', 'peserta_test', NULL, Array, Array)
#2 /var/www/app/app/Libraries/GroceryCrud.php(737): CodeIgniter\Validation\Validation->run(Array)
#3 /var/www/app/app/Libraries/GroceryCrud.php(4612): App\Libraries\grocery_CRUD_Model_Driver->db_insert_validation()
#4 /var/www/app/app/Controllers/Management.php(593): App\Libraries\GroceryCrud->render()
#5 /var/www/app/system/CodeIgniter.php(802): App\Controllers\Management->daytest('insert_validati...')
#6 /var/www/app/system/CodeIgniter.php(399): CodeIgniter\CodeIgniter->runController(Object(App\Controllers\Management))
#7 /var/www/app/system/CodeIgniter.php(317): CodeIgniter\CodeIgniter->handleRequest(NULL, Object(Config\Cache), false)
#8 /var/www/app/public/index.php(37): CodeIgniter\CodeIgniter->run()
#9 {main}
CRITICAL - 2021-12-25 22:48:47 --> _validate_peserta_test is not a valid rule.
#0 /var/www/app/system/Validation/Validation.php(285): CodeIgniter\Validation\Exceptions\ValidationException::forRuleNotFound('_validate_peser...')
#1 /var/www/app/system/Validation/Validation.php(151): CodeIgniter\Validation\Validation->processRules('peserta_test', 'peserta_test', NULL, Array, Array)
#2 /var/www/app/app/Libraries/GroceryCrud.php(737): CodeIgniter\Validation\Validation->run(Array)
#3 /var/www/app/app/Libraries/GroceryCrud.php(4612): App\Libraries\grocery_CRUD_Model_Driver->db_insert_validation()
#4 /var/www/app/app/Controllers/Management.php(593): App\Libraries\GroceryCrud->render()
#5 /var/www/app/system/CodeIgniter.php(802): App\Controllers\Management->daytest('insert_validati...')
#6 /var/www/app/system/CodeIgniter.php(399): CodeIgniter\CodeIgniter->runController(Object(App\Controllers\Management))
#7 /var/www/app/system/CodeIgniter.php(317): CodeIgniter\CodeIgniter->handleRequest(NULL, Object(Config\Cache), false)
#8 /var/www/app/public/index.php(37): CodeIgniter\CodeIgniter->run()
#9 {main}
